===2019-12-28 12:06:18.327 ERROR org.eclipse.paho.client.mqttv3.internal.ClientState Line:210 - server_java_a3bnJ: Timed out as no write activity, keepAlive=2,000 lastOutboundActivity=1,577,503,847,226 lastInboundActivity=1,577,503,847,285 time=1,577,505,978,009 lastPing=1,577,503,847,226
===2019-12-28 12:06:18.459 ERROR org.springframework.integration.mqtt.inbound.MqttPahoMessageDrivenChannelAdapter Line:322 - Lost connection: Timed out while waiting to write messages to the server; retrying...
===2019-12-28 13:39:15.011 ERROR org.eclipse.paho.client.mqttv3.internal.ClientState Line:210 - server_java_a3bnJ: Timed out as no write activity, keepAlive=2,000 lastOutboundActivity=1,577,506,024,583 lastInboundActivity=1,577,506,024,632 time=1,577,511,555,007 lastPing=1,577,506,024,583
===2019-12-28 13:39:15.019 ERROR org.springframework.integration.mqtt.inbound.MqttPahoMessageDrivenChannelAdapter Line:322 - Lost connection: Timed out while waiting to write messages to the server; retrying...
===2019-12-28 15:26:25.226 ERROR org.eclipse.paho.client.mqttv3.internal.ClientState Line:210 - server_java_a3bnJ: Timed out as no activity, keepAlive=2,000 lastOutboundActivity=1,577,517,983,224 lastInboundActivity=1,577,517,981,223 time=1,577,517,985,225 lastPing=1,577,517,983,224
===2019-12-28 15:26:25.290 ERROR org.springframework.integration.mqtt.inbound.MqttPahoMessageDrivenChannelAdapter Line:322 - Lost connection: 等待来自服务器的响应时超时; retrying...
===2019-12-28 16:27:25.345 ERROR org.eclipse.paho.client.mqttv3.internal.ClientState Line:210 - server_java_a3bnJ: Timed out as no activity, keepAlive=2,000 lastOutboundActivity=1,577,521,643,343 lastInboundActivity=1,577,521,641,341 time=1,577,521,645,344 lastPing=1,577,521,643,343
===2019-12-28 16:27:25.367 ERROR org.springframework.integration.mqtt.inbound.MqttPahoMessageDrivenChannelAdapter Line:322 - Lost connection: 等待来自服务器的响应时超时; retrying...
===2019-12-28 16:50:40.666 ERROR org.apache.catalina.core.StandardService Line:182 - Failed to start connector [Connector[HTTP/1.1-8080]]
org.apache.catalina.LifecycleException: Failed to start component [Connector[HTTP/1.1-8080]]
	at org.apache.catalina.util.LifecycleBase.start(LifecycleBase.java:167)
	at org.apache.catalina.core.StandardService.addConnector(StandardService.java:225)
	at org.springframework.boot.context.embedded.tomcat.TomcatEmbeddedServletContainer.addPreviouslyRemovedConnectors(TomcatEmbeddedServletContainer.java:250)
	at org.springframework.boot.context.embedded.tomcat.TomcatEmbeddedServletContainer.start(TomcatEmbeddedServletContainer.java:193)
	at org.springframework.boot.context.embedded.EmbeddedWebApplicationContext.startEmbeddedServletContainer(EmbeddedWebApplicationContext.java:297)
	at org.springframework.boot.context.embedded.EmbeddedWebApplicationContext.finishRefresh(EmbeddedWebApplicationContext.java:145)
	at org.springframework.context.support.AbstractApplicationContext.refresh(AbstractApplicationContext.java:546)
	at org.springframework.boot.context.embedded.EmbeddedWebApplicationContext.refresh(EmbeddedWebApplicationContext.java:122)
	at org.springframework.boot.SpringApplication.refresh(SpringApplication.java:693)
	at org.springframework.boot.SpringApplication.refreshContext(SpringApplication.java:360)
	at org.springframework.boot.SpringApplication.run(SpringApplication.java:303)
	at org.springframework.boot.SpringApplication.run(SpringApplication.java:1118)
	at org.springframework.boot.SpringApplication.run(SpringApplication.java:1107)
	at MqttApplication.main(MqttApplication.java:14)
	at sun.reflect.NativeMethodAccessorImpl.invoke0(Native Method)
	at sun.reflect.NativeMethodAccessorImpl.invoke(NativeMethodAccessorImpl.java:62)
	at sun.reflect.DelegatingMethodAccessorImpl.invoke(DelegatingMethodAccessorImpl.java:43)
	at java.lang.reflect.Method.invoke(Method.java:498)
	at org.springframework.boot.devtools.restart.RestartLauncher.run(RestartLauncher.java:49)
Caused by: org.apache.catalina.LifecycleException: Protocol handler start failed
	at org.apache.catalina.connector.Connector.startInternal(Connector.java:1021)
	at org.apache.catalina.util.LifecycleBase.start(LifecycleBase.java:150)
	... 18 common frames omitted
Caused by: java.net.BindException: Address already in use
	at sun.nio.ch.Net.bind0(Native Method)
	at sun.nio.ch.Net.bind(Net.java:433)
	at sun.nio.ch.Net.bind(Net.java:425)
	at sun.nio.ch.ServerSocketChannelImpl.bind(ServerSocketChannelImpl.java:223)
	at sun.nio.ch.ServerSocketAdaptor.bind(ServerSocketAdaptor.java:74)
	at org.apache.tomcat.util.net.NioEndpoint.bind(NioEndpoint.java:210)
	at org.apache.tomcat.util.net.AbstractEndpoint.start(AbstractEndpoint.java:1150)
	at org.apache.coyote.AbstractProtocol.start(AbstractProtocol.java:591)
	at org.apache.catalina.connector.Connector.startInternal(Connector.java:1018)
	... 19 common frames omitted
===2019-12-28 16:50:40.721 ERROR org.springframework.boot.diagnostics.LoggingFailureAnalysisReporter Line:42  - 

***************************
APPLICATION FAILED TO START
***************************

Description:

The Tomcat connector configured to listen on port 8080 failed to start. The port may already be in use or the connector may be misconfigured.

Action:

Verify the connector's configuration, identify and stop any process that's listening on port 8080, or configure this application to listen on another port.

===2019-12-28 16:53:50.958 ERROR WebExceptionHandler Line:17  -
### Error querying database.  Cause: com.mysql.jdbc.exceptions.jdbc4.MySQLSyntaxErrorException: Unknown column 'created_at' in 'field list'
### The error may exist in com/czmz/mqtt/identity/repository/IdentityRecordMapper.java (best guess)
### The error may involve defaultParameterMap
### The error occurred while setting parameters
### SQL: SELECT  id,created_at,identity,is_del,updated_at  FROM identity_record     WHERE (is_del = ?)
### Cause: com.mysql.jdbc.exceptions.jdbc4.MySQLSyntaxErrorException: Unknown column 'created_at' in 'field list'
; bad SQL grammar []; nested exception is com.mysql.jdbc.exceptions.jdbc4.MySQLSyntaxErrorException: Unknown column 'created_at' in 'field list'
===2019-12-28 22:18:43.076 ERROR org.eclipse.paho.client.mqttv3.internal.ClientState Line:210 - server_java_C5v4f: Timed out as no write activity, keepAlive=2,000 lastOutboundActivity=1,577,525,629,140 lastInboundActivity=1,577,525,629,143 time=1,577,542,723,022 lastPing=1,577,525,629,140
===2019-12-28 22:18:43.228 ERROR org.springframework.integration.mqtt.inbound.MqttPahoMessageDrivenChannelAdapter Line:322 - Lost connection: Timed out while waiting to write messages to the server; retrying...
===2019-12-28 22:18:58.761 ERROR org.springframework.integration.mqtt.inbound.MqttPahoMessageDrivenChannelAdapter Line:263 - Error connecting or subscribing to [/RTP1]
org.eclipse.paho.client.mqttv3.MqttException: 等待来自服务器的响应时超时
	at org.eclipse.paho.client.mqttv3.internal.Token.waitForCompletion(Token.java:112)
	at org.eclipse.paho.client.mqttv3.MqttToken.waitForCompletion(MqttToken.java:67)
	at org.eclipse.paho.client.mqttv3.MqttClient.connect(MqttClient.java:238)
	at org.springframework.integration.mqtt.inbound.MqttPahoMessageDrivenChannelAdapter.connectAndSubscribe(MqttPahoMessageDrivenChannelAdapter.java:244)
	at org.springframework.integration.mqtt.inbound.MqttPahoMessageDrivenChannelAdapter.access$300(MqttPahoMessageDrivenChannelAdapter.java:51)
	at org.springframework.integration.mqtt.inbound.MqttPahoMessageDrivenChannelAdapter$1.run(MqttPahoMessageDrivenChannelAdapter.java:301)
	at org.springframework.scheduling.support.DelegatingErrorHandlingRunnable.run(DelegatingErrorHandlingRunnable.java:54)
	at java.util.concurrent.Executors$RunnableAdapter.call(Executors.java:511)
	at java.util.concurrent.FutureTask.run$$$capture(FutureTask.java:266)
	at java.util.concurrent.FutureTask.run(FutureTask.java)
	at java.util.concurrent.ScheduledThreadPoolExecutor$ScheduledFutureTask.access$201(ScheduledThreadPoolExecutor.java:180)
	at java.util.concurrent.ScheduledThreadPoolExecutor$ScheduledFutureTask.run(ScheduledThreadPoolExecutor.java:293)
	at java.util.concurrent.ThreadPoolExecutor.runWorker(ThreadPoolExecutor.java:1149)
	at java.util.concurrent.ThreadPoolExecutor$Worker.run(ThreadPoolExecutor.java:624)
	at java.lang.Thread.run(Thread.java:748)
===2019-12-28 22:19:33.773 ERROR org.springframework.integration.mqtt.inbound.MqttPahoMessageDrivenChannelAdapter Line:307 - Exception while connecting and subscribing
org.eclipse.paho.client.mqttv3.MqttException: 等待来自服务器的响应时超时
	at org.eclipse.paho.client.mqttv3.internal.Token.waitForCompletion(Token.java:112)
	at org.eclipse.paho.client.mqttv3.MqttToken.waitForCompletion(MqttToken.java:67)
	at org.eclipse.paho.client.mqttv3.MqttClient.connect(MqttClient.java:238)
	at org.springframework.integration.mqtt.inbound.MqttPahoMessageDrivenChannelAdapter.connectAndSubscribe(MqttPahoMessageDrivenChannelAdapter.java:244)
	at org.springframework.integration.mqtt.inbound.MqttPahoMessageDrivenChannelAdapter.access$300(MqttPahoMessageDrivenChannelAdapter.java:51)
	at org.springframework.integration.mqtt.inbound.MqttPahoMessageDrivenChannelAdapter$1.run(MqttPahoMessageDrivenChannelAdapter.java:301)
	at org.springframework.scheduling.support.DelegatingErrorHandlingRunnable.run(DelegatingErrorHandlingRunnable.java:54)
	at java.util.concurrent.Executors$RunnableAdapter.call(Executors.java:511)
	at java.util.concurrent.FutureTask.run$$$capture(FutureTask.java:266)
	at java.util.concurrent.FutureTask.run(FutureTask.java)
	at java.util.concurrent.ScheduledThreadPoolExecutor$ScheduledFutureTask.access$201(ScheduledThreadPoolExecutor.java:180)
	at java.util.concurrent.ScheduledThreadPoolExecutor$ScheduledFutureTask.run(ScheduledThreadPoolExecutor.java:293)
	at java.util.concurrent.ThreadPoolExecutor.runWorker(ThreadPoolExecutor.java:1149)
	at java.util.concurrent.ThreadPoolExecutor$Worker.run(ThreadPoolExecutor.java:624)
	at java.lang.Thread.run(Thread.java:748)
===2019-12-28 22:19:48.779 ERROR org.springframework.integration.mqtt.inbound.MqttPahoMessageDrivenChannelAdapter Line:263 - Error connecting or subscribing to [/RTP1]
org.eclipse.paho.client.mqttv3.MqttException: 等待来自服务器的响应时超时
	at org.eclipse.paho.client.mqttv3.internal.Token.waitForCompletion(Token.java:112)
	at org.eclipse.paho.client.mqttv3.MqttToken.waitForCompletion(MqttToken.java:67)
	at org.eclipse.paho.client.mqttv3.MqttClient.connect(MqttClient.java:238)
	at org.springframework.integration.mqtt.inbound.MqttPahoMessageDrivenChannelAdapter.connectAndSubscribe(MqttPahoMessageDrivenChannelAdapter.java:244)
	at org.springframework.integration.mqtt.inbound.MqttPahoMessageDrivenChannelAdapter.access$300(MqttPahoMessageDrivenChannelAdapter.java:51)
	at org.springframework.integration.mqtt.inbound.MqttPahoMessageDrivenChannelAdapter$1.run(MqttPahoMessageDrivenChannelAdapter.java:301)
	at org.springframework.scheduling.support.DelegatingErrorHandlingRunnable.run(DelegatingErrorHandlingRunnable.java:54)
	at java.util.concurrent.Executors$RunnableAdapter.call(Executors.java:511)
	at java.util.concurrent.FutureTask.run$$$capture(FutureTask.java:266)
	at java.util.concurrent.FutureTask.run(FutureTask.java)
	at java.util.concurrent.ScheduledThreadPoolExecutor$ScheduledFutureTask.access$201(ScheduledThreadPoolExecutor.java:180)
	at java.util.concurrent.ScheduledThreadPoolExecutor$ScheduledFutureTask.run(ScheduledThreadPoolExecutor.java:293)
	at java.util.concurrent.ThreadPoolExecutor.runWorker(ThreadPoolExecutor.java:1149)
	at java.util.concurrent.ThreadPoolExecutor$Worker.run(ThreadPoolExecutor.java:624)
	at java.lang.Thread.run(Thread.java:748)
===2019-12-28 22:20:23.787 ERROR org.springframework.integration.mqtt.inbound.MqttPahoMessageDrivenChannelAdapter Line:307 - Exception while connecting and subscribing
org.eclipse.paho.client.mqttv3.MqttException: 等待来自服务器的响应时超时
	at org.eclipse.paho.client.mqttv3.internal.Token.waitForCompletion(Token.java:112)
	at org.eclipse.paho.client.mqttv3.MqttToken.waitForCompletion(MqttToken.java:67)
	at org.eclipse.paho.client.mqttv3.MqttClient.connect(MqttClient.java:238)
	at org.springframework.integration.mqtt.inbound.MqttPahoMessageDrivenChannelAdapter.connectAndSubscribe(MqttPahoMessageDrivenChannelAdapter.java:244)
	at org.springframework.integration.mqtt.inbound.MqttPahoMessageDrivenChannelAdapter.access$300(MqttPahoMessageDrivenChannelAdapter.java:51)
	at org.springframework.integration.mqtt.inbound.MqttPahoMessageDrivenChannelAdapter$1.run(MqttPahoMessageDrivenChannelAdapter.java:301)
	at org.springframework.scheduling.support.DelegatingErrorHandlingRunnable.run(DelegatingErrorHandlingRunnable.java:54)
	at java.util.concurrent.Executors$RunnableAdapter.call(Executors.java:511)
	at java.util.concurrent.FutureTask.run$$$capture(FutureTask.java:266)
	at java.util.concurrent.FutureTask.run(FutureTask.java)
	at java.util.concurrent.ScheduledThreadPoolExecutor$ScheduledFutureTask.access$201(ScheduledThreadPoolExecutor.java:180)
	at java.util.concurrent.ScheduledThreadPoolExecutor$ScheduledFutureTask.run(ScheduledThreadPoolExecutor.java:293)
	at java.util.concurrent.ThreadPoolExecutor.runWorker(ThreadPoolExecutor.java:1149)
	at java.util.concurrent.ThreadPoolExecutor$Worker.run(ThreadPoolExecutor.java:624)
	at java.lang.Thread.run(Thread.java:748)
===2019-12-28 22:20:38.799 ERROR org.springframework.integration.mqtt.inbound.MqttPahoMessageDrivenChannelAdapter Line:263 - Error connecting or subscribing to [/RTP1]
org.eclipse.paho.client.mqttv3.MqttException: 等待来自服务器的响应时超时
	at org.eclipse.paho.client.mqttv3.internal.Token.waitForCompletion(Token.java:112)
	at org.eclipse.paho.client.mqttv3.MqttToken.waitForCompletion(MqttToken.java:67)
	at org.eclipse.paho.client.mqttv3.MqttClient.connect(MqttClient.java:238)
	at org.springframework.integration.mqtt.inbound.MqttPahoMessageDrivenChannelAdapter.connectAndSubscribe(MqttPahoMessageDrivenChannelAdapter.java:244)
	at org.springframework.integration.mqtt.inbound.MqttPahoMessageDrivenChannelAdapter.access$300(MqttPahoMessageDrivenChannelAdapter.java:51)
	at org.springframework.integration.mqtt.inbound.MqttPahoMessageDrivenChannelAdapter$1.run(MqttPahoMessageDrivenChannelAdapter.java:301)
	at org.springframework.scheduling.support.DelegatingErrorHandlingRunnable.run(DelegatingErrorHandlingRunnable.java:54)
	at java.util.concurrent.Executors$RunnableAdapter.call(Executors.java:511)
	at java.util.concurrent.FutureTask.run$$$capture(FutureTask.java:266)
	at java.util.concurrent.FutureTask.run(FutureTask.java)
	at java.util.concurrent.ScheduledThreadPoolExecutor$ScheduledFutureTask.access$201(ScheduledThreadPoolExecutor.java:180)
	at java.util.concurrent.ScheduledThreadPoolExecutor$ScheduledFutureTask.run(ScheduledThreadPoolExecutor.java:293)
	at java.util.concurrent.ThreadPoolExecutor.runWorker(ThreadPoolExecutor.java:1149)
	at java.util.concurrent.ThreadPoolExecutor$Worker.run(ThreadPoolExecutor.java:624)
	at java.lang.Thread.run(Thread.java:748)
===2019-12-28 22:21:13.812 ERROR org.springframework.integration.mqtt.inbound.MqttPahoMessageDrivenChannelAdapter Line:307 - Exception while connecting and subscribing
org.eclipse.paho.client.mqttv3.MqttException: 等待来自服务器的响应时超时
	at org.eclipse.paho.client.mqttv3.internal.Token.waitForCompletion(Token.java:112)
	at org.eclipse.paho.client.mqttv3.MqttToken.waitForCompletion(MqttToken.java:67)
	at org.eclipse.paho.client.mqttv3.MqttClient.connect(MqttClient.java:238)
	at org.springframework.integration.mqtt.inbound.MqttPahoMessageDrivenChannelAdapter.connectAndSubscribe(MqttPahoMessageDrivenChannelAdapter.java:244)
	at org.springframework.integration.mqtt.inbound.MqttPahoMessageDrivenChannelAdapter.access$300(MqttPahoMessageDrivenChannelAdapter.java:51)
	at org.springframework.integration.mqtt.inbound.MqttPahoMessageDrivenChannelAdapter$1.run(MqttPahoMessageDrivenChannelAdapter.java:301)
	at org.springframework.scheduling.support.DelegatingErrorHandlingRunnable.run(DelegatingErrorHandlingRunnable.java:54)
	at java.util.concurrent.Executors$RunnableAdapter.call(Executors.java:511)
	at java.util.concurrent.FutureTask.run$$$capture(FutureTask.java:266)
	at java.util.concurrent.FutureTask.run(FutureTask.java)
	at java.util.concurrent.ScheduledThreadPoolExecutor$ScheduledFutureTask.access$201(ScheduledThreadPoolExecutor.java:180)
	at java.util.concurrent.ScheduledThreadPoolExecutor$ScheduledFutureTask.run(ScheduledThreadPoolExecutor.java:293)
	at java.util.concurrent.ThreadPoolExecutor.runWorker(ThreadPoolExecutor.java:1149)
	at java.util.concurrent.ThreadPoolExecutor$Worker.run(ThreadPoolExecutor.java:624)
	at java.lang.Thread.run(Thread.java:748)
===2019-12-28 22:21:28.820 ERROR org.springframework.integration.mqtt.inbound.MqttPahoMessageDrivenChannelAdapter Line:263 - Error connecting or subscribing to [/RTP1]
org.eclipse.paho.client.mqttv3.MqttException: 等待来自服务器的响应时超时
	at org.eclipse.paho.client.mqttv3.internal.Token.waitForCompletion(Token.java:112)
	at org.eclipse.paho.client.mqttv3.MqttToken.waitForCompletion(MqttToken.java:67)
	at org.eclipse.paho.client.mqttv3.MqttClient.connect(MqttClient.java:238)
	at org.springframework.integration.mqtt.inbound.MqttPahoMessageDrivenChannelAdapter.connectAndSubscribe(MqttPahoMessageDrivenChannelAdapter.java:244)
	at org.springframework.integration.mqtt.inbound.MqttPahoMessageDrivenChannelAdapter.access$300(MqttPahoMessageDrivenChannelAdapter.java:51)
	at org.springframework.integration.mqtt.inbound.MqttPahoMessageDrivenChannelAdapter$1.run(MqttPahoMessageDrivenChannelAdapter.java:301)
	at org.springframework.scheduling.support.DelegatingErrorHandlingRunnable.run(DelegatingErrorHandlingRunnable.java:54)
	at java.util.concurrent.Executors$RunnableAdapter.call(Executors.java:511)
	at java.util.concurrent.FutureTask.run$$$capture(FutureTask.java:266)
	at java.util.concurrent.FutureTask.run(FutureTask.java)
	at java.util.concurrent.ScheduledThreadPoolExecutor$ScheduledFutureTask.access$201(ScheduledThreadPoolExecutor.java:180)
	at java.util.concurrent.ScheduledThreadPoolExecutor$ScheduledFutureTask.run(ScheduledThreadPoolExecutor.java:293)
	at java.util.concurrent.ThreadPoolExecutor.runWorker(ThreadPoolExecutor.java:1149)
	at java.util.concurrent.ThreadPoolExecutor$Worker.run(ThreadPoolExecutor.java:624)
	at java.lang.Thread.run(Thread.java:748)
===2019-12-28 22:22:03.832 ERROR org.springframework.integration.mqtt.inbound.MqttPahoMessageDrivenChannelAdapter Line:307 - Exception while connecting and subscribing
org.eclipse.paho.client.mqttv3.MqttException: 等待来自服务器的响应时超时
	at org.eclipse.paho.client.mqttv3.internal.Token.waitForCompletion(Token.java:112)
	at org.eclipse.paho.client.mqttv3.MqttToken.waitForCompletion(MqttToken.java:67)
	at org.eclipse.paho.client.mqttv3.MqttClient.connect(MqttClient.java:238)
	at org.springframework.integration.mqtt.inbound.MqttPahoMessageDrivenChannelAdapter.connectAndSubscribe(MqttPahoMessageDrivenChannelAdapter.java:244)
	at org.springframework.integration.mqtt.inbound.MqttPahoMessageDrivenChannelAdapter.access$300(MqttPahoMessageDrivenChannelAdapter.java:51)
	at org.springframework.integration.mqtt.inbound.MqttPahoMessageDrivenChannelAdapter$1.run(MqttPahoMessageDrivenChannelAdapter.java:301)
	at org.springframework.scheduling.support.DelegatingErrorHandlingRunnable.run(DelegatingErrorHandlingRunnable.java:54)
	at java.util.concurrent.Executors$RunnableAdapter.call(Executors.java:511)
	at java.util.concurrent.FutureTask.run$$$capture(FutureTask.java:266)
	at java.util.concurrent.FutureTask.run(FutureTask.java)
	at java.util.concurrent.ScheduledThreadPoolExecutor$ScheduledFutureTask.access$201(ScheduledThreadPoolExecutor.java:180)
	at java.util.concurrent.ScheduledThreadPoolExecutor$ScheduledFutureTask.run(ScheduledThreadPoolExecutor.java:293)
	at java.util.concurrent.ThreadPoolExecutor.runWorker(ThreadPoolExecutor.java:1149)
	at java.util.concurrent.ThreadPoolExecutor$Worker.run(ThreadPoolExecutor.java:624)
	at java.lang.Thread.run(Thread.java:748)
===2019-12-28 22:22:18.841 ERROR org.springframework.integration.mqtt.inbound.MqttPahoMessageDrivenChannelAdapter Line:263 - Error connecting or subscribing to [/RTP1]
org.eclipse.paho.client.mqttv3.MqttException: 等待来自服务器的响应时超时
	at org.eclipse.paho.client.mqttv3.internal.Token.waitForCompletion(Token.java:112)
	at org.eclipse.paho.client.mqttv3.MqttToken.waitForCompletion(MqttToken.java:67)
	at org.eclipse.paho.client.mqttv3.MqttClient.connect(MqttClient.java:238)
	at org.springframework.integration.mqtt.inbound.MqttPahoMessageDrivenChannelAdapter.connectAndSubscribe(MqttPahoMessageDrivenChannelAdapter.java:244)
	at org.springframework.integration.mqtt.inbound.MqttPahoMessageDrivenChannelAdapter.access$300(MqttPahoMessageDrivenChannelAdapter.java:51)
	at org.springframework.integration.mqtt.inbound.MqttPahoMessageDrivenChannelAdapter$1.run(MqttPahoMessageDrivenChannelAdapter.java:301)
	at org.springframework.scheduling.support.DelegatingErrorHandlingRunnable.run(DelegatingErrorHandlingRunnable.java:54)
	at java.util.concurrent.Executors$RunnableAdapter.call(Executors.java:511)
	at java.util.concurrent.FutureTask.run$$$capture(FutureTask.java:266)
	at java.util.concurrent.FutureTask.run(FutureTask.java)
	at java.util.concurrent.ScheduledThreadPoolExecutor$ScheduledFutureTask.access$201(ScheduledThreadPoolExecutor.java:180)
	at java.util.concurrent.ScheduledThreadPoolExecutor$ScheduledFutureTask.run(ScheduledThreadPoolExecutor.java:293)
	at java.util.concurrent.ThreadPoolExecutor.runWorker(ThreadPoolExecutor.java:1149)
	at java.util.concurrent.ThreadPoolExecutor$Worker.run(ThreadPoolExecutor.java:624)
	at java.lang.Thread.run(Thread.java:748)
===2019-12-28 22:22:53.849 ERROR org.springframework.integration.mqtt.inbound.MqttPahoMessageDrivenChannelAdapter Line:307 - Exception while connecting and subscribing
org.eclipse.paho.client.mqttv3.MqttException: 等待来自服务器的响应时超时
	at org.eclipse.paho.client.mqttv3.internal.Token.waitForCompletion(Token.java:112)
	at org.eclipse.paho.client.mqttv3.MqttToken.waitForCompletion(MqttToken.java:67)
	at org.eclipse.paho.client.mqttv3.MqttClient.connect(MqttClient.java:238)
	at org.springframework.integration.mqtt.inbound.MqttPahoMessageDrivenChannelAdapter.connectAndSubscribe(MqttPahoMessageDrivenChannelAdapter.java:244)
	at org.springframework.integration.mqtt.inbound.MqttPahoMessageDrivenChannelAdapter.access$300(MqttPahoMessageDrivenChannelAdapter.java:51)
	at org.springframework.integration.mqtt.inbound.MqttPahoMessageDrivenChannelAdapter$1.run(MqttPahoMessageDrivenChannelAdapter.java:301)
	at org.springframework.scheduling.support.DelegatingErrorHandlingRunnable.run(DelegatingErrorHandlingRunnable.java:54)
	at java.util.concurrent.Executors$RunnableAdapter.call(Executors.java:511)
	at java.util.concurrent.FutureTask.run$$$capture(FutureTask.java:266)
	at java.util.concurrent.FutureTask.run(FutureTask.java)
	at java.util.concurrent.ScheduledThreadPoolExecutor$ScheduledFutureTask.access$201(ScheduledThreadPoolExecutor.java:180)
	at java.util.concurrent.ScheduledThreadPoolExecutor$ScheduledFutureTask.run(ScheduledThreadPoolExecutor.java:293)
	at java.util.concurrent.ThreadPoolExecutor.runWorker(ThreadPoolExecutor.java:1149)
	at java.util.concurrent.ThreadPoolExecutor$Worker.run(ThreadPoolExecutor.java:624)
	at java.lang.Thread.run(Thread.java:748)
===2019-12-28 22:23:08.889 ERROR org.springframework.integration.mqtt.inbound.MqttPahoMessageDrivenChannelAdapter Line:263 - Error connecting or subscribing to [/RTP1]
org.eclipse.paho.client.mqttv3.MqttException: 等待来自服务器的响应时超时
	at org.eclipse.paho.client.mqttv3.internal.Token.waitForCompletion(Token.java:112)
	at org.eclipse.paho.client.mqttv3.MqttToken.waitForCompletion(MqttToken.java:67)
	at org.eclipse.paho.client.mqttv3.MqttClient.connect(MqttClient.java:238)
	at org.springframework.integration.mqtt.inbound.MqttPahoMessageDrivenChannelAdapter.connectAndSubscribe(MqttPahoMessageDrivenChannelAdapter.java:244)
	at org.springframework.integration.mqtt.inbound.MqttPahoMessageDrivenChannelAdapter.access$300(MqttPahoMessageDrivenChannelAdapter.java:51)
	at org.springframework.integration.mqtt.inbound.MqttPahoMessageDrivenChannelAdapter$1.run(MqttPahoMessageDrivenChannelAdapter.java:301)
	at org.springframework.scheduling.support.DelegatingErrorHandlingRunnable.run(DelegatingErrorHandlingRunnable.java:54)
	at java.util.concurrent.Executors$RunnableAdapter.call(Executors.java:511)
	at java.util.concurrent.FutureTask.run$$$capture(FutureTask.java:266)
	at java.util.concurrent.FutureTask.run(FutureTask.java)
	at java.util.concurrent.ScheduledThreadPoolExecutor$ScheduledFutureTask.access$201(ScheduledThreadPoolExecutor.java:180)
	at java.util.concurrent.ScheduledThreadPoolExecutor$ScheduledFutureTask.run(ScheduledThreadPoolExecutor.java:293)
	at java.util.concurrent.ThreadPoolExecutor.runWorker(ThreadPoolExecutor.java:1149)
	at java.util.concurrent.ThreadPoolExecutor$Worker.run(ThreadPoolExecutor.java:624)
	at java.lang.Thread.run(Thread.java:748)
===2019-12-28 22:23:43.901 ERROR org.springframework.integration.mqtt.inbound.MqttPahoMessageDrivenChannelAdapter Line:307 - Exception while connecting and subscribing
org.eclipse.paho.client.mqttv3.MqttException: 等待来自服务器的响应时超时
	at org.eclipse.paho.client.mqttv3.internal.Token.waitForCompletion(Token.java:112)
	at org.eclipse.paho.client.mqttv3.MqttToken.waitForCompletion(MqttToken.java:67)
	at org.eclipse.paho.client.mqttv3.MqttClient.connect(MqttClient.java:238)
	at org.springframework.integration.mqtt.inbound.MqttPahoMessageDrivenChannelAdapter.connectAndSubscribe(MqttPahoMessageDrivenChannelAdapter.java:244)
	at org.springframework.integration.mqtt.inbound.MqttPahoMessageDrivenChannelAdapter.access$300(MqttPahoMessageDrivenChannelAdapter.java:51)
	at org.springframework.integration.mqtt.inbound.MqttPahoMessageDrivenChannelAdapter$1.run(MqttPahoMessageDrivenChannelAdapter.java:301)
	at org.springframework.scheduling.support.DelegatingErrorHandlingRunnable.run(DelegatingErrorHandlingRunnable.java:54)
	at java.util.concurrent.Executors$RunnableAdapter.call(Executors.java:511)
	at java.util.concurrent.FutureTask.run$$$capture(FutureTask.java:266)
	at java.util.concurrent.FutureTask.run(FutureTask.java)
	at java.util.concurrent.ScheduledThreadPoolExecutor$ScheduledFutureTask.access$201(ScheduledThreadPoolExecutor.java:180)
	at java.util.concurrent.ScheduledThreadPoolExecutor$ScheduledFutureTask.run(ScheduledThreadPoolExecutor.java:293)
	at java.util.concurrent.ThreadPoolExecutor.runWorker(ThreadPoolExecutor.java:1149)
	at java.util.concurrent.ThreadPoolExecutor$Worker.run(ThreadPoolExecutor.java:624)
	at java.lang.Thread.run(Thread.java:748)
===2019-12-28 22:23:58.914 ERROR org.springframework.integration.mqtt.inbound.MqttPahoMessageDrivenChannelAdapter Line:263 - Error connecting or subscribing to [/RTP1]
org.eclipse.paho.client.mqttv3.MqttException: 等待来自服务器的响应时超时
	at org.eclipse.paho.client.mqttv3.internal.Token.waitForCompletion(Token.java:112)
	at org.eclipse.paho.client.mqttv3.MqttToken.waitForCompletion(MqttToken.java:67)
	at org.eclipse.paho.client.mqttv3.MqttClient.connect(MqttClient.java:238)
	at org.springframework.integration.mqtt.inbound.MqttPahoMessageDrivenChannelAdapter.connectAndSubscribe(MqttPahoMessageDrivenChannelAdapter.java:244)
	at org.springframework.integration.mqtt.inbound.MqttPahoMessageDrivenChannelAdapter.access$300(MqttPahoMessageDrivenChannelAdapter.java:51)
	at org.springframework.integration.mqtt.inbound.MqttPahoMessageDrivenChannelAdapter$1.run(MqttPahoMessageDrivenChannelAdapter.java:301)
	at org.springframework.scheduling.support.DelegatingErrorHandlingRunnable.run(DelegatingErrorHandlingRunnable.java:54)
	at java.util.concurrent.Executors$RunnableAdapter.call(Executors.java:511)
	at java.util.concurrent.FutureTask.run$$$capture(FutureTask.java:266)
	at java.util.concurrent.FutureTask.run(FutureTask.java)
	at java.util.concurrent.ScheduledThreadPoolExecutor$ScheduledFutureTask.access$201(ScheduledThreadPoolExecutor.java:180)
	at java.util.concurrent.ScheduledThreadPoolExecutor$ScheduledFutureTask.run(ScheduledThreadPoolExecutor.java:293)
	at java.util.concurrent.ThreadPoolExecutor.runWorker(ThreadPoolExecutor.java:1149)
	at java.util.concurrent.ThreadPoolExecutor$Worker.run(ThreadPoolExecutor.java:624)
	at java.lang.Thread.run(Thread.java:748)
===2019-12-28 22:24:33.925 ERROR org.springframework.integration.mqtt.inbound.MqttPahoMessageDrivenChannelAdapter Line:307 - Exception while connecting and subscribing
org.eclipse.paho.client.mqttv3.MqttException: 等待来自服务器的响应时超时
	at org.eclipse.paho.client.mqttv3.internal.Token.waitForCompletion(Token.java:112)
	at org.eclipse.paho.client.mqttv3.MqttToken.waitForCompletion(MqttToken.java:67)
	at org.eclipse.paho.client.mqttv3.MqttClient.connect(MqttClient.java:238)
	at org.springframework.integration.mqtt.inbound.MqttPahoMessageDrivenChannelAdapter.connectAndSubscribe(MqttPahoMessageDrivenChannelAdapter.java:244)
	at org.springframework.integration.mqtt.inbound.MqttPahoMessageDrivenChannelAdapter.access$300(MqttPahoMessageDrivenChannelAdapter.java:51)
	at org.springframework.integration.mqtt.inbound.MqttPahoMessageDrivenChannelAdapter$1.run(MqttPahoMessageDrivenChannelAdapter.java:301)
	at org.springframework.scheduling.support.DelegatingErrorHandlingRunnable.run(DelegatingErrorHandlingRunnable.java:54)
	at java.util.concurrent.Executors$RunnableAdapter.call(Executors.java:511)
	at java.util.concurrent.FutureTask.run$$$capture(FutureTask.java:266)
	at java.util.concurrent.FutureTask.run(FutureTask.java)
	at java.util.concurrent.ScheduledThreadPoolExecutor$ScheduledFutureTask.access$201(ScheduledThreadPoolExecutor.java:180)
	at java.util.concurrent.ScheduledThreadPoolExecutor$ScheduledFutureTask.run(ScheduledThreadPoolExecutor.java:293)
	at java.util.concurrent.ThreadPoolExecutor.runWorker(ThreadPoolExecutor.java:1149)
	at java.util.concurrent.ThreadPoolExecutor$Worker.run(ThreadPoolExecutor.java:624)
	at java.lang.Thread.run(Thread.java:748)
===2019-12-28 22:24:48.933 ERROR org.springframework.integration.mqtt.inbound.MqttPahoMessageDrivenChannelAdapter Line:263 - Error connecting or subscribing to [/RTP1]
org.eclipse.paho.client.mqttv3.MqttException: 等待来自服务器的响应时超时
	at org.eclipse.paho.client.mqttv3.internal.Token.waitForCompletion(Token.java:112)
	at org.eclipse.paho.client.mqttv3.MqttToken.waitForCompletion(MqttToken.java:67)
	at org.eclipse.paho.client.mqttv3.MqttClient.connect(MqttClient.java:238)
	at org.springframework.integration.mqtt.inbound.MqttPahoMessageDrivenChannelAdapter.connectAndSubscribe(MqttPahoMessageDrivenChannelAdapter.java:244)
	at org.springframework.integration.mqtt.inbound.MqttPahoMessageDrivenChannelAdapter.access$300(MqttPahoMessageDrivenChannelAdapter.java:51)
	at org.springframework.integration.mqtt.inbound.MqttPahoMessageDrivenChannelAdapter$1.run(MqttPahoMessageDrivenChannelAdapter.java:301)
	at org.springframework.scheduling.support.DelegatingErrorHandlingRunnable.run(DelegatingErrorHandlingRunnable.java:54)
	at java.util.concurrent.Executors$RunnableAdapter.call(Executors.java:511)
	at java.util.concurrent.FutureTask.run$$$capture(FutureTask.java:266)
	at java.util.concurrent.FutureTask.run(FutureTask.java)
	at java.util.concurrent.ScheduledThreadPoolExecutor$ScheduledFutureTask.access$201(ScheduledThreadPoolExecutor.java:180)
	at java.util.concurrent.ScheduledThreadPoolExecutor$ScheduledFutureTask.run(ScheduledThreadPoolExecutor.java:293)
	at java.util.concurrent.ThreadPoolExecutor.runWorker(ThreadPoolExecutor.java:1149)
	at java.util.concurrent.ThreadPoolExecutor$Worker.run(ThreadPoolExecutor.java:624)
	at java.lang.Thread.run(Thread.java:748)
===2019-12-28 22:25:23.944 ERROR org.springframework.integration.mqtt.inbound.MqttPahoMessageDrivenChannelAdapter Line:307 - Exception while connecting and subscribing
org.eclipse.paho.client.mqttv3.MqttException: 等待来自服务器的响应时超时
	at org.eclipse.paho.client.mqttv3.internal.Token.waitForCompletion(Token.java:112)
	at org.eclipse.paho.client.mqttv3.MqttToken.waitForCompletion(MqttToken.java:67)
	at org.eclipse.paho.client.mqttv3.MqttClient.connect(MqttClient.java:238)
	at org.springframework.integration.mqtt.inbound.MqttPahoMessageDrivenChannelAdapter.connectAndSubscribe(MqttPahoMessageDrivenChannelAdapter.java:244)
	at org.springframework.integration.mqtt.inbound.MqttPahoMessageDrivenChannelAdapter.access$300(MqttPahoMessageDrivenChannelAdapter.java:51)
	at org.springframework.integration.mqtt.inbound.MqttPahoMessageDrivenChannelAdapter$1.run(MqttPahoMessageDrivenChannelAdapter.java:301)
	at org.springframework.scheduling.support.DelegatingErrorHandlingRunnable.run(DelegatingErrorHandlingRunnable.java:54)
	at java.util.concurrent.Executors$RunnableAdapter.call(Executors.java:511)
	at java.util.concurrent.FutureTask.run$$$capture(FutureTask.java:266)
	at java.util.concurrent.FutureTask.run(FutureTask.java)
	at java.util.concurrent.ScheduledThreadPoolExecutor$ScheduledFutureTask.access$201(ScheduledThreadPoolExecutor.java:180)
	at java.util.concurrent.ScheduledThreadPoolExecutor$ScheduledFutureTask.run(ScheduledThreadPoolExecutor.java:293)
	at java.util.concurrent.ThreadPoolExecutor.runWorker(ThreadPoolExecutor.java:1149)
	at java.util.concurrent.ThreadPoolExecutor$Worker.run(ThreadPoolExecutor.java:624)
	at java.lang.Thread.run(Thread.java:748)
===2019-12-28 22:25:38.949 ERROR org.springframework.integration.mqtt.inbound.MqttPahoMessageDrivenChannelAdapter Line:263 - Error connecting or subscribing to [/RTP1]
org.eclipse.paho.client.mqttv3.MqttException: 等待来自服务器的响应时超时
	at org.eclipse.paho.client.mqttv3.internal.Token.waitForCompletion(Token.java:112)
	at org.eclipse.paho.client.mqttv3.MqttToken.waitForCompletion(MqttToken.java:67)
	at org.eclipse.paho.client.mqttv3.MqttClient.connect(MqttClient.java:238)
	at org.springframework.integration.mqtt.inbound.MqttPahoMessageDrivenChannelAdapter.connectAndSubscribe(MqttPahoMessageDrivenChannelAdapter.java:244)
	at org.springframework.integration.mqtt.inbound.MqttPahoMessageDrivenChannelAdapter.access$300(MqttPahoMessageDrivenChannelAdapter.java:51)
	at org.springframework.integration.mqtt.inbound.MqttPahoMessageDrivenChannelAdapter$1.run(MqttPahoMessageDrivenChannelAdapter.java:301)
	at org.springframework.scheduling.support.DelegatingErrorHandlingRunnable.run(DelegatingErrorHandlingRunnable.java:54)
	at java.util.concurrent.Executors$RunnableAdapter.call(Executors.java:511)
	at java.util.concurrent.FutureTask.run$$$capture(FutureTask.java:266)
	at java.util.concurrent.FutureTask.run(FutureTask.java)
	at java.util.concurrent.ScheduledThreadPoolExecutor$ScheduledFutureTask.access$201(ScheduledThreadPoolExecutor.java:180)
	at java.util.concurrent.ScheduledThreadPoolExecutor$ScheduledFutureTask.run(ScheduledThreadPoolExecutor.java:293)
	at java.util.concurrent.ThreadPoolExecutor.runWorker(ThreadPoolExecutor.java:1149)
	at java.util.concurrent.ThreadPoolExecutor$Worker.run(ThreadPoolExecutor.java:624)
	at java.lang.Thread.run(Thread.java:748)
===2019-12-28 22:26:13.959 ERROR org.springframework.integration.mqtt.inbound.MqttPahoMessageDrivenChannelAdapter Line:307 - Exception while connecting and subscribing
org.eclipse.paho.client.mqttv3.MqttException: 等待来自服务器的响应时超时
	at org.eclipse.paho.client.mqttv3.internal.Token.waitForCompletion(Token.java:112)
	at org.eclipse.paho.client.mqttv3.MqttToken.waitForCompletion(MqttToken.java:67)
	at org.eclipse.paho.client.mqttv3.MqttClient.connect(MqttClient.java:238)
	at org.springframework.integration.mqtt.inbound.MqttPahoMessageDrivenChannelAdapter.connectAndSubscribe(MqttPahoMessageDrivenChannelAdapter.java:244)
	at org.springframework.integration.mqtt.inbound.MqttPahoMessageDrivenChannelAdapter.access$300(MqttPahoMessageDrivenChannelAdapter.java:51)
	at org.springframework.integration.mqtt.inbound.MqttPahoMessageDrivenChannelAdapter$1.run(MqttPahoMessageDrivenChannelAdapter.java:301)
	at org.springframework.scheduling.support.DelegatingErrorHandlingRunnable.run(DelegatingErrorHandlingRunnable.java:54)
	at java.util.concurrent.Executors$RunnableAdapter.call(Executors.java:511)
	at java.util.concurrent.FutureTask.run$$$capture(FutureTask.java:266)
	at java.util.concurrent.FutureTask.run(FutureTask.java)
	at java.util.concurrent.ScheduledThreadPoolExecutor$ScheduledFutureTask.access$201(ScheduledThreadPoolExecutor.java:180)
	at java.util.concurrent.ScheduledThreadPoolExecutor$ScheduledFutureTask.run(ScheduledThreadPoolExecutor.java:293)
	at java.util.concurrent.ThreadPoolExecutor.runWorker(ThreadPoolExecutor.java:1149)
	at java.util.concurrent.ThreadPoolExecutor$Worker.run(ThreadPoolExecutor.java:624)
	at java.lang.Thread.run(Thread.java:748)
===2019-12-28 22:26:28.969 ERROR org.springframework.integration.mqtt.inbound.MqttPahoMessageDrivenChannelAdapter Line:263 - Error connecting or subscribing to [/RTP1]
org.eclipse.paho.client.mqttv3.MqttException: 等待来自服务器的响应时超时
	at org.eclipse.paho.client.mqttv3.internal.Token.waitForCompletion(Token.java:112)
	at org.eclipse.paho.client.mqttv3.MqttToken.waitForCompletion(MqttToken.java:67)
	at org.eclipse.paho.client.mqttv3.MqttClient.connect(MqttClient.java:238)
	at org.springframework.integration.mqtt.inbound.MqttPahoMessageDrivenChannelAdapter.connectAndSubscribe(MqttPahoMessageDrivenChannelAdapter.java:244)
	at org.springframework.integration.mqtt.inbound.MqttPahoMessageDrivenChannelAdapter.access$300(MqttPahoMessageDrivenChannelAdapter.java:51)
	at org.springframework.integration.mqtt.inbound.MqttPahoMessageDrivenChannelAdapter$1.run(MqttPahoMessageDrivenChannelAdapter.java:301)
	at org.springframework.scheduling.support.DelegatingErrorHandlingRunnable.run(DelegatingErrorHandlingRunnable.java:54)
	at java.util.concurrent.Executors$RunnableAdapter.call(Executors.java:511)
	at java.util.concurrent.FutureTask.run$$$capture(FutureTask.java:266)
	at java.util.concurrent.FutureTask.run(FutureTask.java)
	at java.util.concurrent.ScheduledThreadPoolExecutor$ScheduledFutureTask.access$201(ScheduledThreadPoolExecutor.java:180)
	at java.util.concurrent.ScheduledThreadPoolExecutor$ScheduledFutureTask.run(ScheduledThreadPoolExecutor.java:293)
	at java.util.concurrent.ThreadPoolExecutor.runWorker(ThreadPoolExecutor.java:1149)
	at java.util.concurrent.ThreadPoolExecutor$Worker.run(ThreadPoolExecutor.java:624)
	at java.lang.Thread.run(Thread.java:748)
===2019-12-28 22:27:03.978 ERROR org.springframework.integration.mqtt.inbound.MqttPahoMessageDrivenChannelAdapter Line:307 - Exception while connecting and subscribing
org.eclipse.paho.client.mqttv3.MqttException: 等待来自服务器的响应时超时
	at org.eclipse.paho.client.mqttv3.internal.Token.waitForCompletion(Token.java:112)
	at org.eclipse.paho.client.mqttv3.MqttToken.waitForCompletion(MqttToken.java:67)
	at org.eclipse.paho.client.mqttv3.MqttClient.connect(MqttClient.java:238)
	at org.springframework.integration.mqtt.inbound.MqttPahoMessageDrivenChannelAdapter.connectAndSubscribe(MqttPahoMessageDrivenChannelAdapter.java:244)
	at org.springframework.integration.mqtt.inbound.MqttPahoMessageDrivenChannelAdapter.access$300(MqttPahoMessageDrivenChannelAdapter.java:51)
	at org.springframework.integration.mqtt.inbound.MqttPahoMessageDrivenChannelAdapter$1.run(MqttPahoMessageDrivenChannelAdapter.java:301)
	at org.springframework.scheduling.support.DelegatingErrorHandlingRunnable.run(DelegatingErrorHandlingRunnable.java:54)
	at java.util.concurrent.Executors$RunnableAdapter.call(Executors.java:511)
	at java.util.concurrent.FutureTask.run$$$capture(FutureTask.java:266)
	at java.util.concurrent.FutureTask.run(FutureTask.java)
	at java.util.concurrent.ScheduledThreadPoolExecutor$ScheduledFutureTask.access$201(ScheduledThreadPoolExecutor.java:180)
	at java.util.concurrent.ScheduledThreadPoolExecutor$ScheduledFutureTask.run(ScheduledThreadPoolExecutor.java:293)
	at java.util.concurrent.ThreadPoolExecutor.runWorker(ThreadPoolExecutor.java:1149)
	at java.util.concurrent.ThreadPoolExecutor$Worker.run(ThreadPoolExecutor.java:624)
	at java.lang.Thread.run(Thread.java:748)
===2019-12-28 22:27:18.984 ERROR org.springframework.integration.mqtt.inbound.MqttPahoMessageDrivenChannelAdapter Line:263 - Error connecting or subscribing to [/RTP1]
org.eclipse.paho.client.mqttv3.MqttException: 等待来自服务器的响应时超时
	at org.eclipse.paho.client.mqttv3.internal.Token.waitForCompletion(Token.java:112)
	at org.eclipse.paho.client.mqttv3.MqttToken.waitForCompletion(MqttToken.java:67)
	at org.eclipse.paho.client.mqttv3.MqttClient.connect(MqttClient.java:238)
	at org.springframework.integration.mqtt.inbound.MqttPahoMessageDrivenChannelAdapter.connectAndSubscribe(MqttPahoMessageDrivenChannelAdapter.java:244)
	at org.springframework.integration.mqtt.inbound.MqttPahoMessageDrivenChannelAdapter.access$300(MqttPahoMessageDrivenChannelAdapter.java:51)
	at org.springframework.integration.mqtt.inbound.MqttPahoMessageDrivenChannelAdapter$1.run(MqttPahoMessageDrivenChannelAdapter.java:301)
	at org.springframework.scheduling.support.DelegatingErrorHandlingRunnable.run(DelegatingErrorHandlingRunnable.java:54)
	at java.util.concurrent.Executors$RunnableAdapter.call(Executors.java:511)
	at java.util.concurrent.FutureTask.run$$$capture(FutureTask.java:266)
	at java.util.concurrent.FutureTask.run(FutureTask.java)
	at java.util.concurrent.ScheduledThreadPoolExecutor$ScheduledFutureTask.access$201(ScheduledThreadPoolExecutor.java:180)
	at java.util.concurrent.ScheduledThreadPoolExecutor$ScheduledFutureTask.run(ScheduledThreadPoolExecutor.java:293)
	at java.util.concurrent.ThreadPoolExecutor.runWorker(ThreadPoolExecutor.java:1149)
	at java.util.concurrent.ThreadPoolExecutor$Worker.run(ThreadPoolExecutor.java:624)
	at java.lang.Thread.run(Thread.java:748)
===2019-12-28 22:27:53.994 ERROR org.springframework.integration.mqtt.inbound.MqttPahoMessageDrivenChannelAdapter Line:307 - Exception while connecting and subscribing
org.eclipse.paho.client.mqttv3.MqttException: 等待来自服务器的响应时超时
	at org.eclipse.paho.client.mqttv3.internal.Token.waitForCompletion(Token.java:112)
	at org.eclipse.paho.client.mqttv3.MqttToken.waitForCompletion(MqttToken.java:67)
	at org.eclipse.paho.client.mqttv3.MqttClient.connect(MqttClient.java:238)
	at org.springframework.integration.mqtt.inbound.MqttPahoMessageDrivenChannelAdapter.connectAndSubscribe(MqttPahoMessageDrivenChannelAdapter.java:244)
	at org.springframework.integration.mqtt.inbound.MqttPahoMessageDrivenChannelAdapter.access$300(MqttPahoMessageDrivenChannelAdapter.java:51)
	at org.springframework.integration.mqtt.inbound.MqttPahoMessageDrivenChannelAdapter$1.run(MqttPahoMessageDrivenChannelAdapter.java:301)
	at org.springframework.scheduling.support.DelegatingErrorHandlingRunnable.run(DelegatingErrorHandlingRunnable.java:54)
	at java.util.concurrent.Executors$RunnableAdapter.call(Executors.java:511)
	at java.util.concurrent.FutureTask.run$$$capture(FutureTask.java:266)
	at java.util.concurrent.FutureTask.run(FutureTask.java)
	at java.util.concurrent.ScheduledThreadPoolExecutor$ScheduledFutureTask.access$201(ScheduledThreadPoolExecutor.java:180)
	at java.util.concurrent.ScheduledThreadPoolExecutor$ScheduledFutureTask.run(ScheduledThreadPoolExecutor.java:293)
	at java.util.concurrent.ThreadPoolExecutor.runWorker(ThreadPoolExecutor.java:1149)
	at java.util.concurrent.ThreadPoolExecutor$Worker.run(ThreadPoolExecutor.java:624)
	at java.lang.Thread.run(Thread.java:748)
===2019-12-28 22:28:08.999 ERROR org.springframework.integration.mqtt.inbound.MqttPahoMessageDrivenChannelAdapter Line:263 - Error connecting or subscribing to [/RTP1]
org.eclipse.paho.client.mqttv3.MqttException: 等待来自服务器的响应时超时
	at org.eclipse.paho.client.mqttv3.internal.Token.waitForCompletion(Token.java:112)
	at org.eclipse.paho.client.mqttv3.MqttToken.waitForCompletion(MqttToken.java:67)
	at org.eclipse.paho.client.mqttv3.MqttClient.connect(MqttClient.java:238)
	at org.springframework.integration.mqtt.inbound.MqttPahoMessageDrivenChannelAdapter.connectAndSubscribe(MqttPahoMessageDrivenChannelAdapter.java:244)
	at org.springframework.integration.mqtt.inbound.MqttPahoMessageDrivenChannelAdapter.access$300(MqttPahoMessageDrivenChannelAdapter.java:51)
	at org.springframework.integration.mqtt.inbound.MqttPahoMessageDrivenChannelAdapter$1.run(MqttPahoMessageDrivenChannelAdapter.java:301)
	at org.springframework.scheduling.support.DelegatingErrorHandlingRunnable.run(DelegatingErrorHandlingRunnable.java:54)
	at java.util.concurrent.Executors$RunnableAdapter.call(Executors.java:511)
	at java.util.concurrent.FutureTask.run$$$capture(FutureTask.java:266)
	at java.util.concurrent.FutureTask.run(FutureTask.java)
	at java.util.concurrent.ScheduledThreadPoolExecutor$ScheduledFutureTask.access$201(ScheduledThreadPoolExecutor.java:180)
	at java.util.concurrent.ScheduledThreadPoolExecutor$ScheduledFutureTask.run(ScheduledThreadPoolExecutor.java:293)
	at java.util.concurrent.ThreadPoolExecutor.runWorker(ThreadPoolExecutor.java:1149)
	at java.util.concurrent.ThreadPoolExecutor$Worker.run(ThreadPoolExecutor.java:624)
	at java.lang.Thread.run(Thread.java:748)
===2019-12-28 22:28:44.008 ERROR org.springframework.integration.mqtt.inbound.MqttPahoMessageDrivenChannelAdapter Line:307 - Exception while connecting and subscribing
org.eclipse.paho.client.mqttv3.MqttException: 等待来自服务器的响应时超时
	at org.eclipse.paho.client.mqttv3.internal.Token.waitForCompletion(Token.java:112)
	at org.eclipse.paho.client.mqttv3.MqttToken.waitForCompletion(MqttToken.java:67)
	at org.eclipse.paho.client.mqttv3.MqttClient.connect(MqttClient.java:238)
	at org.springframework.integration.mqtt.inbound.MqttPahoMessageDrivenChannelAdapter.connectAndSubscribe(MqttPahoMessageDrivenChannelAdapter.java:244)
	at org.springframework.integration.mqtt.inbound.MqttPahoMessageDrivenChannelAdapter.access$300(MqttPahoMessageDrivenChannelAdapter.java:51)
	at org.springframework.integration.mqtt.inbound.MqttPahoMessageDrivenChannelAdapter$1.run(MqttPahoMessageDrivenChannelAdapter.java:301)
	at org.springframework.scheduling.support.DelegatingErrorHandlingRunnable.run(DelegatingErrorHandlingRunnable.java:54)
	at java.util.concurrent.Executors$RunnableAdapter.call(Executors.java:511)
	at java.util.concurrent.FutureTask.run$$$capture(FutureTask.java:266)
	at java.util.concurrent.FutureTask.run(FutureTask.java)
	at java.util.concurrent.ScheduledThreadPoolExecutor$ScheduledFutureTask.access$201(ScheduledThreadPoolExecutor.java:180)
	at java.util.concurrent.ScheduledThreadPoolExecutor$ScheduledFutureTask.run(ScheduledThreadPoolExecutor.java:293)
	at java.util.concurrent.ThreadPoolExecutor.runWorker(ThreadPoolExecutor.java:1149)
	at java.util.concurrent.ThreadPoolExecutor$Worker.run(ThreadPoolExecutor.java:624)
	at java.lang.Thread.run(Thread.java:748)
===2019-12-28 22:28:59.017 ERROR org.springframework.integration.mqtt.inbound.MqttPahoMessageDrivenChannelAdapter Line:263 - Error connecting or subscribing to [/RTP1]
org.eclipse.paho.client.mqttv3.MqttException: 等待来自服务器的响应时超时
	at org.eclipse.paho.client.mqttv3.internal.Token.waitForCompletion(Token.java:112)
	at org.eclipse.paho.client.mqttv3.MqttToken.waitForCompletion(MqttToken.java:67)
	at org.eclipse.paho.client.mqttv3.MqttClient.connect(MqttClient.java:238)
	at org.springframework.integration.mqtt.inbound.MqttPahoMessageDrivenChannelAdapter.connectAndSubscribe(MqttPahoMessageDrivenChannelAdapter.java:244)
	at org.springframework.integration.mqtt.inbound.MqttPahoMessageDrivenChannelAdapter.access$300(MqttPahoMessageDrivenChannelAdapter.java:51)
	at org.springframework.integration.mqtt.inbound.MqttPahoMessageDrivenChannelAdapter$1.run(MqttPahoMessageDrivenChannelAdapter.java:301)
	at org.springframework.scheduling.support.DelegatingErrorHandlingRunnable.run(DelegatingErrorHandlingRunnable.java:54)
	at java.util.concurrent.Executors$RunnableAdapter.call(Executors.java:511)
	at java.util.concurrent.FutureTask.run$$$capture(FutureTask.java:266)
	at java.util.concurrent.FutureTask.run(FutureTask.java)
	at java.util.concurrent.ScheduledThreadPoolExecutor$ScheduledFutureTask.access$201(ScheduledThreadPoolExecutor.java:180)
	at java.util.concurrent.ScheduledThreadPoolExecutor$ScheduledFutureTask.run(ScheduledThreadPoolExecutor.java:293)
	at java.util.concurrent.ThreadPoolExecutor.runWorker(ThreadPoolExecutor.java:1149)
	at java.util.concurrent.ThreadPoolExecutor$Worker.run(ThreadPoolExecutor.java:624)
	at java.lang.Thread.run(Thread.java:748)
===2019-12-28 22:29:34.024 ERROR org.springframework.integration.mqtt.inbound.MqttPahoMessageDrivenChannelAdapter Line:307 - Exception while connecting and subscribing
org.eclipse.paho.client.mqttv3.MqttException: 等待来自服务器的响应时超时
	at org.eclipse.paho.client.mqttv3.internal.Token.waitForCompletion(Token.java:112)
	at org.eclipse.paho.client.mqttv3.MqttToken.waitForCompletion(MqttToken.java:67)
	at org.eclipse.paho.client.mqttv3.MqttClient.connect(MqttClient.java:238)
	at org.springframework.integration.mqtt.inbound.MqttPahoMessageDrivenChannelAdapter.connectAndSubscribe(MqttPahoMessageDrivenChannelAdapter.java:244)
	at org.springframework.integration.mqtt.inbound.MqttPahoMessageDrivenChannelAdapter.access$300(MqttPahoMessageDrivenChannelAdapter.java:51)
	at org.springframework.integration.mqtt.inbound.MqttPahoMessageDrivenChannelAdapter$1.run(MqttPahoMessageDrivenChannelAdapter.java:301)
	at org.springframework.scheduling.support.DelegatingErrorHandlingRunnable.run(DelegatingErrorHandlingRunnable.java:54)
	at java.util.concurrent.Executors$RunnableAdapter.call(Executors.java:511)
	at java.util.concurrent.FutureTask.run$$$capture(FutureTask.java:266)
	at java.util.concurrent.FutureTask.run(FutureTask.java)
	at java.util.concurrent.ScheduledThreadPoolExecutor$ScheduledFutureTask.access$201(ScheduledThreadPoolExecutor.java:180)
	at java.util.concurrent.ScheduledThreadPoolExecutor$ScheduledFutureTask.run(ScheduledThreadPoolExecutor.java:293)
	at java.util.concurrent.ThreadPoolExecutor.runWorker(ThreadPoolExecutor.java:1149)
	at java.util.concurrent.ThreadPoolExecutor$Worker.run(ThreadPoolExecutor.java:624)
	at java.lang.Thread.run(Thread.java:748)
===2019-12-28 22:29:49.033 ERROR org.springframework.integration.mqtt.inbound.MqttPahoMessageDrivenChannelAdapter Line:263 - Error connecting or subscribing to [/RTP1]
org.eclipse.paho.client.mqttv3.MqttException: 等待来自服务器的响应时超时
	at org.eclipse.paho.client.mqttv3.internal.Token.waitForCompletion(Token.java:112)
	at org.eclipse.paho.client.mqttv3.MqttToken.waitForCompletion(MqttToken.java:67)
	at org.eclipse.paho.client.mqttv3.MqttClient.connect(MqttClient.java:238)
	at org.springframework.integration.mqtt.inbound.MqttPahoMessageDrivenChannelAdapter.connectAndSubscribe(MqttPahoMessageDrivenChannelAdapter.java:244)
	at org.springframework.integration.mqtt.inbound.MqttPahoMessageDrivenChannelAdapter.access$300(MqttPahoMessageDrivenChannelAdapter.java:51)
	at org.springframework.integration.mqtt.inbound.MqttPahoMessageDrivenChannelAdapter$1.run(MqttPahoMessageDrivenChannelAdapter.java:301)
	at org.springframework.scheduling.support.DelegatingErrorHandlingRunnable.run(DelegatingErrorHandlingRunnable.java:54)
	at java.util.concurrent.Executors$RunnableAdapter.call(Executors.java:511)
	at java.util.concurrent.FutureTask.run$$$capture(FutureTask.java:266)
	at java.util.concurrent.FutureTask.run(FutureTask.java)
	at java.util.concurrent.ScheduledThreadPoolExecutor$ScheduledFutureTask.access$201(ScheduledThreadPoolExecutor.java:180)
	at java.util.concurrent.ScheduledThreadPoolExecutor$ScheduledFutureTask.run(ScheduledThreadPoolExecutor.java:293)
	at java.util.concurrent.ThreadPoolExecutor.runWorker(ThreadPoolExecutor.java:1149)
	at java.util.concurrent.ThreadPoolExecutor$Worker.run(ThreadPoolExecutor.java:624)
	at java.lang.Thread.run(Thread.java:748)
===2019-12-28 22:30:24.041 ERROR org.springframework.integration.mqtt.inbound.MqttPahoMessageDrivenChannelAdapter Line:307 - Exception while connecting and subscribing
org.eclipse.paho.client.mqttv3.MqttException: 等待来自服务器的响应时超时
	at org.eclipse.paho.client.mqttv3.internal.Token.waitForCompletion(Token.java:112)
	at org.eclipse.paho.client.mqttv3.MqttToken.waitForCompletion(MqttToken.java:67)
	at org.eclipse.paho.client.mqttv3.MqttClient.connect(MqttClient.java:238)
	at org.springframework.integration.mqtt.inbound.MqttPahoMessageDrivenChannelAdapter.connectAndSubscribe(MqttPahoMessageDrivenChannelAdapter.java:244)
	at org.springframework.integration.mqtt.inbound.MqttPahoMessageDrivenChannelAdapter.access$300(MqttPahoMessageDrivenChannelAdapter.java:51)
	at org.springframework.integration.mqtt.inbound.MqttPahoMessageDrivenChannelAdapter$1.run(MqttPahoMessageDrivenChannelAdapter.java:301)
	at org.springframework.scheduling.support.DelegatingErrorHandlingRunnable.run(DelegatingErrorHandlingRunnable.java:54)
	at java.util.concurrent.Executors$RunnableAdapter.call(Executors.java:511)
	at java.util.concurrent.FutureTask.run$$$capture(FutureTask.java:266)
	at java.util.concurrent.FutureTask.run(FutureTask.java)
	at java.util.concurrent.ScheduledThreadPoolExecutor$ScheduledFutureTask.access$201(ScheduledThreadPoolExecutor.java:180)
	at java.util.concurrent.ScheduledThreadPoolExecutor$ScheduledFutureTask.run(ScheduledThreadPoolExecutor.java:293)
	at java.util.concurrent.ThreadPoolExecutor.runWorker(ThreadPoolExecutor.java:1149)
	at java.util.concurrent.ThreadPoolExecutor$Worker.run(ThreadPoolExecutor.java:624)
	at java.lang.Thread.run(Thread.java:748)
===2019-12-28 22:30:39.050 ERROR org.springframework.integration.mqtt.inbound.MqttPahoMessageDrivenChannelAdapter Line:263 - Error connecting or subscribing to [/RTP1]
org.eclipse.paho.client.mqttv3.MqttException: 等待来自服务器的响应时超时
	at org.eclipse.paho.client.mqttv3.internal.Token.waitForCompletion(Token.java:112)
	at org.eclipse.paho.client.mqttv3.MqttToken.waitForCompletion(MqttToken.java:67)
	at org.eclipse.paho.client.mqttv3.MqttClient.connect(MqttClient.java:238)
	at org.springframework.integration.mqtt.inbound.MqttPahoMessageDrivenChannelAdapter.connectAndSubscribe(MqttPahoMessageDrivenChannelAdapter.java:244)
	at org.springframework.integration.mqtt.inbound.MqttPahoMessageDrivenChannelAdapter.access$300(MqttPahoMessageDrivenChannelAdapter.java:51)
	at org.springframework.integration.mqtt.inbound.MqttPahoMessageDrivenChannelAdapter$1.run(MqttPahoMessageDrivenChannelAdapter.java:301)
	at org.springframework.scheduling.support.DelegatingErrorHandlingRunnable.run(DelegatingErrorHandlingRunnable.java:54)
	at java.util.concurrent.Executors$RunnableAdapter.call(Executors.java:511)
	at java.util.concurrent.FutureTask.run$$$capture(FutureTask.java:266)
	at java.util.concurrent.FutureTask.run(FutureTask.java)
	at java.util.concurrent.ScheduledThreadPoolExecutor$ScheduledFutureTask.access$201(ScheduledThreadPoolExecutor.java:180)
	at java.util.concurrent.ScheduledThreadPoolExecutor$ScheduledFutureTask.run(ScheduledThreadPoolExecutor.java:293)
	at java.util.concurrent.ThreadPoolExecutor.runWorker(ThreadPoolExecutor.java:1149)
	at java.util.concurrent.ThreadPoolExecutor$Worker.run(ThreadPoolExecutor.java:624)
	at java.lang.Thread.run(Thread.java:748)
===2019-12-28 22:31:14.060 ERROR org.springframework.integration.mqtt.inbound.MqttPahoMessageDrivenChannelAdapter Line:307 - Exception while connecting and subscribing
org.eclipse.paho.client.mqttv3.MqttException: 等待来自服务器的响应时超时
	at org.eclipse.paho.client.mqttv3.internal.Token.waitForCompletion(Token.java:112)
	at org.eclipse.paho.client.mqttv3.MqttToken.waitForCompletion(MqttToken.java:67)
	at org.eclipse.paho.client.mqttv3.MqttClient.connect(MqttClient.java:238)
	at org.springframework.integration.mqtt.inbound.MqttPahoMessageDrivenChannelAdapter.connectAndSubscribe(MqttPahoMessageDrivenChannelAdapter.java:244)
	at org.springframework.integration.mqtt.inbound.MqttPahoMessageDrivenChannelAdapter.access$300(MqttPahoMessageDrivenChannelAdapter.java:51)
	at org.springframework.integration.mqtt.inbound.MqttPahoMessageDrivenChannelAdapter$1.run(MqttPahoMessageDrivenChannelAdapter.java:301)
	at org.springframework.scheduling.support.DelegatingErrorHandlingRunnable.run(DelegatingErrorHandlingRunnable.java:54)
	at java.util.concurrent.Executors$RunnableAdapter.call(Executors.java:511)
	at java.util.concurrent.FutureTask.run$$$capture(FutureTask.java:266)
	at java.util.concurrent.FutureTask.run(FutureTask.java)
	at java.util.concurrent.ScheduledThreadPoolExecutor$ScheduledFutureTask.access$201(ScheduledThreadPoolExecutor.java:180)
	at java.util.concurrent.ScheduledThreadPoolExecutor$ScheduledFutureTask.run(ScheduledThreadPoolExecutor.java:293)
	at java.util.concurrent.ThreadPoolExecutor.runWorker(ThreadPoolExecutor.java:1149)
	at java.util.concurrent.ThreadPoolExecutor$Worker.run(ThreadPoolExecutor.java:624)
	at java.lang.Thread.run(Thread.java:748)
===2019-12-28 22:31:29.072 ERROR org.springframework.integration.mqtt.inbound.MqttPahoMessageDrivenChannelAdapter Line:263 - Error connecting or subscribing to [/RTP1]
org.eclipse.paho.client.mqttv3.MqttException: 等待来自服务器的响应时超时
	at org.eclipse.paho.client.mqttv3.internal.Token.waitForCompletion(Token.java:112)
	at org.eclipse.paho.client.mqttv3.MqttToken.waitForCompletion(MqttToken.java:67)
	at org.eclipse.paho.client.mqttv3.MqttClient.connect(MqttClient.java:238)
	at org.springframework.integration.mqtt.inbound.MqttPahoMessageDrivenChannelAdapter.connectAndSubscribe(MqttPahoMessageDrivenChannelAdapter.java:244)
	at org.springframework.integration.mqtt.inbound.MqttPahoMessageDrivenChannelAdapter.access$300(MqttPahoMessageDrivenChannelAdapter.java:51)
	at org.springframework.integration.mqtt.inbound.MqttPahoMessageDrivenChannelAdapter$1.run(MqttPahoMessageDrivenChannelAdapter.java:301)
	at org.springframework.scheduling.support.DelegatingErrorHandlingRunnable.run(DelegatingErrorHandlingRunnable.java:54)
	at java.util.concurrent.Executors$RunnableAdapter.call(Executors.java:511)
	at java.util.concurrent.FutureTask.run$$$capture(FutureTask.java:266)
	at java.util.concurrent.FutureTask.run(FutureTask.java)
	at java.util.concurrent.ScheduledThreadPoolExecutor$ScheduledFutureTask.access$201(ScheduledThreadPoolExecutor.java:180)
	at java.util.concurrent.ScheduledThreadPoolExecutor$ScheduledFutureTask.run(ScheduledThreadPoolExecutor.java:293)
	at java.util.concurrent.ThreadPoolExecutor.runWorker(ThreadPoolExecutor.java:1149)
	at java.util.concurrent.ThreadPoolExecutor$Worker.run(ThreadPoolExecutor.java:624)
	at java.lang.Thread.run(Thread.java:748)
===2019-12-28 22:32:04.082 ERROR org.springframework.integration.mqtt.inbound.MqttPahoMessageDrivenChannelAdapter Line:307 - Exception while connecting and subscribing
org.eclipse.paho.client.mqttv3.MqttException: 等待来自服务器的响应时超时
	at org.eclipse.paho.client.mqttv3.internal.Token.waitForCompletion(Token.java:112)
	at org.eclipse.paho.client.mqttv3.MqttToken.waitForCompletion(MqttToken.java:67)
	at org.eclipse.paho.client.mqttv3.MqttClient.connect(MqttClient.java:238)
	at org.springframework.integration.mqtt.inbound.MqttPahoMessageDrivenChannelAdapter.connectAndSubscribe(MqttPahoMessageDrivenChannelAdapter.java:244)
	at org.springframework.integration.mqtt.inbound.MqttPahoMessageDrivenChannelAdapter.access$300(MqttPahoMessageDrivenChannelAdapter.java:51)
	at org.springframework.integration.mqtt.inbound.MqttPahoMessageDrivenChannelAdapter$1.run(MqttPahoMessageDrivenChannelAdapter.java:301)
	at org.springframework.scheduling.support.DelegatingErrorHandlingRunnable.run(DelegatingErrorHandlingRunnable.java:54)
	at java.util.concurrent.Executors$RunnableAdapter.call(Executors.java:511)
	at java.util.concurrent.FutureTask.run$$$capture(FutureTask.java:266)
	at java.util.concurrent.FutureTask.run(FutureTask.java)
	at java.util.concurrent.ScheduledThreadPoolExecutor$ScheduledFutureTask.access$201(ScheduledThreadPoolExecutor.java:180)
	at java.util.concurrent.ScheduledThreadPoolExecutor$ScheduledFutureTask.run(ScheduledThreadPoolExecutor.java:293)
	at java.util.concurrent.ThreadPoolExecutor.runWorker(ThreadPoolExecutor.java:1149)
	at java.util.concurrent.ThreadPoolExecutor$Worker.run(ThreadPoolExecutor.java:624)
	at java.lang.Thread.run(Thread.java:748)
===2019-12-28 22:32:19.090 ERROR org.springframework.integration.mqtt.inbound.MqttPahoMessageDrivenChannelAdapter Line:263 - Error connecting or subscribing to [/RTP1]
org.eclipse.paho.client.mqttv3.MqttException: 等待来自服务器的响应时超时
	at org.eclipse.paho.client.mqttv3.internal.Token.waitForCompletion(Token.java:112)
	at org.eclipse.paho.client.mqttv3.MqttToken.waitForCompletion(MqttToken.java:67)
	at org.eclipse.paho.client.mqttv3.MqttClient.connect(MqttClient.java:238)
	at org.springframework.integration.mqtt.inbound.MqttPahoMessageDrivenChannelAdapter.connectAndSubscribe(MqttPahoMessageDrivenChannelAdapter.java:244)
	at org.springframework.integration.mqtt.inbound.MqttPahoMessageDrivenChannelAdapter.access$300(MqttPahoMessageDrivenChannelAdapter.java:51)
	at org.springframework.integration.mqtt.inbound.MqttPahoMessageDrivenChannelAdapter$1.run(MqttPahoMessageDrivenChannelAdapter.java:301)
	at org.springframework.scheduling.support.DelegatingErrorHandlingRunnable.run(DelegatingErrorHandlingRunnable.java:54)
	at java.util.concurrent.Executors$RunnableAdapter.call(Executors.java:511)
	at java.util.concurrent.FutureTask.run$$$capture(FutureTask.java:266)
	at java.util.concurrent.FutureTask.run(FutureTask.java)
	at java.util.concurrent.ScheduledThreadPoolExecutor$ScheduledFutureTask.access$201(ScheduledThreadPoolExecutor.java:180)
	at java.util.concurrent.ScheduledThreadPoolExecutor$ScheduledFutureTask.run(ScheduledThreadPoolExecutor.java:293)
	at java.util.concurrent.ThreadPoolExecutor.runWorker(ThreadPoolExecutor.java:1149)
	at java.util.concurrent.ThreadPoolExecutor$Worker.run(ThreadPoolExecutor.java:624)
	at java.lang.Thread.run(Thread.java:748)
===2019-12-28 22:32:54.104 ERROR org.springframework.integration.mqtt.inbound.MqttPahoMessageDrivenChannelAdapter Line:307 - Exception while connecting and subscribing
org.eclipse.paho.client.mqttv3.MqttException: 等待来自服务器的响应时超时
	at org.eclipse.paho.client.mqttv3.internal.Token.waitForCompletion(Token.java:112)
	at org.eclipse.paho.client.mqttv3.MqttToken.waitForCompletion(MqttToken.java:67)
	at org.eclipse.paho.client.mqttv3.MqttClient.connect(MqttClient.java:238)
	at org.springframework.integration.mqtt.inbound.MqttPahoMessageDrivenChannelAdapter.connectAndSubscribe(MqttPahoMessageDrivenChannelAdapter.java:244)
	at org.springframework.integration.mqtt.inbound.MqttPahoMessageDrivenChannelAdapter.access$300(MqttPahoMessageDrivenChannelAdapter.java:51)
	at org.springframework.integration.mqtt.inbound.MqttPahoMessageDrivenChannelAdapter$1.run(MqttPahoMessageDrivenChannelAdapter.java:301)
	at org.springframework.scheduling.support.DelegatingErrorHandlingRunnable.run(DelegatingErrorHandlingRunnable.java:54)
	at java.util.concurrent.Executors$RunnableAdapter.call(Executors.java:511)
	at java.util.concurrent.FutureTask.run$$$capture(FutureTask.java:266)
	at java.util.concurrent.FutureTask.run(FutureTask.java)
	at java.util.concurrent.ScheduledThreadPoolExecutor$ScheduledFutureTask.access$201(ScheduledThreadPoolExecutor.java:180)
	at java.util.concurrent.ScheduledThreadPoolExecutor$ScheduledFutureTask.run(ScheduledThreadPoolExecutor.java:293)
	at java.util.concurrent.ThreadPoolExecutor.runWorker(ThreadPoolExecutor.java:1149)
	at java.util.concurrent.ThreadPoolExecutor$Worker.run(ThreadPoolExecutor.java:624)
	at java.lang.Thread.run(Thread.java:748)
===2019-12-28 22:33:09.110 ERROR org.springframework.integration.mqtt.inbound.MqttPahoMessageDrivenChannelAdapter Line:263 - Error connecting or subscribing to [/RTP1]
org.eclipse.paho.client.mqttv3.MqttException: 等待来自服务器的响应时超时
	at org.eclipse.paho.client.mqttv3.internal.Token.waitForCompletion(Token.java:112)
	at org.eclipse.paho.client.mqttv3.MqttToken.waitForCompletion(MqttToken.java:67)
	at org.eclipse.paho.client.mqttv3.MqttClient.connect(MqttClient.java:238)
	at org.springframework.integration.mqtt.inbound.MqttPahoMessageDrivenChannelAdapter.connectAndSubscribe(MqttPahoMessageDrivenChannelAdapter.java:244)
	at org.springframework.integration.mqtt.inbound.MqttPahoMessageDrivenChannelAdapter.access$300(MqttPahoMessageDrivenChannelAdapter.java:51)
	at org.springframework.integration.mqtt.inbound.MqttPahoMessageDrivenChannelAdapter$1.run(MqttPahoMessageDrivenChannelAdapter.java:301)
	at org.springframework.scheduling.support.DelegatingErrorHandlingRunnable.run(DelegatingErrorHandlingRunnable.java:54)
	at java.util.concurrent.Executors$RunnableAdapter.call(Executors.java:511)
	at java.util.concurrent.FutureTask.run$$$capture(FutureTask.java:266)
	at java.util.concurrent.FutureTask.run(FutureTask.java)
	at java.util.concurrent.ScheduledThreadPoolExecutor$ScheduledFutureTask.access$201(ScheduledThreadPoolExecutor.java:180)
	at java.util.concurrent.ScheduledThreadPoolExecutor$ScheduledFutureTask.run(ScheduledThreadPoolExecutor.java:293)
	at java.util.concurrent.ThreadPoolExecutor.runWorker(ThreadPoolExecutor.java:1149)
	at java.util.concurrent.ThreadPoolExecutor$Worker.run(ThreadPoolExecutor.java:624)
	at java.lang.Thread.run(Thread.java:748)
===2019-12-28 22:33:44.118 ERROR org.springframework.integration.mqtt.inbound.MqttPahoMessageDrivenChannelAdapter Line:307 - Exception while connecting and subscribing
org.eclipse.paho.client.mqttv3.MqttException: 等待来自服务器的响应时超时
	at org.eclipse.paho.client.mqttv3.internal.Token.waitForCompletion(Token.java:112)
	at org.eclipse.paho.client.mqttv3.MqttToken.waitForCompletion(MqttToken.java:67)
	at org.eclipse.paho.client.mqttv3.MqttClient.connect(MqttClient.java:238)
	at org.springframework.integration.mqtt.inbound.MqttPahoMessageDrivenChannelAdapter.connectAndSubscribe(MqttPahoMessageDrivenChannelAdapter.java:244)
	at org.springframework.integration.mqtt.inbound.MqttPahoMessageDrivenChannelAdapter.access$300(MqttPahoMessageDrivenChannelAdapter.java:51)
	at org.springframework.integration.mqtt.inbound.MqttPahoMessageDrivenChannelAdapter$1.run(MqttPahoMessageDrivenChannelAdapter.java:301)
	at org.springframework.scheduling.support.DelegatingErrorHandlingRunnable.run(DelegatingErrorHandlingRunnable.java:54)
	at java.util.concurrent.Executors$RunnableAdapter.call(Executors.java:511)
	at java.util.concurrent.FutureTask.run$$$capture(FutureTask.java:266)
	at java.util.concurrent.FutureTask.run(FutureTask.java)
	at java.util.concurrent.ScheduledThreadPoolExecutor$ScheduledFutureTask.access$201(ScheduledThreadPoolExecutor.java:180)
	at java.util.concurrent.ScheduledThreadPoolExecutor$ScheduledFutureTask.run(ScheduledThreadPoolExecutor.java:293)
	at java.util.concurrent.ThreadPoolExecutor.runWorker(ThreadPoolExecutor.java:1149)
	at java.util.concurrent.ThreadPoolExecutor$Worker.run(ThreadPoolExecutor.java:624)
	at java.lang.Thread.run(Thread.java:748)
===2019-12-28 22:33:59.124 ERROR org.springframework.integration.mqtt.inbound.MqttPahoMessageDrivenChannelAdapter Line:263 - Error connecting or subscribing to [/RTP1]
org.eclipse.paho.client.mqttv3.MqttException: 等待来自服务器的响应时超时
	at org.eclipse.paho.client.mqttv3.internal.Token.waitForCompletion(Token.java:112)
	at org.eclipse.paho.client.mqttv3.MqttToken.waitForCompletion(MqttToken.java:67)
	at org.eclipse.paho.client.mqttv3.MqttClient.connect(MqttClient.java:238)
	at org.springframework.integration.mqtt.inbound.MqttPahoMessageDrivenChannelAdapter.connectAndSubscribe(MqttPahoMessageDrivenChannelAdapter.java:244)
	at org.springframework.integration.mqtt.inbound.MqttPahoMessageDrivenChannelAdapter.access$300(MqttPahoMessageDrivenChannelAdapter.java:51)
	at org.springframework.integration.mqtt.inbound.MqttPahoMessageDrivenChannelAdapter$1.run(MqttPahoMessageDrivenChannelAdapter.java:301)
	at org.springframework.scheduling.support.DelegatingErrorHandlingRunnable.run(DelegatingErrorHandlingRunnable.java:54)
	at java.util.concurrent.Executors$RunnableAdapter.call(Executors.java:511)
	at java.util.concurrent.FutureTask.run$$$capture(FutureTask.java:266)
	at java.util.concurrent.FutureTask.run(FutureTask.java)
	at java.util.concurrent.ScheduledThreadPoolExecutor$ScheduledFutureTask.access$201(ScheduledThreadPoolExecutor.java:180)
	at java.util.concurrent.ScheduledThreadPoolExecutor$ScheduledFutureTask.run(ScheduledThreadPoolExecutor.java:293)
	at java.util.concurrent.ThreadPoolExecutor.runWorker(ThreadPoolExecutor.java:1149)
	at java.util.concurrent.ThreadPoolExecutor$Worker.run(ThreadPoolExecutor.java:624)
	at java.lang.Thread.run(Thread.java:748)
===2019-12-28 22:34:33.363 ERROR org.springframework.integration.mqtt.inbound.MqttPahoMessageDrivenChannelAdapter Line:307 - Exception while connecting and subscribing
org.eclipse.paho.client.mqttv3.MqttException: 等待来自服务器的响应时超时
	at org.eclipse.paho.client.mqttv3.internal.Token.waitForCompletion(Token.java:112)
	at org.eclipse.paho.client.mqttv3.MqttToken.waitForCompletion(MqttToken.java:67)
	at org.eclipse.paho.client.mqttv3.MqttClient.connect(MqttClient.java:238)
	at org.springframework.integration.mqtt.inbound.MqttPahoMessageDrivenChannelAdapter.connectAndSubscribe(MqttPahoMessageDrivenChannelAdapter.java:244)
	at org.springframework.integration.mqtt.inbound.MqttPahoMessageDrivenChannelAdapter.access$300(MqttPahoMessageDrivenChannelAdapter.java:51)
	at org.springframework.integration.mqtt.inbound.MqttPahoMessageDrivenChannelAdapter$1.run(MqttPahoMessageDrivenChannelAdapter.java:301)
	at org.springframework.scheduling.support.DelegatingErrorHandlingRunnable.run(DelegatingErrorHandlingRunnable.java:54)
	at java.util.concurrent.Executors$RunnableAdapter.call(Executors.java:511)
	at java.util.concurrent.FutureTask.run$$$capture(FutureTask.java:266)
	at java.util.concurrent.FutureTask.run(FutureTask.java)
	at java.util.concurrent.ScheduledThreadPoolExecutor$ScheduledFutureTask.access$201(ScheduledThreadPoolExecutor.java:180)
	at java.util.concurrent.ScheduledThreadPoolExecutor$ScheduledFutureTask.run(ScheduledThreadPoolExecutor.java:293)
	at java.util.concurrent.ThreadPoolExecutor.runWorker(ThreadPoolExecutor.java:1149)
	at java.util.concurrent.ThreadPoolExecutor$Worker.run(ThreadPoolExecutor.java:624)
	at java.lang.Thread.run(Thread.java:748)
===2019-12-28 22:34:48.371 ERROR org.springframework.integration.mqtt.inbound.MqttPahoMessageDrivenChannelAdapter Line:263 - Error connecting or subscribing to [/RTP1]
org.eclipse.paho.client.mqttv3.MqttException: 等待来自服务器的响应时超时
	at org.eclipse.paho.client.mqttv3.internal.Token.waitForCompletion(Token.java:112)
	at org.eclipse.paho.client.mqttv3.MqttToken.waitForCompletion(MqttToken.java:67)
	at org.eclipse.paho.client.mqttv3.MqttClient.connect(MqttClient.java:238)
	at org.springframework.integration.mqtt.inbound.MqttPahoMessageDrivenChannelAdapter.connectAndSubscribe(MqttPahoMessageDrivenChannelAdapter.java:244)
	at org.springframework.integration.mqtt.inbound.MqttPahoMessageDrivenChannelAdapter.access$300(MqttPahoMessageDrivenChannelAdapter.java:51)
	at org.springframework.integration.mqtt.inbound.MqttPahoMessageDrivenChannelAdapter$1.run(MqttPahoMessageDrivenChannelAdapter.java:301)
	at org.springframework.scheduling.support.DelegatingErrorHandlingRunnable.run(DelegatingErrorHandlingRunnable.java:54)
	at java.util.concurrent.Executors$RunnableAdapter.call(Executors.java:511)
	at java.util.concurrent.FutureTask.run$$$capture(FutureTask.java:266)
	at java.util.concurrent.FutureTask.run(FutureTask.java)
	at java.util.concurrent.ScheduledThreadPoolExecutor$ScheduledFutureTask.access$201(ScheduledThreadPoolExecutor.java:180)
	at java.util.concurrent.ScheduledThreadPoolExecutor$ScheduledFutureTask.run(ScheduledThreadPoolExecutor.java:293)
	at java.util.concurrent.ThreadPoolExecutor.runWorker(ThreadPoolExecutor.java:1149)
	at java.util.concurrent.ThreadPoolExecutor$Worker.run(ThreadPoolExecutor.java:624)
	at java.lang.Thread.run(Thread.java:748)
===2019-12-28 22:35:23.382 ERROR org.springframework.integration.mqtt.inbound.MqttPahoMessageDrivenChannelAdapter Line:307 - Exception while connecting and subscribing
org.eclipse.paho.client.mqttv3.MqttException: 等待来自服务器的响应时超时
	at org.eclipse.paho.client.mqttv3.internal.Token.waitForCompletion(Token.java:112)
	at org.eclipse.paho.client.mqttv3.MqttToken.waitForCompletion(MqttToken.java:67)
	at org.eclipse.paho.client.mqttv3.MqttClient.connect(MqttClient.java:238)
	at org.springframework.integration.mqtt.inbound.MqttPahoMessageDrivenChannelAdapter.connectAndSubscribe(MqttPahoMessageDrivenChannelAdapter.java:244)
	at org.springframework.integration.mqtt.inbound.MqttPahoMessageDrivenChannelAdapter.access$300(MqttPahoMessageDrivenChannelAdapter.java:51)
	at org.springframework.integration.mqtt.inbound.MqttPahoMessageDrivenChannelAdapter$1.run(MqttPahoMessageDrivenChannelAdapter.java:301)
	at org.springframework.scheduling.support.DelegatingErrorHandlingRunnable.run(DelegatingErrorHandlingRunnable.java:54)
	at java.util.concurrent.Executors$RunnableAdapter.call(Executors.java:511)
	at java.util.concurrent.FutureTask.run$$$capture(FutureTask.java:266)
	at java.util.concurrent.FutureTask.run(FutureTask.java)
	at java.util.concurrent.ScheduledThreadPoolExecutor$ScheduledFutureTask.access$201(ScheduledThreadPoolExecutor.java:180)
	at java.util.concurrent.ScheduledThreadPoolExecutor$ScheduledFutureTask.run(ScheduledThreadPoolExecutor.java:293)
	at java.util.concurrent.ThreadPoolExecutor.runWorker(ThreadPoolExecutor.java:1149)
	at java.util.concurrent.ThreadPoolExecutor$Worker.run(ThreadPoolExecutor.java:624)
	at java.lang.Thread.run(Thread.java:748)
===2019-12-28 22:35:38.394 ERROR org.springframework.integration.mqtt.inbound.MqttPahoMessageDrivenChannelAdapter Line:263 - Error connecting or subscribing to [/RTP1]
org.eclipse.paho.client.mqttv3.MqttException: 等待来自服务器的响应时超时
	at org.eclipse.paho.client.mqttv3.internal.Token.waitForCompletion(Token.java:112)
	at org.eclipse.paho.client.mqttv3.MqttToken.waitForCompletion(MqttToken.java:67)
	at org.eclipse.paho.client.mqttv3.MqttClient.connect(MqttClient.java:238)
	at org.springframework.integration.mqtt.inbound.MqttPahoMessageDrivenChannelAdapter.connectAndSubscribe(MqttPahoMessageDrivenChannelAdapter.java:244)
	at org.springframework.integration.mqtt.inbound.MqttPahoMessageDrivenChannelAdapter.access$300(MqttPahoMessageDrivenChannelAdapter.java:51)
	at org.springframework.integration.mqtt.inbound.MqttPahoMessageDrivenChannelAdapter$1.run(MqttPahoMessageDrivenChannelAdapter.java:301)
	at org.springframework.scheduling.support.DelegatingErrorHandlingRunnable.run(DelegatingErrorHandlingRunnable.java:54)
	at java.util.concurrent.Executors$RunnableAdapter.call(Executors.java:511)
	at java.util.concurrent.FutureTask.run$$$capture(FutureTask.java:266)
	at java.util.concurrent.FutureTask.run(FutureTask.java)
	at java.util.concurrent.ScheduledThreadPoolExecutor$ScheduledFutureTask.access$201(ScheduledThreadPoolExecutor.java:180)
	at java.util.concurrent.ScheduledThreadPoolExecutor$ScheduledFutureTask.run(ScheduledThreadPoolExecutor.java:293)
	at java.util.concurrent.ThreadPoolExecutor.runWorker(ThreadPoolExecutor.java:1149)
	at java.util.concurrent.ThreadPoolExecutor$Worker.run(ThreadPoolExecutor.java:624)
	at java.lang.Thread.run(Thread.java:748)
===2019-12-28 22:36:13.404 ERROR org.springframework.integration.mqtt.inbound.MqttPahoMessageDrivenChannelAdapter Line:307 - Exception while connecting and subscribing
org.eclipse.paho.client.mqttv3.MqttException: 等待来自服务器的响应时超时
	at org.eclipse.paho.client.mqttv3.internal.Token.waitForCompletion(Token.java:112)
	at org.eclipse.paho.client.mqttv3.MqttToken.waitForCompletion(MqttToken.java:67)
	at org.eclipse.paho.client.mqttv3.MqttClient.connect(MqttClient.java:238)
	at org.springframework.integration.mqtt.inbound.MqttPahoMessageDrivenChannelAdapter.connectAndSubscribe(MqttPahoMessageDrivenChannelAdapter.java:244)
	at org.springframework.integration.mqtt.inbound.MqttPahoMessageDrivenChannelAdapter.access$300(MqttPahoMessageDrivenChannelAdapter.java:51)
	at org.springframework.integration.mqtt.inbound.MqttPahoMessageDrivenChannelAdapter$1.run(MqttPahoMessageDrivenChannelAdapter.java:301)
	at org.springframework.scheduling.support.DelegatingErrorHandlingRunnable.run(DelegatingErrorHandlingRunnable.java:54)
	at java.util.concurrent.Executors$RunnableAdapter.call(Executors.java:511)
	at java.util.concurrent.FutureTask.run$$$capture(FutureTask.java:266)
	at java.util.concurrent.FutureTask.run(FutureTask.java)
	at java.util.concurrent.ScheduledThreadPoolExecutor$ScheduledFutureTask.access$201(ScheduledThreadPoolExecutor.java:180)
	at java.util.concurrent.ScheduledThreadPoolExecutor$ScheduledFutureTask.run(ScheduledThreadPoolExecutor.java:293)
	at java.util.concurrent.ThreadPoolExecutor.runWorker(ThreadPoolExecutor.java:1149)
	at java.util.concurrent.ThreadPoolExecutor$Worker.run(ThreadPoolExecutor.java:624)
	at java.lang.Thread.run(Thread.java:748)
===2019-12-28 22:36:28.415 ERROR org.springframework.integration.mqtt.inbound.MqttPahoMessageDrivenChannelAdapter Line:263 - Error connecting or subscribing to [/RTP1]
org.eclipse.paho.client.mqttv3.MqttException: 等待来自服务器的响应时超时
	at org.eclipse.paho.client.mqttv3.internal.Token.waitForCompletion(Token.java:112)
	at org.eclipse.paho.client.mqttv3.MqttToken.waitForCompletion(MqttToken.java:67)
	at org.eclipse.paho.client.mqttv3.MqttClient.connect(MqttClient.java:238)
	at org.springframework.integration.mqtt.inbound.MqttPahoMessageDrivenChannelAdapter.connectAndSubscribe(MqttPahoMessageDrivenChannelAdapter.java:244)
	at org.springframework.integration.mqtt.inbound.MqttPahoMessageDrivenChannelAdapter.access$300(MqttPahoMessageDrivenChannelAdapter.java:51)
	at org.springframework.integration.mqtt.inbound.MqttPahoMessageDrivenChannelAdapter$1.run(MqttPahoMessageDrivenChannelAdapter.java:301)
	at org.springframework.scheduling.support.DelegatingErrorHandlingRunnable.run(DelegatingErrorHandlingRunnable.java:54)
	at java.util.concurrent.Executors$RunnableAdapter.call(Executors.java:511)
	at java.util.concurrent.FutureTask.run$$$capture(FutureTask.java:266)
	at java.util.concurrent.FutureTask.run(FutureTask.java)
	at java.util.concurrent.ScheduledThreadPoolExecutor$ScheduledFutureTask.access$201(ScheduledThreadPoolExecutor.java:180)
	at java.util.concurrent.ScheduledThreadPoolExecutor$ScheduledFutureTask.run(ScheduledThreadPoolExecutor.java:293)
	at java.util.concurrent.ThreadPoolExecutor.runWorker(ThreadPoolExecutor.java:1149)
	at java.util.concurrent.ThreadPoolExecutor$Worker.run(ThreadPoolExecutor.java:624)
	at java.lang.Thread.run(Thread.java:748)
===2019-12-28 22:37:03.428 ERROR org.springframework.integration.mqtt.inbound.MqttPahoMessageDrivenChannelAdapter Line:307 - Exception while connecting and subscribing
org.eclipse.paho.client.mqttv3.MqttException: 等待来自服务器的响应时超时
	at org.eclipse.paho.client.mqttv3.internal.Token.waitForCompletion(Token.java:112)
	at org.eclipse.paho.client.mqttv3.MqttToken.waitForCompletion(MqttToken.java:67)
	at org.eclipse.paho.client.mqttv3.MqttClient.connect(MqttClient.java:238)
	at org.springframework.integration.mqtt.inbound.MqttPahoMessageDrivenChannelAdapter.connectAndSubscribe(MqttPahoMessageDrivenChannelAdapter.java:244)
	at org.springframework.integration.mqtt.inbound.MqttPahoMessageDrivenChannelAdapter.access$300(MqttPahoMessageDrivenChannelAdapter.java:51)
	at org.springframework.integration.mqtt.inbound.MqttPahoMessageDrivenChannelAdapter$1.run(MqttPahoMessageDrivenChannelAdapter.java:301)
	at org.springframework.scheduling.support.DelegatingErrorHandlingRunnable.run(DelegatingErrorHandlingRunnable.java:54)
	at java.util.concurrent.Executors$RunnableAdapter.call(Executors.java:511)
	at java.util.concurrent.FutureTask.run$$$capture(FutureTask.java:266)
	at java.util.concurrent.FutureTask.run(FutureTask.java)
	at java.util.concurrent.ScheduledThreadPoolExecutor$ScheduledFutureTask.access$201(ScheduledThreadPoolExecutor.java:180)
	at java.util.concurrent.ScheduledThreadPoolExecutor$ScheduledFutureTask.run(ScheduledThreadPoolExecutor.java:293)
	at java.util.concurrent.ThreadPoolExecutor.runWorker(ThreadPoolExecutor.java:1149)
	at java.util.concurrent.ThreadPoolExecutor$Worker.run(ThreadPoolExecutor.java:624)
	at java.lang.Thread.run(Thread.java:748)
===2019-12-28 22:37:18.438 ERROR org.springframework.integration.mqtt.inbound.MqttPahoMessageDrivenChannelAdapter Line:263 - Error connecting or subscribing to [/RTP1]
org.eclipse.paho.client.mqttv3.MqttException: 等待来自服务器的响应时超时
	at org.eclipse.paho.client.mqttv3.internal.Token.waitForCompletion(Token.java:112)
	at org.eclipse.paho.client.mqttv3.MqttToken.waitForCompletion(MqttToken.java:67)
	at org.eclipse.paho.client.mqttv3.MqttClient.connect(MqttClient.java:238)
	at org.springframework.integration.mqtt.inbound.MqttPahoMessageDrivenChannelAdapter.connectAndSubscribe(MqttPahoMessageDrivenChannelAdapter.java:244)
	at org.springframework.integration.mqtt.inbound.MqttPahoMessageDrivenChannelAdapter.access$300(MqttPahoMessageDrivenChannelAdapter.java:51)
	at org.springframework.integration.mqtt.inbound.MqttPahoMessageDrivenChannelAdapter$1.run(MqttPahoMessageDrivenChannelAdapter.java:301)
	at org.springframework.scheduling.support.DelegatingErrorHandlingRunnable.run(DelegatingErrorHandlingRunnable.java:54)
	at java.util.concurrent.Executors$RunnableAdapter.call(Executors.java:511)
	at java.util.concurrent.FutureTask.run$$$capture(FutureTask.java:266)
	at java.util.concurrent.FutureTask.run(FutureTask.java)
	at java.util.concurrent.ScheduledThreadPoolExecutor$ScheduledFutureTask.access$201(ScheduledThreadPoolExecutor.java:180)
	at java.util.concurrent.ScheduledThreadPoolExecutor$ScheduledFutureTask.run(ScheduledThreadPoolExecutor.java:293)
	at java.util.concurrent.ThreadPoolExecutor.runWorker(ThreadPoolExecutor.java:1149)
	at java.util.concurrent.ThreadPoolExecutor$Worker.run(ThreadPoolExecutor.java:624)
	at java.lang.Thread.run(Thread.java:748)
===2019-12-28 22:37:53.453 ERROR org.springframework.integration.mqtt.inbound.MqttPahoMessageDrivenChannelAdapter Line:307 - Exception while connecting and subscribing
org.eclipse.paho.client.mqttv3.MqttException: 等待来自服务器的响应时超时
	at org.eclipse.paho.client.mqttv3.internal.Token.waitForCompletion(Token.java:112)
	at org.eclipse.paho.client.mqttv3.MqttToken.waitForCompletion(MqttToken.java:67)
	at org.eclipse.paho.client.mqttv3.MqttClient.connect(MqttClient.java:238)
	at org.springframework.integration.mqtt.inbound.MqttPahoMessageDrivenChannelAdapter.connectAndSubscribe(MqttPahoMessageDrivenChannelAdapter.java:244)
	at org.springframework.integration.mqtt.inbound.MqttPahoMessageDrivenChannelAdapter.access$300(MqttPahoMessageDrivenChannelAdapter.java:51)
	at org.springframework.integration.mqtt.inbound.MqttPahoMessageDrivenChannelAdapter$1.run(MqttPahoMessageDrivenChannelAdapter.java:301)
	at org.springframework.scheduling.support.DelegatingErrorHandlingRunnable.run(DelegatingErrorHandlingRunnable.java:54)
	at java.util.concurrent.Executors$RunnableAdapter.call(Executors.java:511)
	at java.util.concurrent.FutureTask.run$$$capture(FutureTask.java:266)
	at java.util.concurrent.FutureTask.run(FutureTask.java)
	at java.util.concurrent.ScheduledThreadPoolExecutor$ScheduledFutureTask.access$201(ScheduledThreadPoolExecutor.java:180)
	at java.util.concurrent.ScheduledThreadPoolExecutor$ScheduledFutureTask.run(ScheduledThreadPoolExecutor.java:293)
	at java.util.concurrent.ThreadPoolExecutor.runWorker(ThreadPoolExecutor.java:1149)
	at java.util.concurrent.ThreadPoolExecutor$Worker.run(ThreadPoolExecutor.java:624)
	at java.lang.Thread.run(Thread.java:748)
===2019-12-28 22:38:08.457 ERROR org.springframework.integration.mqtt.inbound.MqttPahoMessageDrivenChannelAdapter Line:263 - Error connecting or subscribing to [/RTP1]
org.eclipse.paho.client.mqttv3.MqttException: 等待来自服务器的响应时超时
	at org.eclipse.paho.client.mqttv3.internal.Token.waitForCompletion(Token.java:112)
	at org.eclipse.paho.client.mqttv3.MqttToken.waitForCompletion(MqttToken.java:67)
	at org.eclipse.paho.client.mqttv3.MqttClient.connect(MqttClient.java:238)
	at org.springframework.integration.mqtt.inbound.MqttPahoMessageDrivenChannelAdapter.connectAndSubscribe(MqttPahoMessageDrivenChannelAdapter.java:244)
	at org.springframework.integration.mqtt.inbound.MqttPahoMessageDrivenChannelAdapter.access$300(MqttPahoMessageDrivenChannelAdapter.java:51)
	at org.springframework.integration.mqtt.inbound.MqttPahoMessageDrivenChannelAdapter$1.run(MqttPahoMessageDrivenChannelAdapter.java:301)
	at org.springframework.scheduling.support.DelegatingErrorHandlingRunnable.run(DelegatingErrorHandlingRunnable.java:54)
	at java.util.concurrent.Executors$RunnableAdapter.call(Executors.java:511)
	at java.util.concurrent.FutureTask.run$$$capture(FutureTask.java:266)
	at java.util.concurrent.FutureTask.run(FutureTask.java)
	at java.util.concurrent.ScheduledThreadPoolExecutor$ScheduledFutureTask.access$201(ScheduledThreadPoolExecutor.java:180)
	at java.util.concurrent.ScheduledThreadPoolExecutor$ScheduledFutureTask.run(ScheduledThreadPoolExecutor.java:293)
	at java.util.concurrent.ThreadPoolExecutor.runWorker(ThreadPoolExecutor.java:1149)
	at java.util.concurrent.ThreadPoolExecutor$Worker.run(ThreadPoolExecutor.java:624)
	at java.lang.Thread.run(Thread.java:748)
