===2020-01-18 11:28:28.478 ERROR org.springframework.integration.mqtt.inbound.MqttPahoMessageDrivenChannelAdapter Line:322 - Lost connection: 已断开连接; retrying...
===2020-01-18 19:20:51.142 ERROR org.eclipse.paho.client.mqttv3.internal.ClientState Line:210 - server_java_7Y8sT: Timed out as no write activity, keepAlive=2,000 lastOutboundActivity=1,579,318,154,761 lastInboundActivity=1,579,318,154,806 time=1,579,346,450,011 lastPing=1,579,318,154,761
===2020-01-18 19:20:51.174 ERROR org.springframework.integration.mqtt.inbound.MqttPahoMessageDrivenChannelAdapter Line:322 - Lost connection: Timed out while waiting to write messages to the server; retrying...
===2020-01-18 19:21:07.054 ERROR org.springframework.integration.mqtt.inbound.MqttPahoMessageDrivenChannelAdapter Line:263 - Error connecting or subscribing to [/RTP1]
org.eclipse.paho.client.mqttv3.MqttException: 等待来自服务器的响应时超时
	at org.eclipse.paho.client.mqttv3.internal.Token.waitForCompletion(Token.java:112)
	at org.eclipse.paho.client.mqttv3.MqttToken.waitForCompletion(MqttToken.java:67)
	at org.eclipse.paho.client.mqttv3.MqttClient.connect(MqttClient.java:238)
	at org.springframework.integration.mqtt.inbound.MqttPahoMessageDrivenChannelAdapter.connectAndSubscribe(MqttPahoMessageDrivenChannelAdapter.java:244)
	at org.springframework.integration.mqtt.inbound.MqttPahoMessageDrivenChannelAdapter.access$300(MqttPahoMessageDrivenChannelAdapter.java:51)
	at org.springframework.integration.mqtt.inbound.MqttPahoMessageDrivenChannelAdapter$1.run(MqttPahoMessageDrivenChannelAdapter.java:301)
	at org.springframework.scheduling.support.DelegatingErrorHandlingRunnable.run(DelegatingErrorHandlingRunnable.java:54)
	at java.util.concurrent.Executors$RunnableAdapter.call(Executors.java:511)
	at java.util.concurrent.FutureTask.run$$$capture(FutureTask.java:266)
	at java.util.concurrent.FutureTask.run(FutureTask.java)
	at java.util.concurrent.ScheduledThreadPoolExecutor$ScheduledFutureTask.access$201(ScheduledThreadPoolExecutor.java:180)
	at java.util.concurrent.ScheduledThreadPoolExecutor$ScheduledFutureTask.run(ScheduledThreadPoolExecutor.java:293)
	at java.util.concurrent.ThreadPoolExecutor.runWorker(ThreadPoolExecutor.java:1149)
	at java.util.concurrent.ThreadPoolExecutor$Worker.run(ThreadPoolExecutor.java:624)
	at java.lang.Thread.run(Thread.java:748)
===2020-01-18 19:45:47.066 ERROR org.springframework.integration.mqtt.inbound.MqttPahoMessageDrivenChannelAdapter Line:307 - Exception while connecting and subscribing
org.eclipse.paho.client.mqttv3.MqttException: 等待来自服务器的响应时超时
	at org.eclipse.paho.client.mqttv3.internal.Token.waitForCompletion(Token.java:112)
	at org.eclipse.paho.client.mqttv3.MqttToken.waitForCompletion(MqttToken.java:67)
	at org.eclipse.paho.client.mqttv3.MqttClient.connect(MqttClient.java:238)
	at org.springframework.integration.mqtt.inbound.MqttPahoMessageDrivenChannelAdapter.connectAndSubscribe(MqttPahoMessageDrivenChannelAdapter.java:244)
	at org.springframework.integration.mqtt.inbound.MqttPahoMessageDrivenChannelAdapter.access$300(MqttPahoMessageDrivenChannelAdapter.java:51)
	at org.springframework.integration.mqtt.inbound.MqttPahoMessageDrivenChannelAdapter$1.run(MqttPahoMessageDrivenChannelAdapter.java:301)
	at org.springframework.scheduling.support.DelegatingErrorHandlingRunnable.run(DelegatingErrorHandlingRunnable.java:54)
	at java.util.concurrent.Executors$RunnableAdapter.call(Executors.java:511)
	at java.util.concurrent.FutureTask.run$$$capture(FutureTask.java:266)
	at java.util.concurrent.FutureTask.run(FutureTask.java)
	at java.util.concurrent.ScheduledThreadPoolExecutor$ScheduledFutureTask.access$201(ScheduledThreadPoolExecutor.java:180)
	at java.util.concurrent.ScheduledThreadPoolExecutor$ScheduledFutureTask.run(ScheduledThreadPoolExecutor.java:293)
	at java.util.concurrent.ThreadPoolExecutor.runWorker(ThreadPoolExecutor.java:1149)
	at java.util.concurrent.ThreadPoolExecutor$Worker.run(ThreadPoolExecutor.java:624)
	at java.lang.Thread.run(Thread.java:748)
===2020-01-18 19:46:03.556 ERROR org.springframework.integration.mqtt.inbound.MqttPahoMessageDrivenChannelAdapter Line:263 - Error connecting or subscribing to [/RTP1]
org.eclipse.paho.client.mqttv3.MqttException: 等待来自服务器的响应时超时
	at org.eclipse.paho.client.mqttv3.internal.Token.waitForCompletion(Token.java:112)
	at org.eclipse.paho.client.mqttv3.MqttToken.waitForCompletion(MqttToken.java:67)
	at org.eclipse.paho.client.mqttv3.MqttClient.connect(MqttClient.java:238)
	at org.springframework.integration.mqtt.inbound.MqttPahoMessageDrivenChannelAdapter.connectAndSubscribe(MqttPahoMessageDrivenChannelAdapter.java:244)
	at org.springframework.integration.mqtt.inbound.MqttPahoMessageDrivenChannelAdapter.access$300(MqttPahoMessageDrivenChannelAdapter.java:51)
	at org.springframework.integration.mqtt.inbound.MqttPahoMessageDrivenChannelAdapter$1.run(MqttPahoMessageDrivenChannelAdapter.java:301)
	at org.springframework.scheduling.support.DelegatingErrorHandlingRunnable.run(DelegatingErrorHandlingRunnable.java:54)
	at java.util.concurrent.Executors$RunnableAdapter.call(Executors.java:511)
	at java.util.concurrent.FutureTask.run$$$capture(FutureTask.java:266)
	at java.util.concurrent.FutureTask.run(FutureTask.java)
	at java.util.concurrent.ScheduledThreadPoolExecutor$ScheduledFutureTask.access$201(ScheduledThreadPoolExecutor.java:180)
	at java.util.concurrent.ScheduledThreadPoolExecutor$ScheduledFutureTask.run(ScheduledThreadPoolExecutor.java:293)
	at java.util.concurrent.ThreadPoolExecutor.runWorker(ThreadPoolExecutor.java:1149)
	at java.util.concurrent.ThreadPoolExecutor$Worker.run(ThreadPoolExecutor.java:624)
	at java.lang.Thread.run(Thread.java:748)
===2020-01-18 19:46:38.568 ERROR org.springframework.integration.mqtt.inbound.MqttPahoMessageDrivenChannelAdapter Line:307 - Exception while connecting and subscribing
org.eclipse.paho.client.mqttv3.MqttException: 等待来自服务器的响应时超时
	at org.eclipse.paho.client.mqttv3.internal.Token.waitForCompletion(Token.java:112)
	at org.eclipse.paho.client.mqttv3.MqttToken.waitForCompletion(MqttToken.java:67)
	at org.eclipse.paho.client.mqttv3.MqttClient.connect(MqttClient.java:238)
	at org.springframework.integration.mqtt.inbound.MqttPahoMessageDrivenChannelAdapter.connectAndSubscribe(MqttPahoMessageDrivenChannelAdapter.java:244)
	at org.springframework.integration.mqtt.inbound.MqttPahoMessageDrivenChannelAdapter.access$300(MqttPahoMessageDrivenChannelAdapter.java:51)
	at org.springframework.integration.mqtt.inbound.MqttPahoMessageDrivenChannelAdapter$1.run(MqttPahoMessageDrivenChannelAdapter.java:301)
	at org.springframework.scheduling.support.DelegatingErrorHandlingRunnable.run(DelegatingErrorHandlingRunnable.java:54)
	at java.util.concurrent.Executors$RunnableAdapter.call(Executors.java:511)
	at java.util.concurrent.FutureTask.run$$$capture(FutureTask.java:266)
	at java.util.concurrent.FutureTask.run(FutureTask.java)
	at java.util.concurrent.ScheduledThreadPoolExecutor$ScheduledFutureTask.access$201(ScheduledThreadPoolExecutor.java:180)
	at java.util.concurrent.ScheduledThreadPoolExecutor$ScheduledFutureTask.run(ScheduledThreadPoolExecutor.java:293)
	at java.util.concurrent.ThreadPoolExecutor.runWorker(ThreadPoolExecutor.java:1149)
	at java.util.concurrent.ThreadPoolExecutor$Worker.run(ThreadPoolExecutor.java:624)
	at java.lang.Thread.run(Thread.java:748)
===2020-01-18 19:46:53.580 ERROR org.springframework.integration.mqtt.inbound.MqttPahoMessageDrivenChannelAdapter Line:263 - Error connecting or subscribing to [/RTP1]
org.eclipse.paho.client.mqttv3.MqttException: 等待来自服务器的响应时超时
	at org.eclipse.paho.client.mqttv3.internal.Token.waitForCompletion(Token.java:112)
	at org.eclipse.paho.client.mqttv3.MqttToken.waitForCompletion(MqttToken.java:67)
	at org.eclipse.paho.client.mqttv3.MqttClient.connect(MqttClient.java:238)
	at org.springframework.integration.mqtt.inbound.MqttPahoMessageDrivenChannelAdapter.connectAndSubscribe(MqttPahoMessageDrivenChannelAdapter.java:244)
	at org.springframework.integration.mqtt.inbound.MqttPahoMessageDrivenChannelAdapter.access$300(MqttPahoMessageDrivenChannelAdapter.java:51)
	at org.springframework.integration.mqtt.inbound.MqttPahoMessageDrivenChannelAdapter$1.run(MqttPahoMessageDrivenChannelAdapter.java:301)
	at org.springframework.scheduling.support.DelegatingErrorHandlingRunnable.run(DelegatingErrorHandlingRunnable.java:54)
	at java.util.concurrent.Executors$RunnableAdapter.call(Executors.java:511)
	at java.util.concurrent.FutureTask.run$$$capture(FutureTask.java:266)
	at java.util.concurrent.FutureTask.run(FutureTask.java)
	at java.util.concurrent.ScheduledThreadPoolExecutor$ScheduledFutureTask.access$201(ScheduledThreadPoolExecutor.java:180)
	at java.util.concurrent.ScheduledThreadPoolExecutor$ScheduledFutureTask.run(ScheduledThreadPoolExecutor.java:293)
	at java.util.concurrent.ThreadPoolExecutor.runWorker(ThreadPoolExecutor.java:1149)
	at java.util.concurrent.ThreadPoolExecutor$Worker.run(ThreadPoolExecutor.java:624)
	at java.lang.Thread.run(Thread.java:748)
===2020-01-18 19:47:28.593 ERROR org.springframework.integration.mqtt.inbound.MqttPahoMessageDrivenChannelAdapter Line:307 - Exception while connecting and subscribing
org.eclipse.paho.client.mqttv3.MqttException: 等待来自服务器的响应时超时
	at org.eclipse.paho.client.mqttv3.internal.Token.waitForCompletion(Token.java:112)
	at org.eclipse.paho.client.mqttv3.MqttToken.waitForCompletion(MqttToken.java:67)
	at org.eclipse.paho.client.mqttv3.MqttClient.connect(MqttClient.java:238)
	at org.springframework.integration.mqtt.inbound.MqttPahoMessageDrivenChannelAdapter.connectAndSubscribe(MqttPahoMessageDrivenChannelAdapter.java:244)
	at org.springframework.integration.mqtt.inbound.MqttPahoMessageDrivenChannelAdapter.access$300(MqttPahoMessageDrivenChannelAdapter.java:51)
	at org.springframework.integration.mqtt.inbound.MqttPahoMessageDrivenChannelAdapter$1.run(MqttPahoMessageDrivenChannelAdapter.java:301)
	at org.springframework.scheduling.support.DelegatingErrorHandlingRunnable.run(DelegatingErrorHandlingRunnable.java:54)
	at java.util.concurrent.Executors$RunnableAdapter.call(Executors.java:511)
	at java.util.concurrent.FutureTask.run$$$capture(FutureTask.java:266)
	at java.util.concurrent.FutureTask.run(FutureTask.java)
	at java.util.concurrent.ScheduledThreadPoolExecutor$ScheduledFutureTask.access$201(ScheduledThreadPoolExecutor.java:180)
	at java.util.concurrent.ScheduledThreadPoolExecutor$ScheduledFutureTask.run(ScheduledThreadPoolExecutor.java:293)
	at java.util.concurrent.ThreadPoolExecutor.runWorker(ThreadPoolExecutor.java:1149)
	at java.util.concurrent.ThreadPoolExecutor$Worker.run(ThreadPoolExecutor.java:624)
	at java.lang.Thread.run(Thread.java:748)
===2020-01-18 19:47:43.599 ERROR org.springframework.integration.mqtt.inbound.MqttPahoMessageDrivenChannelAdapter Line:263 - Error connecting or subscribing to [/RTP1]
org.eclipse.paho.client.mqttv3.MqttException: 等待来自服务器的响应时超时
	at org.eclipse.paho.client.mqttv3.internal.Token.waitForCompletion(Token.java:112)
	at org.eclipse.paho.client.mqttv3.MqttToken.waitForCompletion(MqttToken.java:67)
	at org.eclipse.paho.client.mqttv3.MqttClient.connect(MqttClient.java:238)
	at org.springframework.integration.mqtt.inbound.MqttPahoMessageDrivenChannelAdapter.connectAndSubscribe(MqttPahoMessageDrivenChannelAdapter.java:244)
	at org.springframework.integration.mqtt.inbound.MqttPahoMessageDrivenChannelAdapter.access$300(MqttPahoMessageDrivenChannelAdapter.java:51)
	at org.springframework.integration.mqtt.inbound.MqttPahoMessageDrivenChannelAdapter$1.run(MqttPahoMessageDrivenChannelAdapter.java:301)
	at org.springframework.scheduling.support.DelegatingErrorHandlingRunnable.run(DelegatingErrorHandlingRunnable.java:54)
	at java.util.concurrent.Executors$RunnableAdapter.call(Executors.java:511)
	at java.util.concurrent.FutureTask.run$$$capture(FutureTask.java:266)
	at java.util.concurrent.FutureTask.run(FutureTask.java)
	at java.util.concurrent.ScheduledThreadPoolExecutor$ScheduledFutureTask.access$201(ScheduledThreadPoolExecutor.java:180)
	at java.util.concurrent.ScheduledThreadPoolExecutor$ScheduledFutureTask.run(ScheduledThreadPoolExecutor.java:293)
	at java.util.concurrent.ThreadPoolExecutor.runWorker(ThreadPoolExecutor.java:1149)
	at java.util.concurrent.ThreadPoolExecutor$Worker.run(ThreadPoolExecutor.java:624)
	at java.lang.Thread.run(Thread.java:748)
===2020-01-18 19:48:18.610 ERROR org.springframework.integration.mqtt.inbound.MqttPahoMessageDrivenChannelAdapter Line:307 - Exception while connecting and subscribing
org.eclipse.paho.client.mqttv3.MqttException: 等待来自服务器的响应时超时
	at org.eclipse.paho.client.mqttv3.internal.Token.waitForCompletion(Token.java:112)
	at org.eclipse.paho.client.mqttv3.MqttToken.waitForCompletion(MqttToken.java:67)
	at org.eclipse.paho.client.mqttv3.MqttClient.connect(MqttClient.java:238)
	at org.springframework.integration.mqtt.inbound.MqttPahoMessageDrivenChannelAdapter.connectAndSubscribe(MqttPahoMessageDrivenChannelAdapter.java:244)
	at org.springframework.integration.mqtt.inbound.MqttPahoMessageDrivenChannelAdapter.access$300(MqttPahoMessageDrivenChannelAdapter.java:51)
	at org.springframework.integration.mqtt.inbound.MqttPahoMessageDrivenChannelAdapter$1.run(MqttPahoMessageDrivenChannelAdapter.java:301)
	at org.springframework.scheduling.support.DelegatingErrorHandlingRunnable.run(DelegatingErrorHandlingRunnable.java:54)
	at java.util.concurrent.Executors$RunnableAdapter.call(Executors.java:511)
	at java.util.concurrent.FutureTask.run$$$capture(FutureTask.java:266)
	at java.util.concurrent.FutureTask.run(FutureTask.java)
	at java.util.concurrent.ScheduledThreadPoolExecutor$ScheduledFutureTask.access$201(ScheduledThreadPoolExecutor.java:180)
	at java.util.concurrent.ScheduledThreadPoolExecutor$ScheduledFutureTask.run(ScheduledThreadPoolExecutor.java:293)
	at java.util.concurrent.ThreadPoolExecutor.runWorker(ThreadPoolExecutor.java:1149)
	at java.util.concurrent.ThreadPoolExecutor$Worker.run(ThreadPoolExecutor.java:624)
	at java.lang.Thread.run(Thread.java:748)
===2020-01-18 19:48:33.623 ERROR org.springframework.integration.mqtt.inbound.MqttPahoMessageDrivenChannelAdapter Line:263 - Error connecting or subscribing to [/RTP1]
org.eclipse.paho.client.mqttv3.MqttException: 等待来自服务器的响应时超时
	at org.eclipse.paho.client.mqttv3.internal.Token.waitForCompletion(Token.java:112)
	at org.eclipse.paho.client.mqttv3.MqttToken.waitForCompletion(MqttToken.java:67)
	at org.eclipse.paho.client.mqttv3.MqttClient.connect(MqttClient.java:238)
	at org.springframework.integration.mqtt.inbound.MqttPahoMessageDrivenChannelAdapter.connectAndSubscribe(MqttPahoMessageDrivenChannelAdapter.java:244)
	at org.springframework.integration.mqtt.inbound.MqttPahoMessageDrivenChannelAdapter.access$300(MqttPahoMessageDrivenChannelAdapter.java:51)
	at org.springframework.integration.mqtt.inbound.MqttPahoMessageDrivenChannelAdapter$1.run(MqttPahoMessageDrivenChannelAdapter.java:301)
	at org.springframework.scheduling.support.DelegatingErrorHandlingRunnable.run(DelegatingErrorHandlingRunnable.java:54)
	at java.util.concurrent.Executors$RunnableAdapter.call(Executors.java:511)
	at java.util.concurrent.FutureTask.run$$$capture(FutureTask.java:266)
	at java.util.concurrent.FutureTask.run(FutureTask.java)
	at java.util.concurrent.ScheduledThreadPoolExecutor$ScheduledFutureTask.access$201(ScheduledThreadPoolExecutor.java:180)
	at java.util.concurrent.ScheduledThreadPoolExecutor$ScheduledFutureTask.run(ScheduledThreadPoolExecutor.java:293)
	at java.util.concurrent.ThreadPoolExecutor.runWorker(ThreadPoolExecutor.java:1149)
	at java.util.concurrent.ThreadPoolExecutor$Worker.run(ThreadPoolExecutor.java:624)
	at java.lang.Thread.run(Thread.java:748)
===2020-01-18 19:49:08.636 ERROR org.springframework.integration.mqtt.inbound.MqttPahoMessageDrivenChannelAdapter Line:307 - Exception while connecting and subscribing
org.eclipse.paho.client.mqttv3.MqttException: 等待来自服务器的响应时超时
	at org.eclipse.paho.client.mqttv3.internal.Token.waitForCompletion(Token.java:112)
	at org.eclipse.paho.client.mqttv3.MqttToken.waitForCompletion(MqttToken.java:67)
	at org.eclipse.paho.client.mqttv3.MqttClient.connect(MqttClient.java:238)
	at org.springframework.integration.mqtt.inbound.MqttPahoMessageDrivenChannelAdapter.connectAndSubscribe(MqttPahoMessageDrivenChannelAdapter.java:244)
	at org.springframework.integration.mqtt.inbound.MqttPahoMessageDrivenChannelAdapter.access$300(MqttPahoMessageDrivenChannelAdapter.java:51)
	at org.springframework.integration.mqtt.inbound.MqttPahoMessageDrivenChannelAdapter$1.run(MqttPahoMessageDrivenChannelAdapter.java:301)
	at org.springframework.scheduling.support.DelegatingErrorHandlingRunnable.run(DelegatingErrorHandlingRunnable.java:54)
	at java.util.concurrent.Executors$RunnableAdapter.call(Executors.java:511)
	at java.util.concurrent.FutureTask.run$$$capture(FutureTask.java:266)
	at java.util.concurrent.FutureTask.run(FutureTask.java)
	at java.util.concurrent.ScheduledThreadPoolExecutor$ScheduledFutureTask.access$201(ScheduledThreadPoolExecutor.java:180)
	at java.util.concurrent.ScheduledThreadPoolExecutor$ScheduledFutureTask.run(ScheduledThreadPoolExecutor.java:293)
	at java.util.concurrent.ThreadPoolExecutor.runWorker(ThreadPoolExecutor.java:1149)
	at java.util.concurrent.ThreadPoolExecutor$Worker.run(ThreadPoolExecutor.java:624)
	at java.lang.Thread.run(Thread.java:748)
===2020-01-18 19:49:23.645 ERROR org.springframework.integration.mqtt.inbound.MqttPahoMessageDrivenChannelAdapter Line:263 - Error connecting or subscribing to [/RTP1]
org.eclipse.paho.client.mqttv3.MqttException: 等待来自服务器的响应时超时
	at org.eclipse.paho.client.mqttv3.internal.Token.waitForCompletion(Token.java:112)
	at org.eclipse.paho.client.mqttv3.MqttToken.waitForCompletion(MqttToken.java:67)
	at org.eclipse.paho.client.mqttv3.MqttClient.connect(MqttClient.java:238)
	at org.springframework.integration.mqtt.inbound.MqttPahoMessageDrivenChannelAdapter.connectAndSubscribe(MqttPahoMessageDrivenChannelAdapter.java:244)
	at org.springframework.integration.mqtt.inbound.MqttPahoMessageDrivenChannelAdapter.access$300(MqttPahoMessageDrivenChannelAdapter.java:51)
	at org.springframework.integration.mqtt.inbound.MqttPahoMessageDrivenChannelAdapter$1.run(MqttPahoMessageDrivenChannelAdapter.java:301)
	at org.springframework.scheduling.support.DelegatingErrorHandlingRunnable.run(DelegatingErrorHandlingRunnable.java:54)
	at java.util.concurrent.Executors$RunnableAdapter.call(Executors.java:511)
	at java.util.concurrent.FutureTask.run$$$capture(FutureTask.java:266)
	at java.util.concurrent.FutureTask.run(FutureTask.java)
	at java.util.concurrent.ScheduledThreadPoolExecutor$ScheduledFutureTask.access$201(ScheduledThreadPoolExecutor.java:180)
	at java.util.concurrent.ScheduledThreadPoolExecutor$ScheduledFutureTask.run(ScheduledThreadPoolExecutor.java:293)
	at java.util.concurrent.ThreadPoolExecutor.runWorker(ThreadPoolExecutor.java:1149)
	at java.util.concurrent.ThreadPoolExecutor$Worker.run(ThreadPoolExecutor.java:624)
	at java.lang.Thread.run(Thread.java:748)
===2020-01-18 19:49:58.658 ERROR org.springframework.integration.mqtt.inbound.MqttPahoMessageDrivenChannelAdapter Line:307 - Exception while connecting and subscribing
org.eclipse.paho.client.mqttv3.MqttException: 等待来自服务器的响应时超时
	at org.eclipse.paho.client.mqttv3.internal.Token.waitForCompletion(Token.java:112)
	at org.eclipse.paho.client.mqttv3.MqttToken.waitForCompletion(MqttToken.java:67)
	at org.eclipse.paho.client.mqttv3.MqttClient.connect(MqttClient.java:238)
	at org.springframework.integration.mqtt.inbound.MqttPahoMessageDrivenChannelAdapter.connectAndSubscribe(MqttPahoMessageDrivenChannelAdapter.java:244)
	at org.springframework.integration.mqtt.inbound.MqttPahoMessageDrivenChannelAdapter.access$300(MqttPahoMessageDrivenChannelAdapter.java:51)
	at org.springframework.integration.mqtt.inbound.MqttPahoMessageDrivenChannelAdapter$1.run(MqttPahoMessageDrivenChannelAdapter.java:301)
	at org.springframework.scheduling.support.DelegatingErrorHandlingRunnable.run(DelegatingErrorHandlingRunnable.java:54)
	at java.util.concurrent.Executors$RunnableAdapter.call(Executors.java:511)
	at java.util.concurrent.FutureTask.run$$$capture(FutureTask.java:266)
	at java.util.concurrent.FutureTask.run(FutureTask.java)
	at java.util.concurrent.ScheduledThreadPoolExecutor$ScheduledFutureTask.access$201(ScheduledThreadPoolExecutor.java:180)
	at java.util.concurrent.ScheduledThreadPoolExecutor$ScheduledFutureTask.run(ScheduledThreadPoolExecutor.java:293)
	at java.util.concurrent.ThreadPoolExecutor.runWorker(ThreadPoolExecutor.java:1149)
	at java.util.concurrent.ThreadPoolExecutor$Worker.run(ThreadPoolExecutor.java:624)
	at java.lang.Thread.run(Thread.java:748)
===2020-01-18 19:50:13.664 ERROR org.springframework.integration.mqtt.inbound.MqttPahoMessageDrivenChannelAdapter Line:263 - Error connecting or subscribing to [/RTP1]
org.eclipse.paho.client.mqttv3.MqttException: 等待来自服务器的响应时超时
	at org.eclipse.paho.client.mqttv3.internal.Token.waitForCompletion(Token.java:112)
	at org.eclipse.paho.client.mqttv3.MqttToken.waitForCompletion(MqttToken.java:67)
	at org.eclipse.paho.client.mqttv3.MqttClient.connect(MqttClient.java:238)
	at org.springframework.integration.mqtt.inbound.MqttPahoMessageDrivenChannelAdapter.connectAndSubscribe(MqttPahoMessageDrivenChannelAdapter.java:244)
	at org.springframework.integration.mqtt.inbound.MqttPahoMessageDrivenChannelAdapter.access$300(MqttPahoMessageDrivenChannelAdapter.java:51)
	at org.springframework.integration.mqtt.inbound.MqttPahoMessageDrivenChannelAdapter$1.run(MqttPahoMessageDrivenChannelAdapter.java:301)
	at org.springframework.scheduling.support.DelegatingErrorHandlingRunnable.run(DelegatingErrorHandlingRunnable.java:54)
	at java.util.concurrent.Executors$RunnableAdapter.call(Executors.java:511)
	at java.util.concurrent.FutureTask.run$$$capture(FutureTask.java:266)
	at java.util.concurrent.FutureTask.run(FutureTask.java)
	at java.util.concurrent.ScheduledThreadPoolExecutor$ScheduledFutureTask.access$201(ScheduledThreadPoolExecutor.java:180)
	at java.util.concurrent.ScheduledThreadPoolExecutor$ScheduledFutureTask.run(ScheduledThreadPoolExecutor.java:293)
	at java.util.concurrent.ThreadPoolExecutor.runWorker(ThreadPoolExecutor.java:1149)
	at java.util.concurrent.ThreadPoolExecutor$Worker.run(ThreadPoolExecutor.java:624)
	at java.lang.Thread.run(Thread.java:748)
===2020-01-18 19:50:48.679 ERROR org.springframework.integration.mqtt.inbound.MqttPahoMessageDrivenChannelAdapter Line:307 - Exception while connecting and subscribing
org.eclipse.paho.client.mqttv3.MqttException: 等待来自服务器的响应时超时
	at org.eclipse.paho.client.mqttv3.internal.Token.waitForCompletion(Token.java:112)
	at org.eclipse.paho.client.mqttv3.MqttToken.waitForCompletion(MqttToken.java:67)
	at org.eclipse.paho.client.mqttv3.MqttClient.connect(MqttClient.java:238)
	at org.springframework.integration.mqtt.inbound.MqttPahoMessageDrivenChannelAdapter.connectAndSubscribe(MqttPahoMessageDrivenChannelAdapter.java:244)
	at org.springframework.integration.mqtt.inbound.MqttPahoMessageDrivenChannelAdapter.access$300(MqttPahoMessageDrivenChannelAdapter.java:51)
	at org.springframework.integration.mqtt.inbound.MqttPahoMessageDrivenChannelAdapter$1.run(MqttPahoMessageDrivenChannelAdapter.java:301)
	at org.springframework.scheduling.support.DelegatingErrorHandlingRunnable.run(DelegatingErrorHandlingRunnable.java:54)
	at java.util.concurrent.Executors$RunnableAdapter.call(Executors.java:511)
	at java.util.concurrent.FutureTask.run$$$capture(FutureTask.java:266)
	at java.util.concurrent.FutureTask.run(FutureTask.java)
	at java.util.concurrent.ScheduledThreadPoolExecutor$ScheduledFutureTask.access$201(ScheduledThreadPoolExecutor.java:180)
	at java.util.concurrent.ScheduledThreadPoolExecutor$ScheduledFutureTask.run(ScheduledThreadPoolExecutor.java:293)
	at java.util.concurrent.ThreadPoolExecutor.runWorker(ThreadPoolExecutor.java:1149)
	at java.util.concurrent.ThreadPoolExecutor$Worker.run(ThreadPoolExecutor.java:624)
	at java.lang.Thread.run(Thread.java:748)
===2020-01-18 19:51:03.689 ERROR org.springframework.integration.mqtt.inbound.MqttPahoMessageDrivenChannelAdapter Line:263 - Error connecting or subscribing to [/RTP1]
org.eclipse.paho.client.mqttv3.MqttException: 等待来自服务器的响应时超时
	at org.eclipse.paho.client.mqttv3.internal.Token.waitForCompletion(Token.java:112)
	at org.eclipse.paho.client.mqttv3.MqttToken.waitForCompletion(MqttToken.java:67)
	at org.eclipse.paho.client.mqttv3.MqttClient.connect(MqttClient.java:238)
	at org.springframework.integration.mqtt.inbound.MqttPahoMessageDrivenChannelAdapter.connectAndSubscribe(MqttPahoMessageDrivenChannelAdapter.java:244)
	at org.springframework.integration.mqtt.inbound.MqttPahoMessageDrivenChannelAdapter.access$300(MqttPahoMessageDrivenChannelAdapter.java:51)
	at org.springframework.integration.mqtt.inbound.MqttPahoMessageDrivenChannelAdapter$1.run(MqttPahoMessageDrivenChannelAdapter.java:301)
	at org.springframework.scheduling.support.DelegatingErrorHandlingRunnable.run(DelegatingErrorHandlingRunnable.java:54)
	at java.util.concurrent.Executors$RunnableAdapter.call(Executors.java:511)
	at java.util.concurrent.FutureTask.run$$$capture(FutureTask.java:266)
	at java.util.concurrent.FutureTask.run(FutureTask.java)
	at java.util.concurrent.ScheduledThreadPoolExecutor$ScheduledFutureTask.access$201(ScheduledThreadPoolExecutor.java:180)
	at java.util.concurrent.ScheduledThreadPoolExecutor$ScheduledFutureTask.run(ScheduledThreadPoolExecutor.java:293)
	at java.util.concurrent.ThreadPoolExecutor.runWorker(ThreadPoolExecutor.java:1149)
	at java.util.concurrent.ThreadPoolExecutor$Worker.run(ThreadPoolExecutor.java:624)
	at java.lang.Thread.run(Thread.java:748)
===2020-01-18 19:51:38.703 ERROR org.springframework.integration.mqtt.inbound.MqttPahoMessageDrivenChannelAdapter Line:307 - Exception while connecting and subscribing
org.eclipse.paho.client.mqttv3.MqttException: 等待来自服务器的响应时超时
	at org.eclipse.paho.client.mqttv3.internal.Token.waitForCompletion(Token.java:112)
	at org.eclipse.paho.client.mqttv3.MqttToken.waitForCompletion(MqttToken.java:67)
	at org.eclipse.paho.client.mqttv3.MqttClient.connect(MqttClient.java:238)
	at org.springframework.integration.mqtt.inbound.MqttPahoMessageDrivenChannelAdapter.connectAndSubscribe(MqttPahoMessageDrivenChannelAdapter.java:244)
	at org.springframework.integration.mqtt.inbound.MqttPahoMessageDrivenChannelAdapter.access$300(MqttPahoMessageDrivenChannelAdapter.java:51)
	at org.springframework.integration.mqtt.inbound.MqttPahoMessageDrivenChannelAdapter$1.run(MqttPahoMessageDrivenChannelAdapter.java:301)
	at org.springframework.scheduling.support.DelegatingErrorHandlingRunnable.run(DelegatingErrorHandlingRunnable.java:54)
	at java.util.concurrent.Executors$RunnableAdapter.call(Executors.java:511)
	at java.util.concurrent.FutureTask.run$$$capture(FutureTask.java:266)
	at java.util.concurrent.FutureTask.run(FutureTask.java)
	at java.util.concurrent.ScheduledThreadPoolExecutor$ScheduledFutureTask.access$201(ScheduledThreadPoolExecutor.java:180)
	at java.util.concurrent.ScheduledThreadPoolExecutor$ScheduledFutureTask.run(ScheduledThreadPoolExecutor.java:293)
	at java.util.concurrent.ThreadPoolExecutor.runWorker(ThreadPoolExecutor.java:1149)
	at java.util.concurrent.ThreadPoolExecutor$Worker.run(ThreadPoolExecutor.java:624)
	at java.lang.Thread.run(Thread.java:748)
===2020-01-18 19:51:53.709 ERROR org.springframework.integration.mqtt.inbound.MqttPahoMessageDrivenChannelAdapter Line:263 - Error connecting or subscribing to [/RTP1]
org.eclipse.paho.client.mqttv3.MqttException: 等待来自服务器的响应时超时
	at org.eclipse.paho.client.mqttv3.internal.Token.waitForCompletion(Token.java:112)
	at org.eclipse.paho.client.mqttv3.MqttToken.waitForCompletion(MqttToken.java:67)
	at org.eclipse.paho.client.mqttv3.MqttClient.connect(MqttClient.java:238)
	at org.springframework.integration.mqtt.inbound.MqttPahoMessageDrivenChannelAdapter.connectAndSubscribe(MqttPahoMessageDrivenChannelAdapter.java:244)
	at org.springframework.integration.mqtt.inbound.MqttPahoMessageDrivenChannelAdapter.access$300(MqttPahoMessageDrivenChannelAdapter.java:51)
	at org.springframework.integration.mqtt.inbound.MqttPahoMessageDrivenChannelAdapter$1.run(MqttPahoMessageDrivenChannelAdapter.java:301)
	at org.springframework.scheduling.support.DelegatingErrorHandlingRunnable.run(DelegatingErrorHandlingRunnable.java:54)
	at java.util.concurrent.Executors$RunnableAdapter.call(Executors.java:511)
	at java.util.concurrent.FutureTask.run$$$capture(FutureTask.java:266)
	at java.util.concurrent.FutureTask.run(FutureTask.java)
	at java.util.concurrent.ScheduledThreadPoolExecutor$ScheduledFutureTask.access$201(ScheduledThreadPoolExecutor.java:180)
	at java.util.concurrent.ScheduledThreadPoolExecutor$ScheduledFutureTask.run(ScheduledThreadPoolExecutor.java:293)
	at java.util.concurrent.ThreadPoolExecutor.runWorker(ThreadPoolExecutor.java:1149)
	at java.util.concurrent.ThreadPoolExecutor$Worker.run(ThreadPoolExecutor.java:624)
	at java.lang.Thread.run(Thread.java:748)
===2020-01-18 19:52:28.718 ERROR org.springframework.integration.mqtt.inbound.MqttPahoMessageDrivenChannelAdapter Line:307 - Exception while connecting and subscribing
org.eclipse.paho.client.mqttv3.MqttException: 等待来自服务器的响应时超时
	at org.eclipse.paho.client.mqttv3.internal.Token.waitForCompletion(Token.java:112)
	at org.eclipse.paho.client.mqttv3.MqttToken.waitForCompletion(MqttToken.java:67)
	at org.eclipse.paho.client.mqttv3.MqttClient.connect(MqttClient.java:238)
	at org.springframework.integration.mqtt.inbound.MqttPahoMessageDrivenChannelAdapter.connectAndSubscribe(MqttPahoMessageDrivenChannelAdapter.java:244)
	at org.springframework.integration.mqtt.inbound.MqttPahoMessageDrivenChannelAdapter.access$300(MqttPahoMessageDrivenChannelAdapter.java:51)
	at org.springframework.integration.mqtt.inbound.MqttPahoMessageDrivenChannelAdapter$1.run(MqttPahoMessageDrivenChannelAdapter.java:301)
	at org.springframework.scheduling.support.DelegatingErrorHandlingRunnable.run(DelegatingErrorHandlingRunnable.java:54)
	at java.util.concurrent.Executors$RunnableAdapter.call(Executors.java:511)
	at java.util.concurrent.FutureTask.run$$$capture(FutureTask.java:266)
	at java.util.concurrent.FutureTask.run(FutureTask.java)
	at java.util.concurrent.ScheduledThreadPoolExecutor$ScheduledFutureTask.access$201(ScheduledThreadPoolExecutor.java:180)
	at java.util.concurrent.ScheduledThreadPoolExecutor$ScheduledFutureTask.run(ScheduledThreadPoolExecutor.java:293)
	at java.util.concurrent.ThreadPoolExecutor.runWorker(ThreadPoolExecutor.java:1149)
	at java.util.concurrent.ThreadPoolExecutor$Worker.run(ThreadPoolExecutor.java:624)
	at java.lang.Thread.run(Thread.java:748)
===2020-01-18 19:52:43.730 ERROR org.springframework.integration.mqtt.inbound.MqttPahoMessageDrivenChannelAdapter Line:263 - Error connecting or subscribing to [/RTP1]
org.eclipse.paho.client.mqttv3.MqttException: 等待来自服务器的响应时超时
	at org.eclipse.paho.client.mqttv3.internal.Token.waitForCompletion(Token.java:112)
	at org.eclipse.paho.client.mqttv3.MqttToken.waitForCompletion(MqttToken.java:67)
	at org.eclipse.paho.client.mqttv3.MqttClient.connect(MqttClient.java:238)
	at org.springframework.integration.mqtt.inbound.MqttPahoMessageDrivenChannelAdapter.connectAndSubscribe(MqttPahoMessageDrivenChannelAdapter.java:244)
	at org.springframework.integration.mqtt.inbound.MqttPahoMessageDrivenChannelAdapter.access$300(MqttPahoMessageDrivenChannelAdapter.java:51)
	at org.springframework.integration.mqtt.inbound.MqttPahoMessageDrivenChannelAdapter$1.run(MqttPahoMessageDrivenChannelAdapter.java:301)
	at org.springframework.scheduling.support.DelegatingErrorHandlingRunnable.run(DelegatingErrorHandlingRunnable.java:54)
	at java.util.concurrent.Executors$RunnableAdapter.call(Executors.java:511)
	at java.util.concurrent.FutureTask.run$$$capture(FutureTask.java:266)
	at java.util.concurrent.FutureTask.run(FutureTask.java)
	at java.util.concurrent.ScheduledThreadPoolExecutor$ScheduledFutureTask.access$201(ScheduledThreadPoolExecutor.java:180)
	at java.util.concurrent.ScheduledThreadPoolExecutor$ScheduledFutureTask.run(ScheduledThreadPoolExecutor.java:293)
	at java.util.concurrent.ThreadPoolExecutor.runWorker(ThreadPoolExecutor.java:1149)
	at java.util.concurrent.ThreadPoolExecutor$Worker.run(ThreadPoolExecutor.java:624)
	at java.lang.Thread.run(Thread.java:748)
===2020-01-18 19:53:18.745 ERROR org.springframework.integration.mqtt.inbound.MqttPahoMessageDrivenChannelAdapter Line:307 - Exception while connecting and subscribing
org.eclipse.paho.client.mqttv3.MqttException: 等待来自服务器的响应时超时
	at org.eclipse.paho.client.mqttv3.internal.Token.waitForCompletion(Token.java:112)
	at org.eclipse.paho.client.mqttv3.MqttToken.waitForCompletion(MqttToken.java:67)
	at org.eclipse.paho.client.mqttv3.MqttClient.connect(MqttClient.java:238)
	at org.springframework.integration.mqtt.inbound.MqttPahoMessageDrivenChannelAdapter.connectAndSubscribe(MqttPahoMessageDrivenChannelAdapter.java:244)
	at org.springframework.integration.mqtt.inbound.MqttPahoMessageDrivenChannelAdapter.access$300(MqttPahoMessageDrivenChannelAdapter.java:51)
	at org.springframework.integration.mqtt.inbound.MqttPahoMessageDrivenChannelAdapter$1.run(MqttPahoMessageDrivenChannelAdapter.java:301)
	at org.springframework.scheduling.support.DelegatingErrorHandlingRunnable.run(DelegatingErrorHandlingRunnable.java:54)
	at java.util.concurrent.Executors$RunnableAdapter.call(Executors.java:511)
	at java.util.concurrent.FutureTask.run$$$capture(FutureTask.java:266)
	at java.util.concurrent.FutureTask.run(FutureTask.java)
	at java.util.concurrent.ScheduledThreadPoolExecutor$ScheduledFutureTask.access$201(ScheduledThreadPoolExecutor.java:180)
	at java.util.concurrent.ScheduledThreadPoolExecutor$ScheduledFutureTask.run(ScheduledThreadPoolExecutor.java:293)
	at java.util.concurrent.ThreadPoolExecutor.runWorker(ThreadPoolExecutor.java:1149)
	at java.util.concurrent.ThreadPoolExecutor$Worker.run(ThreadPoolExecutor.java:624)
	at java.lang.Thread.run(Thread.java:748)
===2020-01-18 19:53:33.756 ERROR org.springframework.integration.mqtt.inbound.MqttPahoMessageDrivenChannelAdapter Line:263 - Error connecting or subscribing to [/RTP1]
org.eclipse.paho.client.mqttv3.MqttException: 等待来自服务器的响应时超时
	at org.eclipse.paho.client.mqttv3.internal.Token.waitForCompletion(Token.java:112)
	at org.eclipse.paho.client.mqttv3.MqttToken.waitForCompletion(MqttToken.java:67)
	at org.eclipse.paho.client.mqttv3.MqttClient.connect(MqttClient.java:238)
	at org.springframework.integration.mqtt.inbound.MqttPahoMessageDrivenChannelAdapter.connectAndSubscribe(MqttPahoMessageDrivenChannelAdapter.java:244)
	at org.springframework.integration.mqtt.inbound.MqttPahoMessageDrivenChannelAdapter.access$300(MqttPahoMessageDrivenChannelAdapter.java:51)
	at org.springframework.integration.mqtt.inbound.MqttPahoMessageDrivenChannelAdapter$1.run(MqttPahoMessageDrivenChannelAdapter.java:301)
	at org.springframework.scheduling.support.DelegatingErrorHandlingRunnable.run(DelegatingErrorHandlingRunnable.java:54)
	at java.util.concurrent.Executors$RunnableAdapter.call(Executors.java:511)
	at java.util.concurrent.FutureTask.run$$$capture(FutureTask.java:266)
	at java.util.concurrent.FutureTask.run(FutureTask.java)
	at java.util.concurrent.ScheduledThreadPoolExecutor$ScheduledFutureTask.access$201(ScheduledThreadPoolExecutor.java:180)
	at java.util.concurrent.ScheduledThreadPoolExecutor$ScheduledFutureTask.run(ScheduledThreadPoolExecutor.java:293)
	at java.util.concurrent.ThreadPoolExecutor.runWorker(ThreadPoolExecutor.java:1149)
	at java.util.concurrent.ThreadPoolExecutor$Worker.run(ThreadPoolExecutor.java:624)
	at java.lang.Thread.run(Thread.java:748)
===2020-01-18 19:54:08.761 ERROR org.springframework.integration.mqtt.inbound.MqttPahoMessageDrivenChannelAdapter Line:307 - Exception while connecting and subscribing
org.eclipse.paho.client.mqttv3.MqttException: 等待来自服务器的响应时超时
	at org.eclipse.paho.client.mqttv3.internal.Token.waitForCompletion(Token.java:112)
	at org.eclipse.paho.client.mqttv3.MqttToken.waitForCompletion(MqttToken.java:67)
	at org.eclipse.paho.client.mqttv3.MqttClient.connect(MqttClient.java:238)
	at org.springframework.integration.mqtt.inbound.MqttPahoMessageDrivenChannelAdapter.connectAndSubscribe(MqttPahoMessageDrivenChannelAdapter.java:244)
	at org.springframework.integration.mqtt.inbound.MqttPahoMessageDrivenChannelAdapter.access$300(MqttPahoMessageDrivenChannelAdapter.java:51)
	at org.springframework.integration.mqtt.inbound.MqttPahoMessageDrivenChannelAdapter$1.run(MqttPahoMessageDrivenChannelAdapter.java:301)
	at org.springframework.scheduling.support.DelegatingErrorHandlingRunnable.run(DelegatingErrorHandlingRunnable.java:54)
	at java.util.concurrent.Executors$RunnableAdapter.call(Executors.java:511)
	at java.util.concurrent.FutureTask.run$$$capture(FutureTask.java:266)
	at java.util.concurrent.FutureTask.run(FutureTask.java)
	at java.util.concurrent.ScheduledThreadPoolExecutor$ScheduledFutureTask.access$201(ScheduledThreadPoolExecutor.java:180)
	at java.util.concurrent.ScheduledThreadPoolExecutor$ScheduledFutureTask.run(ScheduledThreadPoolExecutor.java:293)
	at java.util.concurrent.ThreadPoolExecutor.runWorker(ThreadPoolExecutor.java:1149)
	at java.util.concurrent.ThreadPoolExecutor$Worker.run(ThreadPoolExecutor.java:624)
	at java.lang.Thread.run(Thread.java:748)
===2020-01-18 19:54:23.771 ERROR org.springframework.integration.mqtt.inbound.MqttPahoMessageDrivenChannelAdapter Line:263 - Error connecting or subscribing to [/RTP1]
org.eclipse.paho.client.mqttv3.MqttException: 等待来自服务器的响应时超时
	at org.eclipse.paho.client.mqttv3.internal.Token.waitForCompletion(Token.java:112)
	at org.eclipse.paho.client.mqttv3.MqttToken.waitForCompletion(MqttToken.java:67)
	at org.eclipse.paho.client.mqttv3.MqttClient.connect(MqttClient.java:238)
	at org.springframework.integration.mqtt.inbound.MqttPahoMessageDrivenChannelAdapter.connectAndSubscribe(MqttPahoMessageDrivenChannelAdapter.java:244)
	at org.springframework.integration.mqtt.inbound.MqttPahoMessageDrivenChannelAdapter.access$300(MqttPahoMessageDrivenChannelAdapter.java:51)
	at org.springframework.integration.mqtt.inbound.MqttPahoMessageDrivenChannelAdapter$1.run(MqttPahoMessageDrivenChannelAdapter.java:301)
	at org.springframework.scheduling.support.DelegatingErrorHandlingRunnable.run(DelegatingErrorHandlingRunnable.java:54)
	at java.util.concurrent.Executors$RunnableAdapter.call(Executors.java:511)
	at java.util.concurrent.FutureTask.run$$$capture(FutureTask.java:266)
	at java.util.concurrent.FutureTask.run(FutureTask.java)
	at java.util.concurrent.ScheduledThreadPoolExecutor$ScheduledFutureTask.access$201(ScheduledThreadPoolExecutor.java:180)
	at java.util.concurrent.ScheduledThreadPoolExecutor$ScheduledFutureTask.run(ScheduledThreadPoolExecutor.java:293)
	at java.util.concurrent.ThreadPoolExecutor.runWorker(ThreadPoolExecutor.java:1149)
	at java.util.concurrent.ThreadPoolExecutor$Worker.run(ThreadPoolExecutor.java:624)
	at java.lang.Thread.run(Thread.java:748)
===2020-01-18 19:54:58.780 ERROR org.springframework.integration.mqtt.inbound.MqttPahoMessageDrivenChannelAdapter Line:307 - Exception while connecting and subscribing
org.eclipse.paho.client.mqttv3.MqttException: 等待来自服务器的响应时超时
	at org.eclipse.paho.client.mqttv3.internal.Token.waitForCompletion(Token.java:112)
	at org.eclipse.paho.client.mqttv3.MqttToken.waitForCompletion(MqttToken.java:67)
	at org.eclipse.paho.client.mqttv3.MqttClient.connect(MqttClient.java:238)
	at org.springframework.integration.mqtt.inbound.MqttPahoMessageDrivenChannelAdapter.connectAndSubscribe(MqttPahoMessageDrivenChannelAdapter.java:244)
	at org.springframework.integration.mqtt.inbound.MqttPahoMessageDrivenChannelAdapter.access$300(MqttPahoMessageDrivenChannelAdapter.java:51)
	at org.springframework.integration.mqtt.inbound.MqttPahoMessageDrivenChannelAdapter$1.run(MqttPahoMessageDrivenChannelAdapter.java:301)
	at org.springframework.scheduling.support.DelegatingErrorHandlingRunnable.run(DelegatingErrorHandlingRunnable.java:54)
	at java.util.concurrent.Executors$RunnableAdapter.call(Executors.java:511)
	at java.util.concurrent.FutureTask.run$$$capture(FutureTask.java:266)
	at java.util.concurrent.FutureTask.run(FutureTask.java)
	at java.util.concurrent.ScheduledThreadPoolExecutor$ScheduledFutureTask.access$201(ScheduledThreadPoolExecutor.java:180)
	at java.util.concurrent.ScheduledThreadPoolExecutor$ScheduledFutureTask.run(ScheduledThreadPoolExecutor.java:293)
	at java.util.concurrent.ThreadPoolExecutor.runWorker(ThreadPoolExecutor.java:1149)
	at java.util.concurrent.ThreadPoolExecutor$Worker.run(ThreadPoolExecutor.java:624)
	at java.lang.Thread.run(Thread.java:748)
===2020-01-18 19:55:13.790 ERROR org.springframework.integration.mqtt.inbound.MqttPahoMessageDrivenChannelAdapter Line:263 - Error connecting or subscribing to [/RTP1]
org.eclipse.paho.client.mqttv3.MqttException: 等待来自服务器的响应时超时
	at org.eclipse.paho.client.mqttv3.internal.Token.waitForCompletion(Token.java:112)
	at org.eclipse.paho.client.mqttv3.MqttToken.waitForCompletion(MqttToken.java:67)
	at org.eclipse.paho.client.mqttv3.MqttClient.connect(MqttClient.java:238)
	at org.springframework.integration.mqtt.inbound.MqttPahoMessageDrivenChannelAdapter.connectAndSubscribe(MqttPahoMessageDrivenChannelAdapter.java:244)
	at org.springframework.integration.mqtt.inbound.MqttPahoMessageDrivenChannelAdapter.access$300(MqttPahoMessageDrivenChannelAdapter.java:51)
	at org.springframework.integration.mqtt.inbound.MqttPahoMessageDrivenChannelAdapter$1.run(MqttPahoMessageDrivenChannelAdapter.java:301)
	at org.springframework.scheduling.support.DelegatingErrorHandlingRunnable.run(DelegatingErrorHandlingRunnable.java:54)
	at java.util.concurrent.Executors$RunnableAdapter.call(Executors.java:511)
	at java.util.concurrent.FutureTask.run$$$capture(FutureTask.java:266)
	at java.util.concurrent.FutureTask.run(FutureTask.java)
	at java.util.concurrent.ScheduledThreadPoolExecutor$ScheduledFutureTask.access$201(ScheduledThreadPoolExecutor.java:180)
	at java.util.concurrent.ScheduledThreadPoolExecutor$ScheduledFutureTask.run(ScheduledThreadPoolExecutor.java:293)
	at java.util.concurrent.ThreadPoolExecutor.runWorker(ThreadPoolExecutor.java:1149)
	at java.util.concurrent.ThreadPoolExecutor$Worker.run(ThreadPoolExecutor.java:624)
	at java.lang.Thread.run(Thread.java:748)
===2020-01-18 19:55:48.801 ERROR org.springframework.integration.mqtt.inbound.MqttPahoMessageDrivenChannelAdapter Line:307 - Exception while connecting and subscribing
org.eclipse.paho.client.mqttv3.MqttException: 等待来自服务器的响应时超时
	at org.eclipse.paho.client.mqttv3.internal.Token.waitForCompletion(Token.java:112)
	at org.eclipse.paho.client.mqttv3.MqttToken.waitForCompletion(MqttToken.java:67)
	at org.eclipse.paho.client.mqttv3.MqttClient.connect(MqttClient.java:238)
	at org.springframework.integration.mqtt.inbound.MqttPahoMessageDrivenChannelAdapter.connectAndSubscribe(MqttPahoMessageDrivenChannelAdapter.java:244)
	at org.springframework.integration.mqtt.inbound.MqttPahoMessageDrivenChannelAdapter.access$300(MqttPahoMessageDrivenChannelAdapter.java:51)
	at org.springframework.integration.mqtt.inbound.MqttPahoMessageDrivenChannelAdapter$1.run(MqttPahoMessageDrivenChannelAdapter.java:301)
	at org.springframework.scheduling.support.DelegatingErrorHandlingRunnable.run(DelegatingErrorHandlingRunnable.java:54)
	at java.util.concurrent.Executors$RunnableAdapter.call(Executors.java:511)
	at java.util.concurrent.FutureTask.run$$$capture(FutureTask.java:266)
	at java.util.concurrent.FutureTask.run(FutureTask.java)
	at java.util.concurrent.ScheduledThreadPoolExecutor$ScheduledFutureTask.access$201(ScheduledThreadPoolExecutor.java:180)
	at java.util.concurrent.ScheduledThreadPoolExecutor$ScheduledFutureTask.run(ScheduledThreadPoolExecutor.java:293)
	at java.util.concurrent.ThreadPoolExecutor.runWorker(ThreadPoolExecutor.java:1149)
	at java.util.concurrent.ThreadPoolExecutor$Worker.run(ThreadPoolExecutor.java:624)
	at java.lang.Thread.run(Thread.java:748)
===2020-01-18 19:56:03.812 ERROR org.springframework.integration.mqtt.inbound.MqttPahoMessageDrivenChannelAdapter Line:263 - Error connecting or subscribing to [/RTP1]
org.eclipse.paho.client.mqttv3.MqttException: 等待来自服务器的响应时超时
	at org.eclipse.paho.client.mqttv3.internal.Token.waitForCompletion(Token.java:112)
	at org.eclipse.paho.client.mqttv3.MqttToken.waitForCompletion(MqttToken.java:67)
	at org.eclipse.paho.client.mqttv3.MqttClient.connect(MqttClient.java:238)
	at org.springframework.integration.mqtt.inbound.MqttPahoMessageDrivenChannelAdapter.connectAndSubscribe(MqttPahoMessageDrivenChannelAdapter.java:244)
	at org.springframework.integration.mqtt.inbound.MqttPahoMessageDrivenChannelAdapter.access$300(MqttPahoMessageDrivenChannelAdapter.java:51)
	at org.springframework.integration.mqtt.inbound.MqttPahoMessageDrivenChannelAdapter$1.run(MqttPahoMessageDrivenChannelAdapter.java:301)
	at org.springframework.scheduling.support.DelegatingErrorHandlingRunnable.run(DelegatingErrorHandlingRunnable.java:54)
	at java.util.concurrent.Executors$RunnableAdapter.call(Executors.java:511)
	at java.util.concurrent.FutureTask.run$$$capture(FutureTask.java:266)
	at java.util.concurrent.FutureTask.run(FutureTask.java)
	at java.util.concurrent.ScheduledThreadPoolExecutor$ScheduledFutureTask.access$201(ScheduledThreadPoolExecutor.java:180)
	at java.util.concurrent.ScheduledThreadPoolExecutor$ScheduledFutureTask.run(ScheduledThreadPoolExecutor.java:293)
	at java.util.concurrent.ThreadPoolExecutor.runWorker(ThreadPoolExecutor.java:1149)
	at java.util.concurrent.ThreadPoolExecutor$Worker.run(ThreadPoolExecutor.java:624)
	at java.lang.Thread.run(Thread.java:748)
===2020-01-18 19:56:38.821 ERROR org.springframework.integration.mqtt.inbound.MqttPahoMessageDrivenChannelAdapter Line:307 - Exception while connecting and subscribing
org.eclipse.paho.client.mqttv3.MqttException: 等待来自服务器的响应时超时
	at org.eclipse.paho.client.mqttv3.internal.Token.waitForCompletion(Token.java:112)
	at org.eclipse.paho.client.mqttv3.MqttToken.waitForCompletion(MqttToken.java:67)
	at org.eclipse.paho.client.mqttv3.MqttClient.connect(MqttClient.java:238)
	at org.springframework.integration.mqtt.inbound.MqttPahoMessageDrivenChannelAdapter.connectAndSubscribe(MqttPahoMessageDrivenChannelAdapter.java:244)
	at org.springframework.integration.mqtt.inbound.MqttPahoMessageDrivenChannelAdapter.access$300(MqttPahoMessageDrivenChannelAdapter.java:51)
	at org.springframework.integration.mqtt.inbound.MqttPahoMessageDrivenChannelAdapter$1.run(MqttPahoMessageDrivenChannelAdapter.java:301)
	at org.springframework.scheduling.support.DelegatingErrorHandlingRunnable.run(DelegatingErrorHandlingRunnable.java:54)
	at java.util.concurrent.Executors$RunnableAdapter.call(Executors.java:511)
	at java.util.concurrent.FutureTask.run$$$capture(FutureTask.java:266)
	at java.util.concurrent.FutureTask.run(FutureTask.java)
	at java.util.concurrent.ScheduledThreadPoolExecutor$ScheduledFutureTask.access$201(ScheduledThreadPoolExecutor.java:180)
	at java.util.concurrent.ScheduledThreadPoolExecutor$ScheduledFutureTask.run(ScheduledThreadPoolExecutor.java:293)
	at java.util.concurrent.ThreadPoolExecutor.runWorker(ThreadPoolExecutor.java:1149)
	at java.util.concurrent.ThreadPoolExecutor$Worker.run(ThreadPoolExecutor.java:624)
	at java.lang.Thread.run(Thread.java:748)
===2020-01-18 19:56:53.830 ERROR org.springframework.integration.mqtt.inbound.MqttPahoMessageDrivenChannelAdapter Line:263 - Error connecting or subscribing to [/RTP1]
org.eclipse.paho.client.mqttv3.MqttException: 等待来自服务器的响应时超时
	at org.eclipse.paho.client.mqttv3.internal.Token.waitForCompletion(Token.java:112)
	at org.eclipse.paho.client.mqttv3.MqttToken.waitForCompletion(MqttToken.java:67)
	at org.eclipse.paho.client.mqttv3.MqttClient.connect(MqttClient.java:238)
	at org.springframework.integration.mqtt.inbound.MqttPahoMessageDrivenChannelAdapter.connectAndSubscribe(MqttPahoMessageDrivenChannelAdapter.java:244)
	at org.springframework.integration.mqtt.inbound.MqttPahoMessageDrivenChannelAdapter.access$300(MqttPahoMessageDrivenChannelAdapter.java:51)
	at org.springframework.integration.mqtt.inbound.MqttPahoMessageDrivenChannelAdapter$1.run(MqttPahoMessageDrivenChannelAdapter.java:301)
	at org.springframework.scheduling.support.DelegatingErrorHandlingRunnable.run(DelegatingErrorHandlingRunnable.java:54)
	at java.util.concurrent.Executors$RunnableAdapter.call(Executors.java:511)
	at java.util.concurrent.FutureTask.run$$$capture(FutureTask.java:266)
	at java.util.concurrent.FutureTask.run(FutureTask.java)
	at java.util.concurrent.ScheduledThreadPoolExecutor$ScheduledFutureTask.access$201(ScheduledThreadPoolExecutor.java:180)
	at java.util.concurrent.ScheduledThreadPoolExecutor$ScheduledFutureTask.run(ScheduledThreadPoolExecutor.java:293)
	at java.util.concurrent.ThreadPoolExecutor.runWorker(ThreadPoolExecutor.java:1149)
	at java.util.concurrent.ThreadPoolExecutor$Worker.run(ThreadPoolExecutor.java:624)
	at java.lang.Thread.run(Thread.java:748)
===2020-01-18 19:57:28.842 ERROR org.springframework.integration.mqtt.inbound.MqttPahoMessageDrivenChannelAdapter Line:307 - Exception while connecting and subscribing
org.eclipse.paho.client.mqttv3.MqttException: 等待来自服务器的响应时超时
	at org.eclipse.paho.client.mqttv3.internal.Token.waitForCompletion(Token.java:112)
	at org.eclipse.paho.client.mqttv3.MqttToken.waitForCompletion(MqttToken.java:67)
	at org.eclipse.paho.client.mqttv3.MqttClient.connect(MqttClient.java:238)
	at org.springframework.integration.mqtt.inbound.MqttPahoMessageDrivenChannelAdapter.connectAndSubscribe(MqttPahoMessageDrivenChannelAdapter.java:244)
	at org.springframework.integration.mqtt.inbound.MqttPahoMessageDrivenChannelAdapter.access$300(MqttPahoMessageDrivenChannelAdapter.java:51)
	at org.springframework.integration.mqtt.inbound.MqttPahoMessageDrivenChannelAdapter$1.run(MqttPahoMessageDrivenChannelAdapter.java:301)
	at org.springframework.scheduling.support.DelegatingErrorHandlingRunnable.run(DelegatingErrorHandlingRunnable.java:54)
	at java.util.concurrent.Executors$RunnableAdapter.call(Executors.java:511)
	at java.util.concurrent.FutureTask.run$$$capture(FutureTask.java:266)
	at java.util.concurrent.FutureTask.run(FutureTask.java)
	at java.util.concurrent.ScheduledThreadPoolExecutor$ScheduledFutureTask.access$201(ScheduledThreadPoolExecutor.java:180)
	at java.util.concurrent.ScheduledThreadPoolExecutor$ScheduledFutureTask.run(ScheduledThreadPoolExecutor.java:293)
	at java.util.concurrent.ThreadPoolExecutor.runWorker(ThreadPoolExecutor.java:1149)
	at java.util.concurrent.ThreadPoolExecutor$Worker.run(ThreadPoolExecutor.java:624)
	at java.lang.Thread.run(Thread.java:748)
===2020-01-18 19:57:43.851 ERROR org.springframework.integration.mqtt.inbound.MqttPahoMessageDrivenChannelAdapter Line:263 - Error connecting or subscribing to [/RTP1]
org.eclipse.paho.client.mqttv3.MqttException: 等待来自服务器的响应时超时
	at org.eclipse.paho.client.mqttv3.internal.Token.waitForCompletion(Token.java:112)
	at org.eclipse.paho.client.mqttv3.MqttToken.waitForCompletion(MqttToken.java:67)
	at org.eclipse.paho.client.mqttv3.MqttClient.connect(MqttClient.java:238)
	at org.springframework.integration.mqtt.inbound.MqttPahoMessageDrivenChannelAdapter.connectAndSubscribe(MqttPahoMessageDrivenChannelAdapter.java:244)
	at org.springframework.integration.mqtt.inbound.MqttPahoMessageDrivenChannelAdapter.access$300(MqttPahoMessageDrivenChannelAdapter.java:51)
	at org.springframework.integration.mqtt.inbound.MqttPahoMessageDrivenChannelAdapter$1.run(MqttPahoMessageDrivenChannelAdapter.java:301)
	at org.springframework.scheduling.support.DelegatingErrorHandlingRunnable.run(DelegatingErrorHandlingRunnable.java:54)
	at java.util.concurrent.Executors$RunnableAdapter.call(Executors.java:511)
	at java.util.concurrent.FutureTask.run$$$capture(FutureTask.java:266)
	at java.util.concurrent.FutureTask.run(FutureTask.java)
	at java.util.concurrent.ScheduledThreadPoolExecutor$ScheduledFutureTask.access$201(ScheduledThreadPoolExecutor.java:180)
	at java.util.concurrent.ScheduledThreadPoolExecutor$ScheduledFutureTask.run(ScheduledThreadPoolExecutor.java:293)
	at java.util.concurrent.ThreadPoolExecutor.runWorker(ThreadPoolExecutor.java:1149)
	at java.util.concurrent.ThreadPoolExecutor$Worker.run(ThreadPoolExecutor.java:624)
	at java.lang.Thread.run(Thread.java:748)
===2020-01-18 19:58:18.861 ERROR org.springframework.integration.mqtt.inbound.MqttPahoMessageDrivenChannelAdapter Line:307 - Exception while connecting and subscribing
org.eclipse.paho.client.mqttv3.MqttException: 等待来自服务器的响应时超时
	at org.eclipse.paho.client.mqttv3.internal.Token.waitForCompletion(Token.java:112)
	at org.eclipse.paho.client.mqttv3.MqttToken.waitForCompletion(MqttToken.java:67)
	at org.eclipse.paho.client.mqttv3.MqttClient.connect(MqttClient.java:238)
	at org.springframework.integration.mqtt.inbound.MqttPahoMessageDrivenChannelAdapter.connectAndSubscribe(MqttPahoMessageDrivenChannelAdapter.java:244)
	at org.springframework.integration.mqtt.inbound.MqttPahoMessageDrivenChannelAdapter.access$300(MqttPahoMessageDrivenChannelAdapter.java:51)
	at org.springframework.integration.mqtt.inbound.MqttPahoMessageDrivenChannelAdapter$1.run(MqttPahoMessageDrivenChannelAdapter.java:301)
	at org.springframework.scheduling.support.DelegatingErrorHandlingRunnable.run(DelegatingErrorHandlingRunnable.java:54)
	at java.util.concurrent.Executors$RunnableAdapter.call(Executors.java:511)
	at java.util.concurrent.FutureTask.run$$$capture(FutureTask.java:266)
	at java.util.concurrent.FutureTask.run(FutureTask.java)
	at java.util.concurrent.ScheduledThreadPoolExecutor$ScheduledFutureTask.access$201(ScheduledThreadPoolExecutor.java:180)
	at java.util.concurrent.ScheduledThreadPoolExecutor$ScheduledFutureTask.run(ScheduledThreadPoolExecutor.java:293)
	at java.util.concurrent.ThreadPoolExecutor.runWorker(ThreadPoolExecutor.java:1149)
	at java.util.concurrent.ThreadPoolExecutor$Worker.run(ThreadPoolExecutor.java:624)
	at java.lang.Thread.run(Thread.java:748)
===2020-01-18 19:58:33.871 ERROR org.springframework.integration.mqtt.inbound.MqttPahoMessageDrivenChannelAdapter Line:263 - Error connecting or subscribing to [/RTP1]
org.eclipse.paho.client.mqttv3.MqttException: 等待来自服务器的响应时超时
	at org.eclipse.paho.client.mqttv3.internal.Token.waitForCompletion(Token.java:112)
	at org.eclipse.paho.client.mqttv3.MqttToken.waitForCompletion(MqttToken.java:67)
	at org.eclipse.paho.client.mqttv3.MqttClient.connect(MqttClient.java:238)
	at org.springframework.integration.mqtt.inbound.MqttPahoMessageDrivenChannelAdapter.connectAndSubscribe(MqttPahoMessageDrivenChannelAdapter.java:244)
	at org.springframework.integration.mqtt.inbound.MqttPahoMessageDrivenChannelAdapter.access$300(MqttPahoMessageDrivenChannelAdapter.java:51)
	at org.springframework.integration.mqtt.inbound.MqttPahoMessageDrivenChannelAdapter$1.run(MqttPahoMessageDrivenChannelAdapter.java:301)
	at org.springframework.scheduling.support.DelegatingErrorHandlingRunnable.run(DelegatingErrorHandlingRunnable.java:54)
	at java.util.concurrent.Executors$RunnableAdapter.call(Executors.java:511)
	at java.util.concurrent.FutureTask.run$$$capture(FutureTask.java:266)
	at java.util.concurrent.FutureTask.run(FutureTask.java)
	at java.util.concurrent.ScheduledThreadPoolExecutor$ScheduledFutureTask.access$201(ScheduledThreadPoolExecutor.java:180)
	at java.util.concurrent.ScheduledThreadPoolExecutor$ScheduledFutureTask.run(ScheduledThreadPoolExecutor.java:293)
	at java.util.concurrent.ThreadPoolExecutor.runWorker(ThreadPoolExecutor.java:1149)
	at java.util.concurrent.ThreadPoolExecutor$Worker.run(ThreadPoolExecutor.java:624)
	at java.lang.Thread.run(Thread.java:748)
===2020-01-18 19:59:08.881 ERROR org.springframework.integration.mqtt.inbound.MqttPahoMessageDrivenChannelAdapter Line:307 - Exception while connecting and subscribing
org.eclipse.paho.client.mqttv3.MqttException: 等待来自服务器的响应时超时
	at org.eclipse.paho.client.mqttv3.internal.Token.waitForCompletion(Token.java:112)
	at org.eclipse.paho.client.mqttv3.MqttToken.waitForCompletion(MqttToken.java:67)
	at org.eclipse.paho.client.mqttv3.MqttClient.connect(MqttClient.java:238)
	at org.springframework.integration.mqtt.inbound.MqttPahoMessageDrivenChannelAdapter.connectAndSubscribe(MqttPahoMessageDrivenChannelAdapter.java:244)
	at org.springframework.integration.mqtt.inbound.MqttPahoMessageDrivenChannelAdapter.access$300(MqttPahoMessageDrivenChannelAdapter.java:51)
	at org.springframework.integration.mqtt.inbound.MqttPahoMessageDrivenChannelAdapter$1.run(MqttPahoMessageDrivenChannelAdapter.java:301)
	at org.springframework.scheduling.support.DelegatingErrorHandlingRunnable.run(DelegatingErrorHandlingRunnable.java:54)
	at java.util.concurrent.Executors$RunnableAdapter.call(Executors.java:511)
	at java.util.concurrent.FutureTask.run$$$capture(FutureTask.java:266)
	at java.util.concurrent.FutureTask.run(FutureTask.java)
	at java.util.concurrent.ScheduledThreadPoolExecutor$ScheduledFutureTask.access$201(ScheduledThreadPoolExecutor.java:180)
	at java.util.concurrent.ScheduledThreadPoolExecutor$ScheduledFutureTask.run(ScheduledThreadPoolExecutor.java:293)
	at java.util.concurrent.ThreadPoolExecutor.runWorker(ThreadPoolExecutor.java:1149)
	at java.util.concurrent.ThreadPoolExecutor$Worker.run(ThreadPoolExecutor.java:624)
	at java.lang.Thread.run(Thread.java:748)
===2020-01-18 19:59:23.887 ERROR org.springframework.integration.mqtt.inbound.MqttPahoMessageDrivenChannelAdapter Line:263 - Error connecting or subscribing to [/RTP1]
org.eclipse.paho.client.mqttv3.MqttException: 等待来自服务器的响应时超时
	at org.eclipse.paho.client.mqttv3.internal.Token.waitForCompletion(Token.java:112)
	at org.eclipse.paho.client.mqttv3.MqttToken.waitForCompletion(MqttToken.java:67)
	at org.eclipse.paho.client.mqttv3.MqttClient.connect(MqttClient.java:238)
	at org.springframework.integration.mqtt.inbound.MqttPahoMessageDrivenChannelAdapter.connectAndSubscribe(MqttPahoMessageDrivenChannelAdapter.java:244)
	at org.springframework.integration.mqtt.inbound.MqttPahoMessageDrivenChannelAdapter.access$300(MqttPahoMessageDrivenChannelAdapter.java:51)
	at org.springframework.integration.mqtt.inbound.MqttPahoMessageDrivenChannelAdapter$1.run(MqttPahoMessageDrivenChannelAdapter.java:301)
	at org.springframework.scheduling.support.DelegatingErrorHandlingRunnable.run(DelegatingErrorHandlingRunnable.java:54)
	at java.util.concurrent.Executors$RunnableAdapter.call(Executors.java:511)
	at java.util.concurrent.FutureTask.run$$$capture(FutureTask.java:266)
	at java.util.concurrent.FutureTask.run(FutureTask.java)
	at java.util.concurrent.ScheduledThreadPoolExecutor$ScheduledFutureTask.access$201(ScheduledThreadPoolExecutor.java:180)
	at java.util.concurrent.ScheduledThreadPoolExecutor$ScheduledFutureTask.run(ScheduledThreadPoolExecutor.java:293)
	at java.util.concurrent.ThreadPoolExecutor.runWorker(ThreadPoolExecutor.java:1149)
	at java.util.concurrent.ThreadPoolExecutor$Worker.run(ThreadPoolExecutor.java:624)
	at java.lang.Thread.run(Thread.java:748)
===2020-01-18 19:59:58.900 ERROR org.springframework.integration.mqtt.inbound.MqttPahoMessageDrivenChannelAdapter Line:307 - Exception while connecting and subscribing
org.eclipse.paho.client.mqttv3.MqttException: 等待来自服务器的响应时超时
	at org.eclipse.paho.client.mqttv3.internal.Token.waitForCompletion(Token.java:112)
	at org.eclipse.paho.client.mqttv3.MqttToken.waitForCompletion(MqttToken.java:67)
	at org.eclipse.paho.client.mqttv3.MqttClient.connect(MqttClient.java:238)
	at org.springframework.integration.mqtt.inbound.MqttPahoMessageDrivenChannelAdapter.connectAndSubscribe(MqttPahoMessageDrivenChannelAdapter.java:244)
	at org.springframework.integration.mqtt.inbound.MqttPahoMessageDrivenChannelAdapter.access$300(MqttPahoMessageDrivenChannelAdapter.java:51)
	at org.springframework.integration.mqtt.inbound.MqttPahoMessageDrivenChannelAdapter$1.run(MqttPahoMessageDrivenChannelAdapter.java:301)
	at org.springframework.scheduling.support.DelegatingErrorHandlingRunnable.run(DelegatingErrorHandlingRunnable.java:54)
	at java.util.concurrent.Executors$RunnableAdapter.call(Executors.java:511)
	at java.util.concurrent.FutureTask.run$$$capture(FutureTask.java:266)
	at java.util.concurrent.FutureTask.run(FutureTask.java)
	at java.util.concurrent.ScheduledThreadPoolExecutor$ScheduledFutureTask.access$201(ScheduledThreadPoolExecutor.java:180)
	at java.util.concurrent.ScheduledThreadPoolExecutor$ScheduledFutureTask.run(ScheduledThreadPoolExecutor.java:293)
	at java.util.concurrent.ThreadPoolExecutor.runWorker(ThreadPoolExecutor.java:1149)
	at java.util.concurrent.ThreadPoolExecutor$Worker.run(ThreadPoolExecutor.java:624)
	at java.lang.Thread.run(Thread.java:748)
===2020-01-18 20:00:13.912 ERROR org.springframework.integration.mqtt.inbound.MqttPahoMessageDrivenChannelAdapter Line:263 - Error connecting or subscribing to [/RTP1]
org.eclipse.paho.client.mqttv3.MqttException: 等待来自服务器的响应时超时
	at org.eclipse.paho.client.mqttv3.internal.Token.waitForCompletion(Token.java:112)
	at org.eclipse.paho.client.mqttv3.MqttToken.waitForCompletion(MqttToken.java:67)
	at org.eclipse.paho.client.mqttv3.MqttClient.connect(MqttClient.java:238)
	at org.springframework.integration.mqtt.inbound.MqttPahoMessageDrivenChannelAdapter.connectAndSubscribe(MqttPahoMessageDrivenChannelAdapter.java:244)
	at org.springframework.integration.mqtt.inbound.MqttPahoMessageDrivenChannelAdapter.access$300(MqttPahoMessageDrivenChannelAdapter.java:51)
	at org.springframework.integration.mqtt.inbound.MqttPahoMessageDrivenChannelAdapter$1.run(MqttPahoMessageDrivenChannelAdapter.java:301)
	at org.springframework.scheduling.support.DelegatingErrorHandlingRunnable.run(DelegatingErrorHandlingRunnable.java:54)
	at java.util.concurrent.Executors$RunnableAdapter.call(Executors.java:511)
	at java.util.concurrent.FutureTask.run$$$capture(FutureTask.java:266)
	at java.util.concurrent.FutureTask.run(FutureTask.java)
	at java.util.concurrent.ScheduledThreadPoolExecutor$ScheduledFutureTask.access$201(ScheduledThreadPoolExecutor.java:180)
	at java.util.concurrent.ScheduledThreadPoolExecutor$ScheduledFutureTask.run(ScheduledThreadPoolExecutor.java:293)
	at java.util.concurrent.ThreadPoolExecutor.runWorker(ThreadPoolExecutor.java:1149)
	at java.util.concurrent.ThreadPoolExecutor$Worker.run(ThreadPoolExecutor.java:624)
	at java.lang.Thread.run(Thread.java:748)
===2020-01-18 20:00:48.963 ERROR org.springframework.integration.mqtt.inbound.MqttPahoMessageDrivenChannelAdapter Line:307 - Exception while connecting and subscribing
org.eclipse.paho.client.mqttv3.MqttException: 等待来自服务器的响应时超时
	at org.eclipse.paho.client.mqttv3.internal.Token.waitForCompletion(Token.java:112)
	at org.eclipse.paho.client.mqttv3.MqttToken.waitForCompletion(MqttToken.java:67)
	at org.eclipse.paho.client.mqttv3.MqttClient.connect(MqttClient.java:238)
	at org.springframework.integration.mqtt.inbound.MqttPahoMessageDrivenChannelAdapter.connectAndSubscribe(MqttPahoMessageDrivenChannelAdapter.java:244)
	at org.springframework.integration.mqtt.inbound.MqttPahoMessageDrivenChannelAdapter.access$300(MqttPahoMessageDrivenChannelAdapter.java:51)
	at org.springframework.integration.mqtt.inbound.MqttPahoMessageDrivenChannelAdapter$1.run(MqttPahoMessageDrivenChannelAdapter.java:301)
	at org.springframework.scheduling.support.DelegatingErrorHandlingRunnable.run(DelegatingErrorHandlingRunnable.java:54)
	at java.util.concurrent.Executors$RunnableAdapter.call(Executors.java:511)
	at java.util.concurrent.FutureTask.run$$$capture(FutureTask.java:266)
	at java.util.concurrent.FutureTask.run(FutureTask.java)
	at java.util.concurrent.ScheduledThreadPoolExecutor$ScheduledFutureTask.access$201(ScheduledThreadPoolExecutor.java:180)
	at java.util.concurrent.ScheduledThreadPoolExecutor$ScheduledFutureTask.run(ScheduledThreadPoolExecutor.java:293)
	at java.util.concurrent.ThreadPoolExecutor.runWorker(ThreadPoolExecutor.java:1149)
	at java.util.concurrent.ThreadPoolExecutor$Worker.run(ThreadPoolExecutor.java:624)
	at java.lang.Thread.run(Thread.java:748)
