===2019-12-28 09:50:06.656 INFO  MqttApplication Line:48  - Starting MqttApplication on bogon with PID 82189 (/Users/gpu/Documents/mqtt/mqtt/mqtt_java_server/target/classes started by gpu in /Users/gpu/Documents/mqtt/mqtt/mqtt_java_server)
===2019-12-28 09:50:06.660 INFO  MqttApplication Line:593 - No active profile set, falling back to default profiles: default
===2019-12-28 09:50:07.120 INFO  org.hibernate.validator.internal.util.Version Line:30  - HV000001: Hibernate Validator 5.3.6.Final
===2019-12-28 09:50:10.849 INFO  com.ulisesbocchio.jasyptspringboot.configuration.EnableEncryptablePropertiesBeanFactoryPostProcessor Line:64  - Post-processing PropertySource instances
===2019-12-28 09:50:10.899 INFO  com.ulisesbocchio.jasyptspringboot.configuration.EnableEncryptablePropertiesBeanFactoryPostProcessor Line:57  - Converting PropertySource servletConfigInitParams [org.springframework.core.env.PropertySource$StubPropertySource] to EncryptablePropertySourceWrapper
===2019-12-28 09:50:10.899 INFO  com.ulisesbocchio.jasyptspringboot.configuration.EnableEncryptablePropertiesBeanFactoryPostProcessor Line:57  - Converting PropertySource servletContextInitParams [org.springframework.core.env.PropertySource$StubPropertySource] to EncryptablePropertySourceWrapper
===2019-12-28 09:50:10.901 INFO  com.ulisesbocchio.jasyptspringboot.configuration.EnableEncryptablePropertiesBeanFactoryPostProcessor Line:57  - Converting PropertySource systemProperties [org.springframework.core.env.MapPropertySource] to EncryptableMapPropertySourceWrapper
===2019-12-28 09:50:10.901 INFO  com.ulisesbocchio.jasyptspringboot.configuration.EnableEncryptablePropertiesBeanFactoryPostProcessor Line:57  - Converting PropertySource systemEnvironment [org.springframework.core.env.SystemEnvironmentPropertySource] to EncryptableMapPropertySourceWrapper
===2019-12-28 09:50:10.901 INFO  com.ulisesbocchio.jasyptspringboot.configuration.EnableEncryptablePropertiesBeanFactoryPostProcessor Line:57  - Converting PropertySource random [org.springframework.boot.context.config.RandomValuePropertySource] to EncryptablePropertySourceWrapper
===2019-12-28 09:50:10.902 INFO  com.ulisesbocchio.jasyptspringboot.configuration.EnableEncryptablePropertiesBeanFactoryPostProcessor Line:57  - Converting PropertySource applicationConfig: [classpath:/application.yml] [org.springframework.core.env.MapPropertySource] to EncryptableMapPropertySourceWrapper
===2019-12-28 09:50:10.902 INFO  com.ulisesbocchio.jasyptspringboot.configuration.EnableEncryptablePropertiesBeanFactoryPostProcessor Line:57  - Converting PropertySource refresh [org.springframework.core.env.MapPropertySource] to EncryptableMapPropertySourceWrapper
===2019-12-28 09:50:11.995 INFO  com.ulisesbocchio.jasyptspringboot.configuration.EncryptablePropertyResolverConfiguration Line:47  - String Encryptor custom Bean not found with name 'jasyptStringEncryptor'. Initializing String Encryptor based on properties with name 'jasyptStringEncryptor'
===2019-12-28 09:50:12.789 INFO  org.apache.catalina.core.StandardService Line:180 - Starting service [Tomcat]
===2019-12-28 09:50:12.792 INFO  org.apache.catalina.core.StandardEngine Line:180 - Starting Servlet Engine: Apache Tomcat/8.5.27
===2019-12-28 09:50:12.962 INFO  org.apache.catalina.core.ContainerBase.[Tomcat].[localhost].[/] Line:180 - Initializing Spring embedded WebApplicationContext
===2019-12-28 09:50:14.072 INFO  com.alibaba.druid.spring.boot.autoconfigure.DruidDataSourceAutoConfigure Line:56  - Init DruidDataSource
===2019-12-28 09:50:15.545 INFO  com.alibaba.druid.pool.DruidDataSource Line:1010 - {dataSource-1} inited
===2019-12-28 09:50:48.756 INFO  springfox.documentation.spring.web.PropertySourcedRequestMappingHandlerMapping Line:69  - Mapped URL path [/v2/api-docs] onto method [public org.springframework.http.ResponseEntity<springfox.documentation.spring.web.json.Json> springfox.documentation.swagger2.web.Swagger2Controller.getDocumentation(java.lang.String,javax.servlet.http.HttpServletRequest)]
===2019-12-28 09:50:51.669 INFO  springfox.documentation.spring.web.plugins.DocumentationPluginsBootstrapper Line:147 - Context refreshed
===2019-12-28 09:50:51.720 INFO  springfox.documentation.spring.web.plugins.DocumentationPluginsBootstrapper Line:150 - Found 1 custom documentation plugin(s)
===2019-12-28 09:50:51.820 INFO  springfox.documentation.spring.web.scanners.ApiListingReferenceScanner Line:41  - Scanning for api listing references
===2019-12-28 09:50:52.792 INFO  springfox.documentation.spring.web.readers.operation.CachingOperationNameGenerator Line:40  - Generating unique operation named: getAllPageUsingPOST_1
===2019-12-28 09:50:52.946 INFO  springfox.documentation.spring.web.readers.operation.CachingOperationNameGenerator Line:40  - Generating unique operation named: updateUsingPOST_1
===2019-12-28 09:50:52.956 INFO  springfox.documentation.spring.web.readers.operation.CachingOperationNameGenerator Line:40  - Generating unique operation named: getAllUsingPOST_1
===2019-12-28 09:50:52.963 INFO  springfox.documentation.spring.web.readers.operation.CachingOperationNameGenerator Line:40  - Generating unique operation named: getAllPageUsingPOST_2
===2019-12-28 09:50:53.130 INFO  org.apache.coyote.http11.Http11NioProtocol Line:180 - Initializing ProtocolHandler ["http-nio-8080"]
===2019-12-28 09:50:53.142 INFO  org.apache.coyote.http11.Http11NioProtocol Line:180 - Starting ProtocolHandler ["http-nio-8080"]
===2019-12-28 09:50:53.191 INFO  org.apache.tomcat.util.net.NioSelectorPool Line:180 - Using a shared selector for servlet write/read
===2019-12-28 09:50:53.290 INFO  MqttApplication Line:57  - Started MqttApplication in 48.004 seconds (JVM running for 52.172)
===2019-12-28 09:51:03.290 INFO  org.apache.catalina.core.ContainerBase.[Tomcat].[localhost].[/] Line:180 - Initializing Spring FrameworkServlet 'dispatcherServlet'
===2019-12-28 16:49:29.346 INFO  com.alibaba.druid.pool.DruidDataSource Line:2003 - {dataSource-1} closing ...
===2019-12-28 16:49:29.441 INFO  com.alibaba.druid.pool.DruidDataSource Line:2075 - {dataSource-1} closed
===2019-12-28 16:49:30.686 INFO  MqttApplication Line:48  - Starting MqttApplication on bogon with PID 82189 (/Users/gpu/Documents/mqtt/mqtt/mqtt_java_server/target/classes started by gpu in /Users/gpu/Documents/mqtt/mqtt/mqtt_java_server)
===2019-12-28 16:49:30.686 INFO  MqttApplication Line:593 - No active profile set, falling back to default profiles: default
===2019-12-28 16:49:33.797 INFO  com.ulisesbocchio.jasyptspringboot.configuration.EnableEncryptablePropertiesBeanFactoryPostProcessor Line:64  - Post-processing PropertySource instances
===2019-12-28 16:49:33.816 INFO  com.ulisesbocchio.jasyptspringboot.configuration.EnableEncryptablePropertiesBeanFactoryPostProcessor Line:57  - Converting PropertySource servletConfigInitParams [org.springframework.core.env.PropertySource$StubPropertySource] to EncryptablePropertySourceWrapper
===2019-12-28 16:49:33.817 INFO  com.ulisesbocchio.jasyptspringboot.configuration.EnableEncryptablePropertiesBeanFactoryPostProcessor Line:57  - Converting PropertySource servletContextInitParams [org.springframework.core.env.PropertySource$StubPropertySource] to EncryptablePropertySourceWrapper
===2019-12-28 16:49:33.817 INFO  com.ulisesbocchio.jasyptspringboot.configuration.EnableEncryptablePropertiesBeanFactoryPostProcessor Line:57  - Converting PropertySource systemProperties [org.springframework.core.env.MapPropertySource] to EncryptableMapPropertySourceWrapper
===2019-12-28 16:49:33.818 INFO  com.ulisesbocchio.jasyptspringboot.configuration.EnableEncryptablePropertiesBeanFactoryPostProcessor Line:57  - Converting PropertySource systemEnvironment [org.springframework.core.env.SystemEnvironmentPropertySource] to EncryptableMapPropertySourceWrapper
===2019-12-28 16:49:33.832 INFO  com.ulisesbocchio.jasyptspringboot.configuration.EnableEncryptablePropertiesBeanFactoryPostProcessor Line:57  - Converting PropertySource random [org.springframework.boot.context.config.RandomValuePropertySource] to EncryptablePropertySourceWrapper
===2019-12-28 16:49:33.835 INFO  com.ulisesbocchio.jasyptspringboot.configuration.EnableEncryptablePropertiesBeanFactoryPostProcessor Line:57  - Converting PropertySource applicationConfig: [classpath:/application.yml] [org.springframework.core.env.MapPropertySource] to EncryptableMapPropertySourceWrapper
===2019-12-28 16:49:33.836 INFO  com.ulisesbocchio.jasyptspringboot.configuration.EnableEncryptablePropertiesBeanFactoryPostProcessor Line:57  - Converting PropertySource refresh [org.springframework.core.env.MapPropertySource] to EncryptableMapPropertySourceWrapper
===2019-12-28 16:49:34.294 INFO  com.ulisesbocchio.jasyptspringboot.configuration.EncryptablePropertyResolverConfiguration Line:47  - String Encryptor custom Bean not found with name 'jasyptStringEncryptor'. Initializing String Encryptor based on properties with name 'jasyptStringEncryptor'
===2019-12-28 16:49:34.513 INFO  org.apache.catalina.core.StandardService Line:180 - Starting service [Tomcat]
===2019-12-28 16:49:34.514 INFO  org.apache.catalina.core.StandardEngine Line:180 - Starting Servlet Engine: Apache Tomcat/8.5.27
===2019-12-28 16:49:34.532 INFO  org.apache.catalina.core.ContainerBase.[Tomcat].[localhost].[/] Line:180 - Initializing Spring embedded WebApplicationContext
===2019-12-28 16:49:34.884 INFO  com.alibaba.druid.spring.boot.autoconfigure.DruidDataSourceAutoConfigure Line:56  - Init DruidDataSource
===2019-12-28 16:49:35.915 INFO  com.alibaba.druid.pool.DruidDataSource Line:1010 - {dataSource-2} inited
===2019-12-28 16:49:42.239 INFO  springfox.documentation.spring.web.PropertySourcedRequestMappingHandlerMapping Line:69  - Mapped URL path [/v2/api-docs] onto method [public org.springframework.http.ResponseEntity<springfox.documentation.spring.web.json.Json> springfox.documentation.swagger2.web.Swagger2Controller.getDocumentation(java.lang.String,javax.servlet.http.HttpServletRequest)]
===2019-12-28 16:49:43.466 INFO  springfox.documentation.spring.web.plugins.DocumentationPluginsBootstrapper Line:147 - Context refreshed
===2019-12-28 16:49:43.469 INFO  springfox.documentation.spring.web.plugins.DocumentationPluginsBootstrapper Line:150 - Found 1 custom documentation plugin(s)
===2019-12-28 16:49:43.485 INFO  springfox.documentation.spring.web.scanners.ApiListingReferenceScanner Line:41  - Scanning for api listing references
===2019-12-28 16:49:43.752 INFO  springfox.documentation.spring.web.readers.operation.CachingOperationNameGenerator Line:40  - Generating unique operation named: getAllPageUsingPOST_1
===2019-12-28 16:49:43.811 INFO  springfox.documentation.spring.web.readers.operation.CachingOperationNameGenerator Line:40  - Generating unique operation named: updateUsingPOST_1
===2019-12-28 16:49:43.817 INFO  springfox.documentation.spring.web.readers.operation.CachingOperationNameGenerator Line:40  - Generating unique operation named: getAllUsingPOST_1
===2019-12-28 16:49:43.822 INFO  springfox.documentation.spring.web.readers.operation.CachingOperationNameGenerator Line:40  - Generating unique operation named: getAllPageUsingPOST_2
===2019-12-28 16:49:43.867 INFO  org.apache.coyote.http11.Http11NioProtocol Line:180 - Initializing ProtocolHandler ["http-nio-8080"]
===2019-12-28 16:49:43.868 INFO  org.apache.coyote.http11.Http11NioProtocol Line:180 - Starting ProtocolHandler ["http-nio-8080"]
===2019-12-28 16:49:43.869 INFO  org.apache.tomcat.util.net.NioSelectorPool Line:180 - Using a shared selector for servlet write/read
===2019-12-28 16:49:43.883 INFO  MqttApplication Line:57  - Started MqttApplication in 13.427 seconds (JVM running for 17526.241)
===2019-12-28 16:50:12.935 INFO  MqttApplication Line:48  - Starting MqttApplication on bogon with PID 83971 (/Users/gpu/Documents/mqtt/mqtt/mqtt_java_server/target/classes started by gpu in /Users/gpu/Documents/mqtt/mqtt/mqtt_java_server)
===2019-12-28 16:50:12.937 INFO  MqttApplication Line:593 - No active profile set, falling back to default profiles: default
===2019-12-28 16:50:13.558 INFO  org.hibernate.validator.internal.util.Version Line:30  - HV000001: Hibernate Validator 5.3.6.Final
===2019-12-28 16:50:18.914 INFO  com.ulisesbocchio.jasyptspringboot.configuration.EnableEncryptablePropertiesBeanFactoryPostProcessor Line:64  - Post-processing PropertySource instances
===2019-12-28 16:50:19.158 INFO  com.ulisesbocchio.jasyptspringboot.configuration.EnableEncryptablePropertiesBeanFactoryPostProcessor Line:57  - Converting PropertySource servletConfigInitParams [org.springframework.core.env.PropertySource$StubPropertySource] to EncryptablePropertySourceWrapper
===2019-12-28 16:50:19.159 INFO  com.ulisesbocchio.jasyptspringboot.configuration.EnableEncryptablePropertiesBeanFactoryPostProcessor Line:57  - Converting PropertySource servletContextInitParams [org.springframework.core.env.PropertySource$StubPropertySource] to EncryptablePropertySourceWrapper
===2019-12-28 16:50:19.163 INFO  com.ulisesbocchio.jasyptspringboot.configuration.EnableEncryptablePropertiesBeanFactoryPostProcessor Line:57  - Converting PropertySource systemProperties [org.springframework.core.env.MapPropertySource] to EncryptableMapPropertySourceWrapper
===2019-12-28 16:50:19.165 INFO  com.ulisesbocchio.jasyptspringboot.configuration.EnableEncryptablePropertiesBeanFactoryPostProcessor Line:57  - Converting PropertySource systemEnvironment [org.springframework.core.env.SystemEnvironmentPropertySource] to EncryptableMapPropertySourceWrapper
===2019-12-28 16:50:19.170 INFO  com.ulisesbocchio.jasyptspringboot.configuration.EnableEncryptablePropertiesBeanFactoryPostProcessor Line:57  - Converting PropertySource random [org.springframework.boot.context.config.RandomValuePropertySource] to EncryptablePropertySourceWrapper
===2019-12-28 16:50:19.170 INFO  com.ulisesbocchio.jasyptspringboot.configuration.EnableEncryptablePropertiesBeanFactoryPostProcessor Line:57  - Converting PropertySource applicationConfig: [classpath:/application.yml] [org.springframework.core.env.MapPropertySource] to EncryptableMapPropertySourceWrapper
===2019-12-28 16:50:19.171 INFO  com.ulisesbocchio.jasyptspringboot.configuration.EnableEncryptablePropertiesBeanFactoryPostProcessor Line:57  - Converting PropertySource refresh [org.springframework.core.env.MapPropertySource] to EncryptableMapPropertySourceWrapper
===2019-12-28 16:50:21.616 INFO  org.apache.catalina.core.ContainerBase.[Tomcat].[localhost].[/] Line:180 - Initializing Spring FrameworkServlet 'dispatcherServlet'
===2019-12-28 16:50:23.786 INFO  com.ulisesbocchio.jasyptspringboot.configuration.EncryptablePropertyResolverConfiguration Line:47  - String Encryptor custom Bean not found with name 'jasyptStringEncryptor'. Initializing String Encryptor based on properties with name 'jasyptStringEncryptor'
===2019-12-28 16:50:25.058 INFO  org.apache.catalina.core.StandardService Line:180 - Starting service [Tomcat]
===2019-12-28 16:50:25.061 INFO  org.apache.catalina.core.StandardEngine Line:180 - Starting Servlet Engine: Apache Tomcat/8.5.27
===2019-12-28 16:50:25.342 INFO  org.apache.catalina.core.ContainerBase.[Tomcat].[localhost].[/] Line:180 - Initializing Spring embedded WebApplicationContext
===2019-12-28 16:50:26.961 INFO  com.alibaba.druid.spring.boot.autoconfigure.DruidDataSourceAutoConfigure Line:56  - Init DruidDataSource
===2019-12-28 16:50:28.707 INFO  com.alibaba.druid.pool.DruidDataSource Line:1010 - {dataSource-1} inited
===2019-12-28 16:50:31.506 INFO  springfox.documentation.spring.web.PropertySourcedRequestMappingHandlerMapping Line:69  - Mapped URL path [/v2/api-docs] onto method [public org.springframework.http.ResponseEntity<springfox.documentation.spring.web.json.Json> springfox.documentation.swagger2.web.Swagger2Controller.getDocumentation(java.lang.String,javax.servlet.http.HttpServletRequest)]
===2019-12-28 16:50:38.671 INFO  springfox.documentation.spring.web.plugins.DocumentationPluginsBootstrapper Line:147 - Context refreshed
===2019-12-28 16:50:38.793 INFO  springfox.documentation.spring.web.plugins.DocumentationPluginsBootstrapper Line:150 - Found 1 custom documentation plugin(s)
===2019-12-28 16:50:38.942 INFO  springfox.documentation.spring.web.scanners.ApiListingReferenceScanner Line:41  - Scanning for api listing references
===2019-12-28 16:50:40.029 INFO  springfox.documentation.spring.web.readers.operation.CachingOperationNameGenerator Line:40  - Generating unique operation named: getAllPageUsingPOST_1
===2019-12-28 16:50:40.151 INFO  springfox.documentation.spring.web.readers.operation.CachingOperationNameGenerator Line:40  - Generating unique operation named: getAllUsingGET_1
===2019-12-28 16:50:40.272 INFO  springfox.documentation.spring.web.readers.operation.CachingOperationNameGenerator Line:40  - Generating unique operation named: updateUsingPOST_1
===2019-12-28 16:50:40.284 INFO  springfox.documentation.spring.web.readers.operation.CachingOperationNameGenerator Line:40  - Generating unique operation named: getAllUsingPOST_1
===2019-12-28 16:50:40.311 INFO  springfox.documentation.spring.web.readers.operation.CachingOperationNameGenerator Line:40  - Generating unique operation named: getAllPageUsingPOST_2
===2019-12-28 16:50:40.566 INFO  org.apache.coyote.http11.Http11NioProtocol Line:180 - Initializing ProtocolHandler ["http-nio-8080"]
===2019-12-28 16:50:40.591 INFO  org.apache.coyote.http11.Http11NioProtocol Line:180 - Starting ProtocolHandler ["http-nio-8080"]
===2019-12-28 16:50:40.684 INFO  org.apache.coyote.http11.Http11NioProtocol Line:180 - Pausing ProtocolHandler ["http-nio-8080"]
===2019-12-28 16:50:40.684 INFO  org.apache.catalina.core.StandardService Line:180 - Stopping service [Tomcat]
===2019-12-28 16:50:40.703 INFO  org.apache.catalina.util.LifecycleBase Line:180 - The stop() method was called on component [StandardServer[-1]] after stop() had already been called. The second call will be ignored.
===2019-12-28 16:50:40.704 INFO  org.apache.coyote.http11.Http11NioProtocol Line:180 - Stopping ProtocolHandler ["http-nio-8080"]
===2019-12-28 16:50:40.704 INFO  org.apache.coyote.http11.Http11NioProtocol Line:180 - Destroying ProtocolHandler ["http-nio-8080"]
===2019-12-28 16:50:40.814 INFO  com.alibaba.druid.pool.DruidDataSource Line:2003 - {dataSource-1} closing ...
===2019-12-28 16:50:40.850 INFO  com.alibaba.druid.pool.DruidDataSource Line:2075 - {dataSource-1} closed
===2019-12-28 16:53:15.831 INFO  com.alibaba.druid.pool.DruidDataSource Line:2003 - {dataSource-2} closing ...
===2019-12-28 16:53:15.861 INFO  com.alibaba.druid.pool.DruidDataSource Line:2075 - {dataSource-2} closed
===2019-12-28 16:53:25.767 INFO  MqttApplication Line:48  - Starting MqttApplication on bogon with PID 84136 (/Users/gpu/Documents/mqtt/mqtt/mqtt_java_server/target/classes started by gpu in /Users/gpu/Documents/mqtt/mqtt/mqtt_java_server)
===2019-12-28 16:53:25.770 INFO  MqttApplication Line:593 - No active profile set, falling back to default profiles: default
===2019-12-28 16:53:26.897 INFO  org.hibernate.validator.internal.util.Version Line:30  - HV000001: Hibernate Validator 5.3.6.Final
===2019-12-28 16:53:31.792 INFO  com.ulisesbocchio.jasyptspringboot.configuration.EnableEncryptablePropertiesBeanFactoryPostProcessor Line:64  - Post-processing PropertySource instances
===2019-12-28 16:53:31.825 INFO  com.ulisesbocchio.jasyptspringboot.configuration.EnableEncryptablePropertiesBeanFactoryPostProcessor Line:57  - Converting PropertySource servletConfigInitParams [org.springframework.core.env.PropertySource$StubPropertySource] to EncryptablePropertySourceWrapper
===2019-12-28 16:53:31.826 INFO  com.ulisesbocchio.jasyptspringboot.configuration.EnableEncryptablePropertiesBeanFactoryPostProcessor Line:57  - Converting PropertySource servletContextInitParams [org.springframework.core.env.PropertySource$StubPropertySource] to EncryptablePropertySourceWrapper
===2019-12-28 16:53:31.827 INFO  com.ulisesbocchio.jasyptspringboot.configuration.EnableEncryptablePropertiesBeanFactoryPostProcessor Line:57  - Converting PropertySource systemProperties [org.springframework.core.env.MapPropertySource] to EncryptableMapPropertySourceWrapper
===2019-12-28 16:53:31.827 INFO  com.ulisesbocchio.jasyptspringboot.configuration.EnableEncryptablePropertiesBeanFactoryPostProcessor Line:57  - Converting PropertySource systemEnvironment [org.springframework.core.env.SystemEnvironmentPropertySource] to EncryptableMapPropertySourceWrapper
===2019-12-28 16:53:31.828 INFO  com.ulisesbocchio.jasyptspringboot.configuration.EnableEncryptablePropertiesBeanFactoryPostProcessor Line:57  - Converting PropertySource random [org.springframework.boot.context.config.RandomValuePropertySource] to EncryptablePropertySourceWrapper
===2019-12-28 16:53:31.828 INFO  com.ulisesbocchio.jasyptspringboot.configuration.EnableEncryptablePropertiesBeanFactoryPostProcessor Line:57  - Converting PropertySource applicationConfig: [classpath:/application.yml] [org.springframework.core.env.MapPropertySource] to EncryptableMapPropertySourceWrapper
===2019-12-28 16:53:31.828 INFO  com.ulisesbocchio.jasyptspringboot.configuration.EnableEncryptablePropertiesBeanFactoryPostProcessor Line:57  - Converting PropertySource refresh [org.springframework.core.env.MapPropertySource] to EncryptableMapPropertySourceWrapper
===2019-12-28 16:53:32.673 INFO  com.ulisesbocchio.jasyptspringboot.configuration.EncryptablePropertyResolverConfiguration Line:47  - String Encryptor custom Bean not found with name 'jasyptStringEncryptor'. Initializing String Encryptor based on properties with name 'jasyptStringEncryptor'
===2019-12-28 16:53:33.145 INFO  org.apache.catalina.core.StandardService Line:180 - Starting service [Tomcat]
===2019-12-28 16:53:33.147 INFO  org.apache.catalina.core.StandardEngine Line:180 - Starting Servlet Engine: Apache Tomcat/8.5.27
===2019-12-28 16:53:33.277 INFO  org.apache.catalina.core.ContainerBase.[Tomcat].[localhost].[/] Line:180 - Initializing Spring embedded WebApplicationContext
===2019-12-28 16:53:34.248 INFO  com.alibaba.druid.spring.boot.autoconfigure.DruidDataSourceAutoConfigure Line:56  - Init DruidDataSource
===2019-12-28 16:53:35.426 INFO  com.alibaba.druid.pool.DruidDataSource Line:1010 - {dataSource-1} inited
===2019-12-28 16:53:38.085 INFO  springfox.documentation.spring.web.PropertySourcedRequestMappingHandlerMapping Line:69  - Mapped URL path [/v2/api-docs] onto method [public org.springframework.http.ResponseEntity<springfox.documentation.spring.web.json.Json> springfox.documentation.swagger2.web.Swagger2Controller.getDocumentation(java.lang.String,javax.servlet.http.HttpServletRequest)]
===2019-12-28 16:53:40.503 INFO  springfox.documentation.spring.web.plugins.DocumentationPluginsBootstrapper Line:147 - Context refreshed
===2019-12-28 16:53:40.531 INFO  springfox.documentation.spring.web.plugins.DocumentationPluginsBootstrapper Line:150 - Found 1 custom documentation plugin(s)
===2019-12-28 16:53:40.594 INFO  springfox.documentation.spring.web.scanners.ApiListingReferenceScanner Line:41  - Scanning for api listing references
===2019-12-28 16:53:41.259 INFO  springfox.documentation.spring.web.readers.operation.CachingOperationNameGenerator Line:40  - Generating unique operation named: getAllPageUsingPOST_1
===2019-12-28 16:53:41.299 INFO  springfox.documentation.spring.web.readers.operation.CachingOperationNameGenerator Line:40  - Generating unique operation named: getAllUsingGET_1
===2019-12-28 16:53:41.340 INFO  springfox.documentation.spring.web.readers.operation.CachingOperationNameGenerator Line:40  - Generating unique operation named: updateUsingPOST_1
===2019-12-28 16:53:41.349 INFO  springfox.documentation.spring.web.readers.operation.CachingOperationNameGenerator Line:40  - Generating unique operation named: getAllUsingPOST_1
===2019-12-28 16:53:41.356 INFO  springfox.documentation.spring.web.readers.operation.CachingOperationNameGenerator Line:40  - Generating unique operation named: getAllPageUsingPOST_2
===2019-12-28 16:53:41.531 INFO  org.apache.coyote.http11.Http11NioProtocol Line:180 - Initializing ProtocolHandler ["http-nio-8080"]
===2019-12-28 16:53:41.544 INFO  org.apache.coyote.http11.Http11NioProtocol Line:180 - Starting ProtocolHandler ["http-nio-8080"]
===2019-12-28 16:53:41.614 INFO  org.apache.tomcat.util.net.NioSelectorPool Line:180 - Using a shared selector for servlet write/read
===2019-12-28 16:53:41.698 INFO  MqttApplication Line:57  - Started MqttApplication in 18.029 seconds (JVM running for 20.789)
===2019-12-28 16:53:48.173 INFO  org.apache.catalina.core.ContainerBase.[Tomcat].[localhost].[/] Line:180 - Initializing Spring FrameworkServlet 'dispatcherServlet'
