===2019-12-27 14:40:12.454 INFO  com.alibaba.druid.pool.DruidDataSource Line:2003 - {dataSource-1} closing ...
===2019-12-27 14:40:12.468 INFO  com.alibaba.druid.pool.DruidDataSource Line:2075 - {dataSource-1} closed
===2019-12-27 14:40:13.344 INFO  MqttApplication Line:48  - Starting MqttApplication on bogon with PID 37210 (/Users/gpu/Documents/mqtt/mqtt/mqtt_java_server/target/classes started by gpu in /Users/gpu/Documents/mqtt/mqtt/mqtt_java_server)
===2019-12-27 14:40:13.344 INFO  MqttApplication Line:593 - No active profile set, falling back to default profiles: default
===2019-12-27 14:40:15.846 INFO  com.ulisesbocchio.jasyptspringboot.configuration.EnableEncryptablePropertiesBeanFactoryPostProcessor Line:64  - Post-processing PropertySource instances
===2019-12-27 14:40:15.863 INFO  com.ulisesbocchio.jasyptspringboot.configuration.EnableEncryptablePropertiesBeanFactoryPostProcessor Line:57  - Converting PropertySource servletConfigInitParams [org.springframework.core.env.PropertySource$StubPropertySource] to EncryptablePropertySourceWrapper
===2019-12-27 14:40:15.864 INFO  com.ulisesbocchio.jasyptspringboot.configuration.EnableEncryptablePropertiesBeanFactoryPostProcessor Line:57  - Converting PropertySource servletContextInitParams [org.springframework.core.env.PropertySource$StubPropertySource] to EncryptablePropertySourceWrapper
===2019-12-27 14:40:15.864 INFO  com.ulisesbocchio.jasyptspringboot.configuration.EnableEncryptablePropertiesBeanFactoryPostProcessor Line:57  - Converting PropertySource systemProperties [org.springframework.core.env.MapPropertySource] to EncryptableMapPropertySourceWrapper
===2019-12-27 14:40:15.865 INFO  com.ulisesbocchio.jasyptspringboot.configuration.EnableEncryptablePropertiesBeanFactoryPostProcessor Line:57  - Converting PropertySource systemEnvironment [org.springframework.core.env.SystemEnvironmentPropertySource] to EncryptableMapPropertySourceWrapper
===2019-12-27 14:40:15.865 INFO  com.ulisesbocchio.jasyptspringboot.configuration.EnableEncryptablePropertiesBeanFactoryPostProcessor Line:57  - Converting PropertySource random [org.springframework.boot.context.config.RandomValuePropertySource] to EncryptablePropertySourceWrapper
===2019-12-27 14:40:15.866 INFO  com.ulisesbocchio.jasyptspringboot.configuration.EnableEncryptablePropertiesBeanFactoryPostProcessor Line:57  - Converting PropertySource applicationConfig: [classpath:/application.yml] [org.springframework.core.env.MapPropertySource] to EncryptableMapPropertySourceWrapper
===2019-12-27 14:40:15.866 INFO  com.ulisesbocchio.jasyptspringboot.configuration.EnableEncryptablePropertiesBeanFactoryPostProcessor Line:57  - Converting PropertySource refresh [org.springframework.core.env.MapPropertySource] to EncryptableMapPropertySourceWrapper
===2019-12-27 14:40:16.086 INFO  com.ulisesbocchio.jasyptspringboot.configuration.EncryptablePropertyResolverConfiguration Line:47  - String Encryptor custom Bean not found with name 'jasyptStringEncryptor'. Initializing String Encryptor based on properties with name 'jasyptStringEncryptor'
===2019-12-27 14:40:16.228 INFO  org.apache.catalina.core.StandardService Line:180 - Starting service [Tomcat]
===2019-12-27 14:40:16.229 INFO  org.apache.catalina.core.StandardEngine Line:180 - Starting Servlet Engine: Apache Tomcat/8.5.27
===2019-12-27 14:40:16.247 INFO  org.apache.catalina.core.ContainerBase.[Tomcat].[localhost].[/] Line:180 - Initializing Spring embedded WebApplicationContext
===2019-12-27 14:40:16.672 INFO  com.alibaba.druid.spring.boot.autoconfigure.DruidDataSourceAutoConfigure Line:56  - Init DruidDataSource
===2019-12-27 14:40:27.821 INFO  com.alibaba.druid.pool.DruidDataSource Line:1010 - {dataSource-2} inited
===2019-12-27 14:40:30.208 INFO  springfox.documentation.spring.web.PropertySourcedRequestMappingHandlerMapping Line:69  - Mapped URL path [/v2/api-docs] onto method [public org.springframework.http.ResponseEntity<springfox.documentation.spring.web.json.Json> springfox.documentation.swagger2.web.Swagger2Controller.getDocumentation(java.lang.String,javax.servlet.http.HttpServletRequest)]
===2019-12-27 14:40:33.159 INFO  springfox.documentation.spring.web.plugins.DocumentationPluginsBootstrapper Line:147 - Context refreshed
===2019-12-27 14:40:33.161 INFO  springfox.documentation.spring.web.plugins.DocumentationPluginsBootstrapper Line:150 - Found 1 custom documentation plugin(s)
===2019-12-27 14:40:33.184 INFO  springfox.documentation.spring.web.scanners.ApiListingReferenceScanner Line:41  - Scanning for api listing references
===2019-12-27 14:40:33.640 INFO  springfox.documentation.spring.web.readers.operation.CachingOperationNameGenerator Line:40  - Generating unique operation named: getAllPageUsingPOST_1
===2019-12-27 14:40:33.747 INFO  springfox.documentation.spring.web.readers.operation.CachingOperationNameGenerator Line:40  - Generating unique operation named: updateUsingPOST_1
===2019-12-27 14:40:33.754 INFO  springfox.documentation.spring.web.readers.operation.CachingOperationNameGenerator Line:40  - Generating unique operation named: getAllUsingPOST_1
===2019-12-27 14:40:33.808 INFO  org.apache.coyote.http11.Http11NioProtocol Line:180 - Initializing ProtocolHandler ["http-nio-8080"]
===2019-12-27 14:40:33.809 INFO  org.apache.coyote.http11.Http11NioProtocol Line:180 - Starting ProtocolHandler ["http-nio-8080"]
===2019-12-27 14:40:33.809 INFO  org.apache.tomcat.util.net.NioSelectorPool Line:180 - Using a shared selector for servlet write/read
===2019-12-27 14:40:33.817 INFO  MqttApplication Line:57  - Started MqttApplication in 20.707 seconds (JVM running for 30336.095)
===2019-12-27 16:20:30.139 INFO  com.alibaba.druid.pool.DruidDataSource Line:2003 - {dataSource-2} closing ...
===2019-12-27 16:20:30.171 INFO  com.alibaba.druid.pool.DruidDataSource Line:2075 - {dataSource-2} closed
===2019-12-27 16:22:02.067 INFO  MqttApplication Line:48  - Starting MqttApplication on bogon with PID 37210 (/Users/gpu/Documents/mqtt/mqtt/mqtt_java_server/target/classes started by gpu in /Users/gpu/Documents/mqtt/mqtt/mqtt_java_server)
===2019-12-27 16:22:02.070 INFO  MqttApplication Line:593 - No active profile set, falling back to default profiles: default
===2019-12-27 16:22:02.841 INFO  com.ulisesbocchio.jasyptspringboot.configuration.EnableEncryptablePropertiesBeanFactoryPostProcessor Line:64  - Post-processing PropertySource instances
===2019-12-27 16:22:02.844 INFO  com.ulisesbocchio.jasyptspringboot.configuration.EnableEncryptablePropertiesBeanFactoryPostProcessor Line:57  - Converting PropertySource servletConfigInitParams [org.springframework.core.env.PropertySource$StubPropertySource] to EncryptablePropertySourceWrapper
===2019-12-27 16:22:02.845 INFO  com.ulisesbocchio.jasyptspringboot.configuration.EnableEncryptablePropertiesBeanFactoryPostProcessor Line:57  - Converting PropertySource servletContextInitParams [org.springframework.core.env.PropertySource$StubPropertySource] to EncryptablePropertySourceWrapper
===2019-12-27 16:22:02.857 INFO  com.ulisesbocchio.jasyptspringboot.configuration.EnableEncryptablePropertiesBeanFactoryPostProcessor Line:57  - Converting PropertySource systemProperties [org.springframework.core.env.MapPropertySource] to EncryptableMapPropertySourceWrapper
===2019-12-27 16:22:02.858 INFO  com.ulisesbocchio.jasyptspringboot.configuration.EnableEncryptablePropertiesBeanFactoryPostProcessor Line:57  - Converting PropertySource systemEnvironment [org.springframework.core.env.SystemEnvironmentPropertySource] to EncryptableMapPropertySourceWrapper
===2019-12-27 16:22:02.858 INFO  com.ulisesbocchio.jasyptspringboot.configuration.EnableEncryptablePropertiesBeanFactoryPostProcessor Line:57  - Converting PropertySource random [org.springframework.boot.context.config.RandomValuePropertySource] to EncryptablePropertySourceWrapper
===2019-12-27 16:22:02.858 INFO  com.ulisesbocchio.jasyptspringboot.configuration.EnableEncryptablePropertiesBeanFactoryPostProcessor Line:57  - Converting PropertySource applicationConfig: [classpath:/application.yml] [org.springframework.core.env.MapPropertySource] to EncryptableMapPropertySourceWrapper
===2019-12-27 16:22:02.859 INFO  com.ulisesbocchio.jasyptspringboot.configuration.EnableEncryptablePropertiesBeanFactoryPostProcessor Line:57  - Converting PropertySource refresh [org.springframework.core.env.MapPropertySource] to EncryptableMapPropertySourceWrapper
===2019-12-27 16:22:02.955 INFO  com.ulisesbocchio.jasyptspringboot.configuration.EncryptablePropertyResolverConfiguration Line:47  - String Encryptor custom Bean not found with name 'jasyptStringEncryptor'. Initializing String Encryptor based on properties with name 'jasyptStringEncryptor'
===2019-12-27 16:22:03.002 INFO  org.apache.catalina.core.StandardService Line:180 - Starting service [Tomcat]
===2019-12-27 16:22:03.002 INFO  org.apache.catalina.core.StandardEngine Line:180 - Starting Servlet Engine: Apache Tomcat/8.5.27
===2019-12-27 16:22:03.012 INFO  org.apache.catalina.core.ContainerBase.[Tomcat].[localhost].[/] Line:180 - Initializing Spring embedded WebApplicationContext
===2019-12-27 16:22:03.182 INFO  com.alibaba.druid.spring.boot.autoconfigure.DruidDataSourceAutoConfigure Line:56  - Init DruidDataSource
===2019-12-27 16:22:04.127 INFO  com.alibaba.druid.pool.DruidDataSource Line:1010 - {dataSource-3} inited
===2019-12-27 16:22:04.984 INFO  springfox.documentation.spring.web.PropertySourcedRequestMappingHandlerMapping Line:69  - Mapped URL path [/v2/api-docs] onto method [public org.springframework.http.ResponseEntity<springfox.documentation.spring.web.json.Json> springfox.documentation.swagger2.web.Swagger2Controller.getDocumentation(java.lang.String,javax.servlet.http.HttpServletRequest)]
===2019-12-27 16:22:05.703 INFO  springfox.documentation.spring.web.plugins.DocumentationPluginsBootstrapper Line:147 - Context refreshed
===2019-12-27 16:22:05.705 INFO  springfox.documentation.spring.web.plugins.DocumentationPluginsBootstrapper Line:150 - Found 1 custom documentation plugin(s)
===2019-12-27 16:22:05.715 INFO  springfox.documentation.spring.web.scanners.ApiListingReferenceScanner Line:41  - Scanning for api listing references
===2019-12-27 16:22:05.945 INFO  springfox.documentation.spring.web.readers.operation.CachingOperationNameGenerator Line:40  - Generating unique operation named: getAllPageUsingPOST_1
===2019-12-27 16:22:05.991 INFO  springfox.documentation.spring.web.readers.operation.CachingOperationNameGenerator Line:40  - Generating unique operation named: updateUsingPOST_1
===2019-12-27 16:22:05.997 INFO  springfox.documentation.spring.web.readers.operation.CachingOperationNameGenerator Line:40  - Generating unique operation named: getAllUsingPOST_1
===2019-12-27 16:22:06.034 INFO  org.apache.coyote.http11.Http11NioProtocol Line:180 - Initializing ProtocolHandler ["http-nio-8080"]
===2019-12-27 16:22:06.035 INFO  org.apache.coyote.http11.Http11NioProtocol Line:180 - Starting ProtocolHandler ["http-nio-8080"]
===2019-12-27 16:22:06.035 INFO  org.apache.tomcat.util.net.NioSelectorPool Line:180 - Using a shared selector for servlet write/read
===2019-12-27 16:22:06.041 INFO  MqttApplication Line:57  - Started MqttApplication in 94.334 seconds (JVM running for 36428.039)
===2019-12-27 16:22:06.407 INFO  MqttApplication Line:48  - Starting MqttApplication on bogon with PID 80336 (/Users/gpu/Documents/mqtt/mqtt/mqtt_java_server/target/classes started by gpu in /Users/gpu/Documents/mqtt/mqtt/mqtt_java_server)
===2019-12-27 16:22:06.409 INFO  MqttApplication Line:593 - No active profile set, falling back to default profiles: default
===2019-12-27 16:22:06.792 INFO  org.hibernate.validator.internal.util.Version Line:30  - HV000001: Hibernate Validator 5.3.6.Final
===2019-12-27 16:22:08.822 INFO  com.ulisesbocchio.jasyptspringboot.configuration.EnableEncryptablePropertiesBeanFactoryPostProcessor Line:64  - Post-processing PropertySource instances
===2019-12-27 16:22:08.868 INFO  com.ulisesbocchio.jasyptspringboot.configuration.EnableEncryptablePropertiesBeanFactoryPostProcessor Line:57  - Converting PropertySource servletConfigInitParams [org.springframework.core.env.PropertySource$StubPropertySource] to EncryptablePropertySourceWrapper
===2019-12-27 16:22:08.868 INFO  com.ulisesbocchio.jasyptspringboot.configuration.EnableEncryptablePropertiesBeanFactoryPostProcessor Line:57  - Converting PropertySource servletContextInitParams [org.springframework.core.env.PropertySource$StubPropertySource] to EncryptablePropertySourceWrapper
===2019-12-27 16:22:08.869 INFO  com.ulisesbocchio.jasyptspringboot.configuration.EnableEncryptablePropertiesBeanFactoryPostProcessor Line:57  - Converting PropertySource systemProperties [org.springframework.core.env.MapPropertySource] to EncryptableMapPropertySourceWrapper
===2019-12-27 16:22:08.870 INFO  com.ulisesbocchio.jasyptspringboot.configuration.EnableEncryptablePropertiesBeanFactoryPostProcessor Line:57  - Converting PropertySource systemEnvironment [org.springframework.core.env.SystemEnvironmentPropertySource] to EncryptableMapPropertySourceWrapper
===2019-12-27 16:22:08.870 INFO  com.ulisesbocchio.jasyptspringboot.configuration.EnableEncryptablePropertiesBeanFactoryPostProcessor Line:57  - Converting PropertySource random [org.springframework.boot.context.config.RandomValuePropertySource] to EncryptablePropertySourceWrapper
===2019-12-27 16:22:08.871 INFO  com.ulisesbocchio.jasyptspringboot.configuration.EnableEncryptablePropertiesBeanFactoryPostProcessor Line:57  - Converting PropertySource applicationConfig: [classpath:/application.yml] [org.springframework.core.env.MapPropertySource] to EncryptableMapPropertySourceWrapper
===2019-12-27 16:22:08.872 INFO  com.ulisesbocchio.jasyptspringboot.configuration.EnableEncryptablePropertiesBeanFactoryPostProcessor Line:57  - Converting PropertySource refresh [org.springframework.core.env.MapPropertySource] to EncryptableMapPropertySourceWrapper
===2019-12-27 16:22:09.479 INFO  com.ulisesbocchio.jasyptspringboot.configuration.EncryptablePropertyResolverConfiguration Line:47  - String Encryptor custom Bean not found with name 'jasyptStringEncryptor'. Initializing String Encryptor based on properties with name 'jasyptStringEncryptor'
===2019-12-27 16:22:10.071 INFO  org.apache.catalina.core.StandardService Line:180 - Starting service [Tomcat]
===2019-12-27 16:22:10.072 INFO  org.apache.catalina.core.StandardEngine Line:180 - Starting Servlet Engine: Apache Tomcat/8.5.27
===2019-12-27 16:22:10.156 INFO  org.apache.catalina.core.ContainerBase.[Tomcat].[localhost].[/] Line:180 - Initializing Spring embedded WebApplicationContext
===2019-12-27 16:22:10.843 INFO  com.alibaba.druid.spring.boot.autoconfigure.DruidDataSourceAutoConfigure Line:56  - Init DruidDataSource
===2019-12-27 16:22:11.918 INFO  com.alibaba.druid.pool.DruidDataSource Line:1010 - {dataSource-1} inited
===2019-12-27 16:22:13.958 INFO  springfox.documentation.spring.web.PropertySourcedRequestMappingHandlerMapping Line:69  - Mapped URL path [/v2/api-docs] onto method [public org.springframework.http.ResponseEntity<springfox.documentation.spring.web.json.Json> springfox.documentation.swagger2.web.Swagger2Controller.getDocumentation(java.lang.String,javax.servlet.http.HttpServletRequest)]
===2019-12-27 16:22:15.916 INFO  springfox.documentation.spring.web.plugins.DocumentationPluginsBootstrapper Line:147 - Context refreshed
===2019-12-27 16:22:15.939 INFO  springfox.documentation.spring.web.plugins.DocumentationPluginsBootstrapper Line:150 - Found 1 custom documentation plugin(s)
===2019-12-27 16:22:15.994 INFO  springfox.documentation.spring.web.scanners.ApiListingReferenceScanner Line:41  - Scanning for api listing references
===2019-12-27 16:22:16.547 INFO  springfox.documentation.spring.web.readers.operation.CachingOperationNameGenerator Line:40  - Generating unique operation named: getAllPageUsingPOST_1
===2019-12-27 16:22:16.596 INFO  springfox.documentation.spring.web.readers.operation.CachingOperationNameGenerator Line:40  - Generating unique operation named: updateUsingPOST_1
===2019-12-27 16:22:16.600 INFO  springfox.documentation.spring.web.readers.operation.CachingOperationNameGenerator Line:40  - Generating unique operation named: getAllUsingPOST_1
===2019-12-27 16:22:16.678 INFO  org.apache.coyote.http11.Http11NioProtocol Line:180 - Initializing ProtocolHandler ["http-nio-8080"]
===2019-12-27 16:22:16.689 INFO  org.apache.coyote.http11.Http11NioProtocol Line:180 - Starting ProtocolHandler ["http-nio-8080"]
===2019-12-27 16:22:16.759 INFO  org.apache.coyote.http11.Http11NioProtocol Line:180 - Pausing ProtocolHandler ["http-nio-8080"]
===2019-12-27 16:22:16.760 INFO  org.apache.catalina.core.StandardService Line:180 - Stopping service [Tomcat]
===2019-12-27 16:22:16.781 INFO  org.apache.catalina.util.LifecycleBase Line:180 - The stop() method was called on component [StandardServer[-1]] after stop() had already been called. The second call will be ignored.
===2019-12-27 16:22:16.783 INFO  org.apache.coyote.http11.Http11NioProtocol Line:180 - Stopping ProtocolHandler ["http-nio-8080"]
===2019-12-27 16:22:16.783 INFO  org.apache.coyote.http11.Http11NioProtocol Line:180 - Destroying ProtocolHandler ["http-nio-8080"]
===2019-12-27 16:22:16.832 INFO  com.alibaba.druid.pool.DruidDataSource Line:2003 - {dataSource-1} closing ...
===2019-12-27 16:22:16.839 INFO  com.alibaba.druid.pool.DruidDataSource Line:2075 - {dataSource-1} closed
===2019-12-27 16:22:32.885 INFO  com.alibaba.druid.pool.DruidDataSource Line:2003 - {dataSource-3} closing ...
===2019-12-27 16:22:32.895 INFO  com.alibaba.druid.pool.DruidDataSource Line:2075 - {dataSource-3} closed
===2019-12-27 16:22:40.103 INFO  MqttApplication Line:48  - Starting MqttApplication on bogon with PID 80494 (/Users/gpu/Documents/mqtt/mqtt/mqtt_java_server/target/classes started by gpu in /Users/gpu/Documents/mqtt/mqtt/mqtt_java_server)
===2019-12-27 16:22:40.105 INFO  MqttApplication Line:593 - No active profile set, falling back to default profiles: default
===2019-12-27 16:22:40.472 INFO  org.hibernate.validator.internal.util.Version Line:30  - HV000001: Hibernate Validator 5.3.6.Final
===2019-12-27 16:22:43.417 INFO  com.ulisesbocchio.jasyptspringboot.configuration.EnableEncryptablePropertiesBeanFactoryPostProcessor Line:64  - Post-processing PropertySource instances
===2019-12-27 16:22:43.461 INFO  com.ulisesbocchio.jasyptspringboot.configuration.EnableEncryptablePropertiesBeanFactoryPostProcessor Line:57  - Converting PropertySource servletConfigInitParams [org.springframework.core.env.PropertySource$StubPropertySource] to EncryptablePropertySourceWrapper
===2019-12-27 16:22:43.462 INFO  com.ulisesbocchio.jasyptspringboot.configuration.EnableEncryptablePropertiesBeanFactoryPostProcessor Line:57  - Converting PropertySource servletContextInitParams [org.springframework.core.env.PropertySource$StubPropertySource] to EncryptablePropertySourceWrapper
===2019-12-27 16:22:43.463 INFO  com.ulisesbocchio.jasyptspringboot.configuration.EnableEncryptablePropertiesBeanFactoryPostProcessor Line:57  - Converting PropertySource systemProperties [org.springframework.core.env.MapPropertySource] to EncryptableMapPropertySourceWrapper
===2019-12-27 16:22:43.463 INFO  com.ulisesbocchio.jasyptspringboot.configuration.EnableEncryptablePropertiesBeanFactoryPostProcessor Line:57  - Converting PropertySource systemEnvironment [org.springframework.core.env.SystemEnvironmentPropertySource] to EncryptableMapPropertySourceWrapper
===2019-12-27 16:22:43.464 INFO  com.ulisesbocchio.jasyptspringboot.configuration.EnableEncryptablePropertiesBeanFactoryPostProcessor Line:57  - Converting PropertySource random [org.springframework.boot.context.config.RandomValuePropertySource] to EncryptablePropertySourceWrapper
===2019-12-27 16:22:43.464 INFO  com.ulisesbocchio.jasyptspringboot.configuration.EnableEncryptablePropertiesBeanFactoryPostProcessor Line:57  - Converting PropertySource applicationConfig: [classpath:/application.yml] [org.springframework.core.env.MapPropertySource] to EncryptableMapPropertySourceWrapper
===2019-12-27 16:22:43.464 INFO  com.ulisesbocchio.jasyptspringboot.configuration.EnableEncryptablePropertiesBeanFactoryPostProcessor Line:57  - Converting PropertySource refresh [org.springframework.core.env.MapPropertySource] to EncryptableMapPropertySourceWrapper
===2019-12-27 16:22:44.130 INFO  com.ulisesbocchio.jasyptspringboot.configuration.EncryptablePropertyResolverConfiguration Line:47  - String Encryptor custom Bean not found with name 'jasyptStringEncryptor'. Initializing String Encryptor based on properties with name 'jasyptStringEncryptor'
===2019-12-27 16:22:44.593 INFO  org.apache.catalina.core.StandardService Line:180 - Starting service [Tomcat]
===2019-12-27 16:22:44.594 INFO  org.apache.catalina.core.StandardEngine Line:180 - Starting Servlet Engine: Apache Tomcat/8.5.27
===2019-12-27 16:22:44.685 INFO  org.apache.catalina.core.ContainerBase.[Tomcat].[localhost].[/] Line:180 - Initializing Spring embedded WebApplicationContext
===2019-12-27 16:22:45.423 INFO  com.alibaba.druid.spring.boot.autoconfigure.DruidDataSourceAutoConfigure Line:56  - Init DruidDataSource
===2019-12-27 16:22:46.482 INFO  com.alibaba.druid.pool.DruidDataSource Line:1010 - {dataSource-1} inited
===2019-12-27 16:22:48.789 INFO  springfox.documentation.spring.web.PropertySourcedRequestMappingHandlerMapping Line:69  - Mapped URL path [/v2/api-docs] onto method [public org.springframework.http.ResponseEntity<springfox.documentation.spring.web.json.Json> springfox.documentation.swagger2.web.Swagger2Controller.getDocumentation(java.lang.String,javax.servlet.http.HttpServletRequest)]
===2019-12-27 16:22:50.853 INFO  springfox.documentation.spring.web.plugins.DocumentationPluginsBootstrapper Line:147 - Context refreshed
===2019-12-27 16:22:50.879 INFO  springfox.documentation.spring.web.plugins.DocumentationPluginsBootstrapper Line:150 - Found 1 custom documentation plugin(s)
===2019-12-27 16:22:50.926 INFO  springfox.documentation.spring.web.scanners.ApiListingReferenceScanner Line:41  - Scanning for api listing references
===2019-12-27 16:22:51.505 INFO  springfox.documentation.spring.web.readers.operation.CachingOperationNameGenerator Line:40  - Generating unique operation named: getAllPageUsingPOST_1
===2019-12-27 16:22:51.612 INFO  springfox.documentation.spring.web.readers.operation.CachingOperationNameGenerator Line:40  - Generating unique operation named: updateUsingPOST_1
===2019-12-27 16:22:51.616 INFO  springfox.documentation.spring.web.readers.operation.CachingOperationNameGenerator Line:40  - Generating unique operation named: getAllUsingPOST_1
===2019-12-27 16:22:51.684 INFO  org.apache.coyote.http11.Http11NioProtocol Line:180 - Initializing ProtocolHandler ["http-nio-8080"]
===2019-12-27 16:22:51.694 INFO  org.apache.coyote.http11.Http11NioProtocol Line:180 - Starting ProtocolHandler ["http-nio-8080"]
===2019-12-27 16:22:51.740 INFO  org.apache.tomcat.util.net.NioSelectorPool Line:180 - Using a shared selector for servlet write/read
===2019-12-27 16:22:51.802 INFO  MqttApplication Line:57  - Started MqttApplication in 12.85 seconds (JVM running for 14.531)
===2019-12-27 16:22:54.774 INFO  org.apache.catalina.core.ContainerBase.[Tomcat].[localhost].[/] Line:180 - Initializing Spring FrameworkServlet 'dispatcherServlet'
===2019-12-27 16:59:48.015 INFO  com.alibaba.druid.pool.DruidDataSource Line:2003 - {dataSource-1} closing ...
===2019-12-27 16:59:48.071 INFO  com.alibaba.druid.pool.DruidDataSource Line:2075 - {dataSource-1} closed
===2019-12-27 16:59:55.031 INFO  MqttApplication Line:48  - Starting MqttApplication on bogon with PID 80814 (/Users/gpu/Documents/mqtt/mqtt/mqtt_java_server/target/classes started by gpu in /Users/gpu/Documents/mqtt/mqtt/mqtt_java_server)
===2019-12-27 16:59:55.034 INFO  MqttApplication Line:593 - No active profile set, falling back to default profiles: default
===2019-12-27 16:59:55.435 INFO  org.hibernate.validator.internal.util.Version Line:30  - HV000001: Hibernate Validator 5.3.6.Final
===2019-12-27 16:59:58.464 INFO  com.ulisesbocchio.jasyptspringboot.configuration.EnableEncryptablePropertiesBeanFactoryPostProcessor Line:64  - Post-processing PropertySource instances
===2019-12-27 16:59:58.529 INFO  com.ulisesbocchio.jasyptspringboot.configuration.EnableEncryptablePropertiesBeanFactoryPostProcessor Line:57  - Converting PropertySource servletConfigInitParams [org.springframework.core.env.PropertySource$StubPropertySource] to EncryptablePropertySourceWrapper
===2019-12-27 16:59:58.529 INFO  com.ulisesbocchio.jasyptspringboot.configuration.EnableEncryptablePropertiesBeanFactoryPostProcessor Line:57  - Converting PropertySource servletContextInitParams [org.springframework.core.env.PropertySource$StubPropertySource] to EncryptablePropertySourceWrapper
===2019-12-27 16:59:58.530 INFO  com.ulisesbocchio.jasyptspringboot.configuration.EnableEncryptablePropertiesBeanFactoryPostProcessor Line:57  - Converting PropertySource systemProperties [org.springframework.core.env.MapPropertySource] to EncryptableMapPropertySourceWrapper
===2019-12-27 16:59:58.530 INFO  com.ulisesbocchio.jasyptspringboot.configuration.EnableEncryptablePropertiesBeanFactoryPostProcessor Line:57  - Converting PropertySource systemEnvironment [org.springframework.core.env.SystemEnvironmentPropertySource] to EncryptableMapPropertySourceWrapper
===2019-12-27 16:59:58.531 INFO  com.ulisesbocchio.jasyptspringboot.configuration.EnableEncryptablePropertiesBeanFactoryPostProcessor Line:57  - Converting PropertySource random [org.springframework.boot.context.config.RandomValuePropertySource] to EncryptablePropertySourceWrapper
===2019-12-27 16:59:58.531 INFO  com.ulisesbocchio.jasyptspringboot.configuration.EnableEncryptablePropertiesBeanFactoryPostProcessor Line:57  - Converting PropertySource applicationConfig: [classpath:/application.yml] [org.springframework.core.env.MapPropertySource] to EncryptableMapPropertySourceWrapper
===2019-12-27 16:59:58.531 INFO  com.ulisesbocchio.jasyptspringboot.configuration.EnableEncryptablePropertiesBeanFactoryPostProcessor Line:57  - Converting PropertySource refresh [org.springframework.core.env.MapPropertySource] to EncryptableMapPropertySourceWrapper
===2019-12-27 16:59:59.155 INFO  com.ulisesbocchio.jasyptspringboot.configuration.EncryptablePropertyResolverConfiguration Line:47  - String Encryptor custom Bean not found with name 'jasyptStringEncryptor'. Initializing String Encryptor based on properties with name 'jasyptStringEncryptor'
===2019-12-27 16:59:59.546 INFO  org.apache.catalina.core.StandardService Line:180 - Starting service [Tomcat]
===2019-12-27 16:59:59.547 INFO  org.apache.catalina.core.StandardEngine Line:180 - Starting Servlet Engine: Apache Tomcat/8.5.27
===2019-12-27 16:59:59.643 INFO  org.apache.catalina.core.ContainerBase.[Tomcat].[localhost].[/] Line:180 - Initializing Spring embedded WebApplicationContext
===2019-12-27 17:00:00.380 INFO  com.alibaba.druid.spring.boot.autoconfigure.DruidDataSourceAutoConfigure Line:56  - Init DruidDataSource
===2019-12-27 17:00:01.568 INFO  com.alibaba.druid.pool.DruidDataSource Line:1010 - {dataSource-1} inited
===2019-12-27 17:00:03.692 INFO  springfox.documentation.spring.web.PropertySourcedRequestMappingHandlerMapping Line:69  - Mapped URL path [/v2/api-docs] onto method [public org.springframework.http.ResponseEntity<springfox.documentation.spring.web.json.Json> springfox.documentation.swagger2.web.Swagger2Controller.getDocumentation(java.lang.String,javax.servlet.http.HttpServletRequest)]
===2019-12-27 17:00:05.680 INFO  springfox.documentation.spring.web.plugins.DocumentationPluginsBootstrapper Line:147 - Context refreshed
===2019-12-27 17:00:05.704 INFO  springfox.documentation.spring.web.plugins.DocumentationPluginsBootstrapper Line:150 - Found 1 custom documentation plugin(s)
===2019-12-27 17:00:05.759 INFO  springfox.documentation.spring.web.scanners.ApiListingReferenceScanner Line:41  - Scanning for api listing references
===2019-12-27 17:00:06.284 INFO  springfox.documentation.spring.web.readers.operation.CachingOperationNameGenerator Line:40  - Generating unique operation named: getAllPageUsingPOST_1
===2019-12-27 17:00:06.324 INFO  springfox.documentation.spring.web.readers.operation.CachingOperationNameGenerator Line:40  - Generating unique operation named: updateUsingPOST_1
===2019-12-27 17:00:06.328 INFO  springfox.documentation.spring.web.readers.operation.CachingOperationNameGenerator Line:40  - Generating unique operation named: getAllUsingPOST_1
===2019-12-27 17:00:06.389 INFO  org.apache.coyote.http11.Http11NioProtocol Line:180 - Initializing ProtocolHandler ["http-nio-8080"]
===2019-12-27 17:00:06.400 INFO  org.apache.coyote.http11.Http11NioProtocol Line:180 - Starting ProtocolHandler ["http-nio-8080"]
===2019-12-27 17:00:06.449 INFO  org.apache.tomcat.util.net.NioSelectorPool Line:180 - Using a shared selector for servlet write/read
===2019-12-27 17:00:06.520 INFO  MqttApplication Line:57  - Started MqttApplication in 12.432 seconds (JVM running for 14.048)
===2019-12-27 17:00:12.001 INFO  org.apache.catalina.core.ContainerBase.[Tomcat].[localhost].[/] Line:180 - Initializing Spring FrameworkServlet 'dispatcherServlet'
