===2019-12-23 15:11:10.177 INFO  MqttApplication Line:48  - Starting MqttApplication on bogon with PID 36637 (/Users/gpu/Documents/mqtt/mqtt/mqtt_java_server/target/classes started by gpu in /Users/gpu/Documents/mqtt/mqtt/mqtt_java_server)
===2019-12-23 15:11:10.179 INFO  MqttApplication Line:593 - No active profile set, falling back to default profiles: default
===2019-12-23 15:11:10.602 INFO  org.hibernate.validator.internal.util.Version Line:30  - HV000001: Hibernate Validator 5.3.6.Final
===2019-12-23 15:11:13.069 INFO  com.ulisesbocchio.jasyptspringboot.configuration.EnableEncryptablePropertiesBeanFactoryPostProcessor Line:64  - Post-processing PropertySource instances
===2019-12-23 15:11:13.118 INFO  com.ulisesbocchio.jasyptspringboot.configuration.EnableEncryptablePropertiesBeanFactoryPostProcessor Line:57  - Converting PropertySource servletConfigInitParams [org.springframework.core.env.PropertySource$StubPropertySource] to EncryptablePropertySourceWrapper
===2019-12-23 15:11:13.119 INFO  com.ulisesbocchio.jasyptspringboot.configuration.EnableEncryptablePropertiesBeanFactoryPostProcessor Line:57  - Converting PropertySource servletContextInitParams [org.springframework.core.env.PropertySource$StubPropertySource] to EncryptablePropertySourceWrapper
===2019-12-23 15:11:13.120 INFO  com.ulisesbocchio.jasyptspringboot.configuration.EnableEncryptablePropertiesBeanFactoryPostProcessor Line:57  - Converting PropertySource systemProperties [org.springframework.core.env.MapPropertySource] to EncryptableMapPropertySourceWrapper
===2019-12-23 15:11:13.125 INFO  com.ulisesbocchio.jasyptspringboot.configuration.EnableEncryptablePropertiesBeanFactoryPostProcessor Line:57  - Converting PropertySource systemEnvironment [org.springframework.core.env.SystemEnvironmentPropertySource] to EncryptableMapPropertySourceWrapper
===2019-12-23 15:11:13.126 INFO  com.ulisesbocchio.jasyptspringboot.configuration.EnableEncryptablePropertiesBeanFactoryPostProcessor Line:57  - Converting PropertySource random [org.springframework.boot.context.config.RandomValuePropertySource] to EncryptablePropertySourceWrapper
===2019-12-23 15:11:13.127 INFO  com.ulisesbocchio.jasyptspringboot.configuration.EnableEncryptablePropertiesBeanFactoryPostProcessor Line:57  - Converting PropertySource applicationConfig: [classpath:/application.yml] [org.springframework.core.env.MapPropertySource] to EncryptableMapPropertySourceWrapper
===2019-12-23 15:11:13.128 INFO  com.ulisesbocchio.jasyptspringboot.configuration.EnableEncryptablePropertiesBeanFactoryPostProcessor Line:57  - Converting PropertySource refresh [org.springframework.core.env.MapPropertySource] to EncryptableMapPropertySourceWrapper
===2019-12-23 15:11:13.981 INFO  com.ulisesbocchio.jasyptspringboot.configuration.EncryptablePropertyResolverConfiguration Line:47  - String Encryptor custom Bean not found with name 'jasyptStringEncryptor'. Initializing String Encryptor based on properties with name 'jasyptStringEncryptor'
===2019-12-23 15:11:14.599 INFO  org.apache.catalina.core.StandardService Line:180 - Starting service [Tomcat]
===2019-12-23 15:11:14.602 INFO  org.apache.catalina.core.StandardEngine Line:180 - Starting Servlet Engine: Apache Tomcat/8.5.27
===2019-12-23 15:11:14.737 INFO  org.apache.catalina.core.ContainerBase.[Tomcat].[localhost].[/] Line:180 - Initializing Spring embedded WebApplicationContext
===2019-12-23 15:11:15.562 INFO  com.alibaba.druid.spring.boot.autoconfigure.DruidDataSourceAutoConfigure Line:56  - Init DruidDataSource
===2019-12-23 15:11:16.941 INFO  com.alibaba.druid.pool.DruidDataSource Line:1010 - {dataSource-1} inited
===2019-12-23 15:11:49.064 INFO  springfox.documentation.spring.web.PropertySourcedRequestMappingHandlerMapping Line:69  - Mapped URL path [/v2/api-docs] onto method [public org.springframework.http.ResponseEntity<springfox.documentation.spring.web.json.Json> springfox.documentation.swagger2.web.Swagger2Controller.getDocumentation(java.lang.String,javax.servlet.http.HttpServletRequest)]
===2019-12-23 15:11:51.186 INFO  springfox.documentation.spring.web.plugins.DocumentationPluginsBootstrapper Line:147 - Context refreshed
===2019-12-23 15:11:51.229 INFO  springfox.documentation.spring.web.plugins.DocumentationPluginsBootstrapper Line:150 - Found 1 custom documentation plugin(s)
===2019-12-23 15:11:51.287 INFO  springfox.documentation.spring.web.scanners.ApiListingReferenceScanner Line:41  - Scanning for api listing references
===2019-12-23 15:11:51.625 INFO  springfox.documentation.spring.web.readers.operation.CachingOperationNameGenerator Line:40  - Generating unique operation named: updateUsingPOST_1
===2019-12-23 15:11:51.649 INFO  springfox.documentation.spring.web.readers.operation.CachingOperationNameGenerator Line:40  - Generating unique operation named: getAllUsingPOST_1
===2019-12-23 15:11:51.748 INFO  org.apache.coyote.http11.Http11NioProtocol Line:180 - Initializing ProtocolHandler ["http-nio-8080"]
===2019-12-23 15:11:51.759 INFO  org.apache.coyote.http11.Http11NioProtocol Line:180 - Starting ProtocolHandler ["http-nio-8080"]
===2019-12-23 15:11:51.783 INFO  org.apache.tomcat.util.net.NioSelectorPool Line:180 - Using a shared selector for servlet write/read
===2019-12-23 15:11:51.827 INFO  MqttApplication Line:57  - Started MqttApplication in 42.465 seconds (JVM running for 43.812)
===2019-12-23 15:11:59.383 INFO  org.apache.catalina.core.ContainerBase.[Tomcat].[localhost].[/] Line:180 - Initializing Spring FrameworkServlet 'dispatcherServlet'
===2019-12-23 15:42:15.325 INFO  com.alibaba.druid.pool.DruidDataSource Line:2003 - {dataSource-1} closing ...
===2019-12-23 15:42:15.350 INFO  com.alibaba.druid.pool.DruidDataSource Line:2075 - {dataSource-1} closed
===2019-12-23 15:50:00.150 INFO  MqttApplication Line:48  - Starting MqttApplication on bogon with PID 39653 (/Users/gpu/Documents/mqtt/mqtt/mqtt_java_server/target/classes started by gpu in /Users/gpu/Documents/mqtt/mqtt/mqtt_java_server)
===2019-12-23 15:50:00.156 INFO  MqttApplication Line:593 - No active profile set, falling back to default profiles: default
===2019-12-23 15:50:00.680 INFO  org.hibernate.validator.internal.util.Version Line:30  - HV000001: Hibernate Validator 5.3.6.Final
===2019-12-23 15:50:03.548 INFO  com.ulisesbocchio.jasyptspringboot.configuration.EnableEncryptablePropertiesBeanFactoryPostProcessor Line:64  - Post-processing PropertySource instances
===2019-12-23 15:50:03.595 INFO  com.ulisesbocchio.jasyptspringboot.configuration.EnableEncryptablePropertiesBeanFactoryPostProcessor Line:57  - Converting PropertySource servletConfigInitParams [org.springframework.core.env.PropertySource$StubPropertySource] to EncryptablePropertySourceWrapper
===2019-12-23 15:50:03.595 INFO  com.ulisesbocchio.jasyptspringboot.configuration.EnableEncryptablePropertiesBeanFactoryPostProcessor Line:57  - Converting PropertySource servletContextInitParams [org.springframework.core.env.PropertySource$StubPropertySource] to EncryptablePropertySourceWrapper
===2019-12-23 15:50:03.596 INFO  com.ulisesbocchio.jasyptspringboot.configuration.EnableEncryptablePropertiesBeanFactoryPostProcessor Line:57  - Converting PropertySource systemProperties [org.springframework.core.env.MapPropertySource] to EncryptableMapPropertySourceWrapper
===2019-12-23 15:50:03.596 INFO  com.ulisesbocchio.jasyptspringboot.configuration.EnableEncryptablePropertiesBeanFactoryPostProcessor Line:57  - Converting PropertySource systemEnvironment [org.springframework.core.env.SystemEnvironmentPropertySource] to EncryptableMapPropertySourceWrapper
===2019-12-23 15:50:03.597 INFO  com.ulisesbocchio.jasyptspringboot.configuration.EnableEncryptablePropertiesBeanFactoryPostProcessor Line:57  - Converting PropertySource random [org.springframework.boot.context.config.RandomValuePropertySource] to EncryptablePropertySourceWrapper
===2019-12-23 15:50:03.597 INFO  com.ulisesbocchio.jasyptspringboot.configuration.EnableEncryptablePropertiesBeanFactoryPostProcessor Line:57  - Converting PropertySource applicationConfig: [classpath:/application.yml] [org.springframework.core.env.MapPropertySource] to EncryptableMapPropertySourceWrapper
===2019-12-23 15:50:03.597 INFO  com.ulisesbocchio.jasyptspringboot.configuration.EnableEncryptablePropertiesBeanFactoryPostProcessor Line:57  - Converting PropertySource refresh [org.springframework.core.env.MapPropertySource] to EncryptableMapPropertySourceWrapper
===2019-12-23 15:50:04.422 INFO  com.ulisesbocchio.jasyptspringboot.configuration.EncryptablePropertyResolverConfiguration Line:47  - String Encryptor custom Bean not found with name 'jasyptStringEncryptor'. Initializing String Encryptor based on properties with name 'jasyptStringEncryptor'
===2019-12-23 15:50:04.960 INFO  org.apache.catalina.core.StandardService Line:180 - Starting service [Tomcat]
===2019-12-23 15:50:04.962 INFO  org.apache.catalina.core.StandardEngine Line:180 - Starting Servlet Engine: Apache Tomcat/8.5.27
===2019-12-23 15:50:05.094 INFO  org.apache.catalina.core.ContainerBase.[Tomcat].[localhost].[/] Line:180 - Initializing Spring embedded WebApplicationContext
===2019-12-23 15:50:05.917 INFO  com.alibaba.druid.spring.boot.autoconfigure.DruidDataSourceAutoConfigure Line:56  - Init DruidDataSource
===2019-12-23 15:50:07.165 INFO  com.alibaba.druid.pool.DruidDataSource Line:1010 - {dataSource-1} inited
===2019-12-23 15:50:09.445 INFO  springfox.documentation.spring.web.PropertySourcedRequestMappingHandlerMapping Line:69  - Mapped URL path [/v2/api-docs] onto method [public org.springframework.http.ResponseEntity<springfox.documentation.spring.web.json.Json> springfox.documentation.swagger2.web.Swagger2Controller.getDocumentation(java.lang.String,javax.servlet.http.HttpServletRequest)]
===2019-12-23 15:50:12.850 INFO  springfox.documentation.spring.web.plugins.DocumentationPluginsBootstrapper Line:147 - Context refreshed
===2019-12-23 15:50:12.896 INFO  springfox.documentation.spring.web.plugins.DocumentationPluginsBootstrapper Line:150 - Found 1 custom documentation plugin(s)
===2019-12-23 15:50:12.978 INFO  springfox.documentation.spring.web.scanners.ApiListingReferenceScanner Line:41  - Scanning for api listing references
===2019-12-23 15:50:13.528 INFO  springfox.documentation.spring.web.readers.operation.CachingOperationNameGenerator Line:40  - Generating unique operation named: updateUsingPOST_1
===2019-12-23 15:50:13.538 INFO  springfox.documentation.spring.web.readers.operation.CachingOperationNameGenerator Line:40  - Generating unique operation named: getAllUsingPOST_1
===2019-12-23 15:50:13.613 INFO  org.apache.coyote.http11.Http11NioProtocol Line:180 - Initializing ProtocolHandler ["http-nio-8080"]
===2019-12-23 15:50:13.632 INFO  org.apache.coyote.http11.Http11NioProtocol Line:180 - Starting ProtocolHandler ["http-nio-8080"]
===2019-12-23 15:50:13.727 INFO  org.apache.tomcat.util.net.NioSelectorPool Line:180 - Using a shared selector for servlet write/read
===2019-12-23 15:50:13.781 INFO  MqttApplication Line:57  - Started MqttApplication in 15.031 seconds (JVM running for 17.47)
===2019-12-23 15:50:49.402 INFO  org.apache.catalina.core.ContainerBase.[Tomcat].[localhost].[/] Line:180 - Initializing Spring FrameworkServlet 'dispatcherServlet'
===2019-12-23 16:46:05.841 INFO  com.alibaba.druid.pool.DruidDataSource Line:2003 - {dataSource-1} closing ...
===2019-12-23 16:46:05.862 INFO  com.alibaba.druid.pool.DruidDataSource Line:2075 - {dataSource-1} closed
===2019-12-23 16:46:16.022 INFO  MqttApplication Line:48  - Starting MqttApplication on bogon with PID 42529 (/Users/gpu/Documents/mqtt/mqtt/mqtt_java_server/target/classes started by gpu in /Users/gpu/Documents/mqtt/mqtt/mqtt_java_server)
===2019-12-23 16:46:16.025 INFO  MqttApplication Line:593 - No active profile set, falling back to default profiles: default
===2019-12-23 16:46:16.414 INFO  org.hibernate.validator.internal.util.Version Line:30  - HV000001: Hibernate Validator 5.3.6.Final
===2019-12-23 16:46:19.392 INFO  com.ulisesbocchio.jasyptspringboot.configuration.EnableEncryptablePropertiesBeanFactoryPostProcessor Line:64  - Post-processing PropertySource instances
===2019-12-23 16:46:19.441 INFO  com.ulisesbocchio.jasyptspringboot.configuration.EnableEncryptablePropertiesBeanFactoryPostProcessor Line:57  - Converting PropertySource servletConfigInitParams [org.springframework.core.env.PropertySource$StubPropertySource] to EncryptablePropertySourceWrapper
===2019-12-23 16:46:19.453 INFO  com.ulisesbocchio.jasyptspringboot.configuration.EnableEncryptablePropertiesBeanFactoryPostProcessor Line:57  - Converting PropertySource servletContextInitParams [org.springframework.core.env.PropertySource$StubPropertySource] to EncryptablePropertySourceWrapper
===2019-12-23 16:46:19.455 INFO  com.ulisesbocchio.jasyptspringboot.configuration.EnableEncryptablePropertiesBeanFactoryPostProcessor Line:57  - Converting PropertySource systemProperties [org.springframework.core.env.MapPropertySource] to EncryptableMapPropertySourceWrapper
===2019-12-23 16:46:19.455 INFO  com.ulisesbocchio.jasyptspringboot.configuration.EnableEncryptablePropertiesBeanFactoryPostProcessor Line:57  - Converting PropertySource systemEnvironment [org.springframework.core.env.SystemEnvironmentPropertySource] to EncryptableMapPropertySourceWrapper
===2019-12-23 16:46:19.456 INFO  com.ulisesbocchio.jasyptspringboot.configuration.EnableEncryptablePropertiesBeanFactoryPostProcessor Line:57  - Converting PropertySource random [org.springframework.boot.context.config.RandomValuePropertySource] to EncryptablePropertySourceWrapper
===2019-12-23 16:46:19.457 INFO  com.ulisesbocchio.jasyptspringboot.configuration.EnableEncryptablePropertiesBeanFactoryPostProcessor Line:57  - Converting PropertySource applicationConfig: [classpath:/application.yml] [org.springframework.core.env.MapPropertySource] to EncryptableMapPropertySourceWrapper
===2019-12-23 16:46:19.457 INFO  com.ulisesbocchio.jasyptspringboot.configuration.EnableEncryptablePropertiesBeanFactoryPostProcessor Line:57  - Converting PropertySource refresh [org.springframework.core.env.MapPropertySource] to EncryptableMapPropertySourceWrapper
===2019-12-23 16:46:20.013 INFO  com.ulisesbocchio.jasyptspringboot.configuration.EncryptablePropertyResolverConfiguration Line:47  - String Encryptor custom Bean not found with name 'jasyptStringEncryptor'. Initializing String Encryptor based on properties with name 'jasyptStringEncryptor'
===2019-12-23 16:46:20.325 INFO  org.apache.catalina.core.StandardService Line:180 - Starting service [Tomcat]
===2019-12-23 16:46:20.326 INFO  org.apache.catalina.core.StandardEngine Line:180 - Starting Servlet Engine: Apache Tomcat/8.5.27
===2019-12-23 16:46:20.409 INFO  org.apache.catalina.core.ContainerBase.[Tomcat].[localhost].[/] Line:180 - Initializing Spring embedded WebApplicationContext
===2019-12-23 16:46:21.269 INFO  com.alibaba.druid.spring.boot.autoconfigure.DruidDataSourceAutoConfigure Line:56  - Init DruidDataSource
===2019-12-23 16:46:22.421 INFO  com.alibaba.druid.pool.DruidDataSource Line:1010 - {dataSource-1} inited
===2019-12-23 16:46:24.034 INFO  com.alibaba.druid.pool.DruidDataSource Line:2003 - {dataSource-1} closing ...
===2019-12-23 16:46:24.040 INFO  com.alibaba.druid.pool.DruidDataSource Line:2075 - {dataSource-1} closed
===2019-12-23 16:46:24.043 INFO  org.apache.catalina.core.StandardService Line:180 - Stopping service [Tomcat]
===2019-12-23 16:47:40.433 INFO  MqttApplication Line:48  - Starting MqttApplication on bogon with PID 42770 (/Users/gpu/Documents/mqtt/mqtt/mqtt_java_server/target/classes started by gpu in /Users/gpu/Documents/mqtt/mqtt/mqtt_java_server)
===2019-12-23 16:47:40.435 INFO  MqttApplication Line:593 - No active profile set, falling back to default profiles: default
===2019-12-23 16:47:40.740 INFO  org.hibernate.validator.internal.util.Version Line:30  - HV000001: Hibernate Validator 5.3.6.Final
===2019-12-23 16:47:43.871 INFO  com.ulisesbocchio.jasyptspringboot.configuration.EnableEncryptablePropertiesBeanFactoryPostProcessor Line:64  - Post-processing PropertySource instances
===2019-12-23 16:47:43.899 INFO  com.ulisesbocchio.jasyptspringboot.configuration.EnableEncryptablePropertiesBeanFactoryPostProcessor Line:57  - Converting PropertySource servletConfigInitParams [org.springframework.core.env.PropertySource$StubPropertySource] to EncryptablePropertySourceWrapper
===2019-12-23 16:47:43.899 INFO  com.ulisesbocchio.jasyptspringboot.configuration.EnableEncryptablePropertiesBeanFactoryPostProcessor Line:57  - Converting PropertySource servletContextInitParams [org.springframework.core.env.PropertySource$StubPropertySource] to EncryptablePropertySourceWrapper
===2019-12-23 16:47:43.900 INFO  com.ulisesbocchio.jasyptspringboot.configuration.EnableEncryptablePropertiesBeanFactoryPostProcessor Line:57  - Converting PropertySource systemProperties [org.springframework.core.env.MapPropertySource] to EncryptableMapPropertySourceWrapper
===2019-12-23 16:47:43.901 INFO  com.ulisesbocchio.jasyptspringboot.configuration.EnableEncryptablePropertiesBeanFactoryPostProcessor Line:57  - Converting PropertySource systemEnvironment [org.springframework.core.env.SystemEnvironmentPropertySource] to EncryptableMapPropertySourceWrapper
===2019-12-23 16:47:43.901 INFO  com.ulisesbocchio.jasyptspringboot.configuration.EnableEncryptablePropertiesBeanFactoryPostProcessor Line:57  - Converting PropertySource random [org.springframework.boot.context.config.RandomValuePropertySource] to EncryptablePropertySourceWrapper
===2019-12-23 16:47:43.901 INFO  com.ulisesbocchio.jasyptspringboot.configuration.EnableEncryptablePropertiesBeanFactoryPostProcessor Line:57  - Converting PropertySource applicationConfig: [classpath:/application.yml] [org.springframework.core.env.MapPropertySource] to EncryptableMapPropertySourceWrapper
===2019-12-23 16:47:43.901 INFO  com.ulisesbocchio.jasyptspringboot.configuration.EnableEncryptablePropertiesBeanFactoryPostProcessor Line:57  - Converting PropertySource refresh [org.springframework.core.env.MapPropertySource] to EncryptableMapPropertySourceWrapper
===2019-12-23 16:47:44.885 INFO  com.ulisesbocchio.jasyptspringboot.configuration.EncryptablePropertyResolverConfiguration Line:47  - String Encryptor custom Bean not found with name 'jasyptStringEncryptor'. Initializing String Encryptor based on properties with name 'jasyptStringEncryptor'
===2019-12-23 16:47:45.298 INFO  org.apache.catalina.core.StandardService Line:180 - Starting service [Tomcat]
===2019-12-23 16:47:45.300 INFO  org.apache.catalina.core.StandardEngine Line:180 - Starting Servlet Engine: Apache Tomcat/8.5.27
===2019-12-23 16:47:45.390 INFO  org.apache.catalina.core.ContainerBase.[Tomcat].[localhost].[/] Line:180 - Initializing Spring embedded WebApplicationContext
===2019-12-23 16:47:46.720 INFO  com.alibaba.druid.spring.boot.autoconfigure.DruidDataSourceAutoConfigure Line:56  - Init DruidDataSource
===2019-12-23 16:47:48.799 INFO  com.alibaba.druid.pool.DruidDataSource Line:1010 - {dataSource-1} inited
===2019-12-23 16:48:20.918 INFO  springfox.documentation.spring.web.PropertySourcedRequestMappingHandlerMapping Line:69  - Mapped URL path [/v2/api-docs] onto method [public org.springframework.http.ResponseEntity<springfox.documentation.spring.web.json.Json> springfox.documentation.swagger2.web.Swagger2Controller.getDocumentation(java.lang.String,javax.servlet.http.HttpServletRequest)]
===2019-12-23 16:48:22.723 INFO  springfox.documentation.spring.web.plugins.DocumentationPluginsBootstrapper Line:147 - Context refreshed
===2019-12-23 16:48:22.743 INFO  springfox.documentation.spring.web.plugins.DocumentationPluginsBootstrapper Line:150 - Found 1 custom documentation plugin(s)
===2019-12-23 16:48:22.786 INFO  springfox.documentation.spring.web.scanners.ApiListingReferenceScanner Line:41  - Scanning for api listing references
===2019-12-23 16:48:23.088 INFO  springfox.documentation.spring.web.readers.operation.CachingOperationNameGenerator Line:40  - Generating unique operation named: updateUsingPOST_1
===2019-12-23 16:48:23.101 INFO  springfox.documentation.spring.web.readers.operation.CachingOperationNameGenerator Line:40  - Generating unique operation named: getAllUsingPOST_1
===2019-12-23 16:48:23.144 INFO  org.apache.coyote.http11.Http11NioProtocol Line:180 - Initializing ProtocolHandler ["http-nio-8080"]
===2019-12-23 16:48:23.151 INFO  org.apache.coyote.http11.Http11NioProtocol Line:180 - Starting ProtocolHandler ["http-nio-8080"]
===2019-12-23 16:48:23.189 INFO  org.apache.tomcat.util.net.NioSelectorPool Line:180 - Using a shared selector for servlet write/read
===2019-12-23 16:48:23.237 INFO  MqttApplication Line:57  - Started MqttApplication in 43.353 seconds (JVM running for 44.676)
===2019-12-23 16:50:23.980 INFO  org.apache.catalina.core.ContainerBase.[Tomcat].[localhost].[/] Line:180 - Initializing Spring FrameworkServlet 'dispatcherServlet'
===2019-12-23 16:52:15.828 INFO  com.alibaba.druid.pool.DruidDataSource Line:2003 - {dataSource-1} closing ...
===2019-12-23 16:52:15.840 INFO  com.alibaba.druid.pool.DruidDataSource Line:2075 - {dataSource-1} closed
===2019-12-23 16:52:54.075 INFO  MqttApplication Line:48  - Starting MqttApplication on bogon with PID 43403 (/Users/gpu/Documents/mqtt/mqtt/mqtt_java_server/target/classes started by gpu in /Users/gpu/Documents/mqtt/mqtt/mqtt_java_server)
===2019-12-23 16:52:54.079 INFO  MqttApplication Line:593 - No active profile set, falling back to default profiles: default
===2019-12-23 16:52:55.028 INFO  org.hibernate.validator.internal.util.Version Line:30  - HV000001: Hibernate Validator 5.3.6.Final
===2019-12-23 16:52:57.032 INFO  com.ulisesbocchio.jasyptspringboot.configuration.EnableEncryptablePropertiesBeanFactoryPostProcessor Line:64  - Post-processing PropertySource instances
===2019-12-23 16:52:57.065 INFO  com.ulisesbocchio.jasyptspringboot.configuration.EnableEncryptablePropertiesBeanFactoryPostProcessor Line:57  - Converting PropertySource servletConfigInitParams [org.springframework.core.env.PropertySource$StubPropertySource] to EncryptablePropertySourceWrapper
===2019-12-23 16:52:57.066 INFO  com.ulisesbocchio.jasyptspringboot.configuration.EnableEncryptablePropertiesBeanFactoryPostProcessor Line:57  - Converting PropertySource servletContextInitParams [org.springframework.core.env.PropertySource$StubPropertySource] to EncryptablePropertySourceWrapper
===2019-12-23 16:52:57.068 INFO  com.ulisesbocchio.jasyptspringboot.configuration.EnableEncryptablePropertiesBeanFactoryPostProcessor Line:57  - Converting PropertySource systemProperties [org.springframework.core.env.MapPropertySource] to EncryptableMapPropertySourceWrapper
===2019-12-23 16:52:57.069 INFO  com.ulisesbocchio.jasyptspringboot.configuration.EnableEncryptablePropertiesBeanFactoryPostProcessor Line:57  - Converting PropertySource systemEnvironment [org.springframework.core.env.SystemEnvironmentPropertySource] to EncryptableMapPropertySourceWrapper
===2019-12-23 16:52:57.070 INFO  com.ulisesbocchio.jasyptspringboot.configuration.EnableEncryptablePropertiesBeanFactoryPostProcessor Line:57  - Converting PropertySource random [org.springframework.boot.context.config.RandomValuePropertySource] to EncryptablePropertySourceWrapper
===2019-12-23 16:52:57.071 INFO  com.ulisesbocchio.jasyptspringboot.configuration.EnableEncryptablePropertiesBeanFactoryPostProcessor Line:57  - Converting PropertySource applicationConfig: [classpath:/application.yml] [org.springframework.core.env.MapPropertySource] to EncryptableMapPropertySourceWrapper
===2019-12-23 16:52:57.073 INFO  com.ulisesbocchio.jasyptspringboot.configuration.EnableEncryptablePropertiesBeanFactoryPostProcessor Line:57  - Converting PropertySource refresh [org.springframework.core.env.MapPropertySource] to EncryptableMapPropertySourceWrapper
===2019-12-23 16:52:57.620 INFO  com.ulisesbocchio.jasyptspringboot.configuration.EncryptablePropertyResolverConfiguration Line:47  - String Encryptor custom Bean not found with name 'jasyptStringEncryptor'. Initializing String Encryptor based on properties with name 'jasyptStringEncryptor'
===2019-12-23 16:52:57.929 INFO  org.apache.catalina.core.StandardService Line:180 - Starting service [Tomcat]
===2019-12-23 16:52:57.930 INFO  org.apache.catalina.core.StandardEngine Line:180 - Starting Servlet Engine: Apache Tomcat/8.5.27
===2019-12-23 16:52:58.014 INFO  org.apache.catalina.core.ContainerBase.[Tomcat].[localhost].[/] Line:180 - Initializing Spring embedded WebApplicationContext
===2019-12-23 16:52:58.892 INFO  com.alibaba.druid.spring.boot.autoconfigure.DruidDataSourceAutoConfigure Line:56  - Init DruidDataSource
===2019-12-23 16:52:59.976 INFO  com.alibaba.druid.pool.DruidDataSource Line:1010 - {dataSource-1} inited
===2019-12-23 16:53:31.756 INFO  springfox.documentation.spring.web.PropertySourcedRequestMappingHandlerMapping Line:69  - Mapped URL path [/v2/api-docs] onto method [public org.springframework.http.ResponseEntity<springfox.documentation.spring.web.json.Json> springfox.documentation.swagger2.web.Swagger2Controller.getDocumentation(java.lang.String,javax.servlet.http.HttpServletRequest)]
===2019-12-23 16:53:33.401 INFO  springfox.documentation.spring.web.plugins.DocumentationPluginsBootstrapper Line:147 - Context refreshed
===2019-12-23 16:53:33.426 INFO  springfox.documentation.spring.web.plugins.DocumentationPluginsBootstrapper Line:150 - Found 1 custom documentation plugin(s)
===2019-12-23 16:53:33.464 INFO  springfox.documentation.spring.web.scanners.ApiListingReferenceScanner Line:41  - Scanning for api listing references
===2019-12-23 16:53:33.725 INFO  springfox.documentation.spring.web.readers.operation.CachingOperationNameGenerator Line:40  - Generating unique operation named: updateUsingPOST_1
===2019-12-23 16:53:33.736 INFO  springfox.documentation.spring.web.readers.operation.CachingOperationNameGenerator Line:40  - Generating unique operation named: getAllUsingPOST_1
===2019-12-23 16:53:33.778 INFO  org.apache.coyote.http11.Http11NioProtocol Line:180 - Initializing ProtocolHandler ["http-nio-8080"]
===2019-12-23 16:53:33.785 INFO  org.apache.coyote.http11.Http11NioProtocol Line:180 - Starting ProtocolHandler ["http-nio-8080"]
===2019-12-23 16:53:33.811 INFO  org.apache.tomcat.util.net.NioSelectorPool Line:180 - Using a shared selector for servlet write/read
===2019-12-23 16:53:33.846 INFO  MqttApplication Line:57  - Started MqttApplication in 41.562 seconds (JVM running for 43.346)
===2019-12-23 16:53:42.835 INFO  org.apache.catalina.core.ContainerBase.[Tomcat].[localhost].[/] Line:180 - Initializing Spring FrameworkServlet 'dispatcherServlet'
===2019-12-23 17:16:45.530 INFO  com.alibaba.druid.pool.DruidDataSource Line:2003 - {dataSource-1} closing ...
===2019-12-23 17:16:45.596 INFO  com.alibaba.druid.pool.DruidDataSource Line:2075 - {dataSource-1} closed
===2019-12-23 17:20:03.152 INFO  MqttApplication Line:48  - Starting MqttApplication on bogon with PID 46385 (/Users/gpu/Documents/mqtt/mqtt/mqtt_java_server/target/classes started by gpu in /Users/gpu/Documents/mqtt/mqtt/mqtt_java_server)
===2019-12-23 17:20:03.154 INFO  MqttApplication Line:593 - No active profile set, falling back to default profiles: default
===2019-12-23 17:20:03.442 INFO  org.hibernate.validator.internal.util.Version Line:30  - HV000001: Hibernate Validator 5.3.6.Final
===2019-12-23 17:20:05.378 INFO  com.ulisesbocchio.jasyptspringboot.configuration.EnableEncryptablePropertiesBeanFactoryPostProcessor Line:64  - Post-processing PropertySource instances
===2019-12-23 17:20:05.429 INFO  com.ulisesbocchio.jasyptspringboot.configuration.EnableEncryptablePropertiesBeanFactoryPostProcessor Line:57  - Converting PropertySource servletConfigInitParams [org.springframework.core.env.PropertySource$StubPropertySource] to EncryptablePropertySourceWrapper
===2019-12-23 17:20:05.429 INFO  com.ulisesbocchio.jasyptspringboot.configuration.EnableEncryptablePropertiesBeanFactoryPostProcessor Line:57  - Converting PropertySource servletContextInitParams [org.springframework.core.env.PropertySource$StubPropertySource] to EncryptablePropertySourceWrapper
===2019-12-23 17:20:05.430 INFO  com.ulisesbocchio.jasyptspringboot.configuration.EnableEncryptablePropertiesBeanFactoryPostProcessor Line:57  - Converting PropertySource systemProperties [org.springframework.core.env.MapPropertySource] to EncryptableMapPropertySourceWrapper
===2019-12-23 17:20:05.431 INFO  com.ulisesbocchio.jasyptspringboot.configuration.EnableEncryptablePropertiesBeanFactoryPostProcessor Line:57  - Converting PropertySource systemEnvironment [org.springframework.core.env.SystemEnvironmentPropertySource] to EncryptableMapPropertySourceWrapper
===2019-12-23 17:20:05.431 INFO  com.ulisesbocchio.jasyptspringboot.configuration.EnableEncryptablePropertiesBeanFactoryPostProcessor Line:57  - Converting PropertySource random [org.springframework.boot.context.config.RandomValuePropertySource] to EncryptablePropertySourceWrapper
===2019-12-23 17:20:05.431 INFO  com.ulisesbocchio.jasyptspringboot.configuration.EnableEncryptablePropertiesBeanFactoryPostProcessor Line:57  - Converting PropertySource applicationConfig: [classpath:/application.yml] [org.springframework.core.env.MapPropertySource] to EncryptableMapPropertySourceWrapper
===2019-12-23 17:20:05.431 INFO  com.ulisesbocchio.jasyptspringboot.configuration.EnableEncryptablePropertiesBeanFactoryPostProcessor Line:57  - Converting PropertySource refresh [org.springframework.core.env.MapPropertySource] to EncryptableMapPropertySourceWrapper
===2019-12-23 17:20:06.004 INFO  com.ulisesbocchio.jasyptspringboot.configuration.EncryptablePropertyResolverConfiguration Line:47  - String Encryptor custom Bean not found with name 'jasyptStringEncryptor'. Initializing String Encryptor based on properties with name 'jasyptStringEncryptor'
===2019-12-23 17:20:06.350 INFO  org.apache.catalina.core.StandardService Line:180 - Starting service [Tomcat]
===2019-12-23 17:20:06.352 INFO  org.apache.catalina.core.StandardEngine Line:180 - Starting Servlet Engine: Apache Tomcat/8.5.27
===2019-12-23 17:20:06.431 INFO  org.apache.catalina.core.ContainerBase.[Tomcat].[localhost].[/] Line:180 - Initializing Spring embedded WebApplicationContext
===2019-12-23 17:20:07.121 INFO  com.alibaba.druid.spring.boot.autoconfigure.DruidDataSourceAutoConfigure Line:56  - Init DruidDataSource
===2019-12-23 17:20:08.204 INFO  com.alibaba.druid.pool.DruidDataSource Line:1010 - {dataSource-1} inited
===2019-12-23 17:20:10.125 INFO  springfox.documentation.spring.web.PropertySourcedRequestMappingHandlerMapping Line:69  - Mapped URL path [/v2/api-docs] onto method [public org.springframework.http.ResponseEntity<springfox.documentation.spring.web.json.Json> springfox.documentation.swagger2.web.Swagger2Controller.getDocumentation(java.lang.String,javax.servlet.http.HttpServletRequest)]
===2019-12-23 17:20:11.815 INFO  springfox.documentation.spring.web.plugins.DocumentationPluginsBootstrapper Line:147 - Context refreshed
===2019-12-23 17:20:11.837 INFO  springfox.documentation.spring.web.plugins.DocumentationPluginsBootstrapper Line:150 - Found 1 custom documentation plugin(s)
===2019-12-23 17:20:11.886 INFO  springfox.documentation.spring.web.scanners.ApiListingReferenceScanner Line:41  - Scanning for api listing references
===2019-12-23 17:20:12.160 INFO  springfox.documentation.spring.web.readers.operation.CachingOperationNameGenerator Line:40  - Generating unique operation named: updateUsingPOST_1
===2019-12-23 17:20:12.167 INFO  springfox.documentation.spring.web.readers.operation.CachingOperationNameGenerator Line:40  - Generating unique operation named: getAllUsingPOST_1
===2019-12-23 17:20:12.206 INFO  org.apache.coyote.http11.Http11NioProtocol Line:180 - Initializing ProtocolHandler ["http-nio-8080"]
===2019-12-23 17:20:12.213 INFO  org.apache.coyote.http11.Http11NioProtocol Line:180 - Starting ProtocolHandler ["http-nio-8080"]
===2019-12-23 17:20:12.239 INFO  org.apache.tomcat.util.net.NioSelectorPool Line:180 - Using a shared selector for servlet write/read
===2019-12-23 17:20:12.282 INFO  MqttApplication Line:57  - Started MqttApplication in 9.625 seconds (JVM running for 11.169)
===2019-12-23 17:24:04.516 INFO  com.alibaba.druid.pool.DruidDataSource Line:2003 - {dataSource-1} closing ...
===2019-12-23 17:24:04.527 INFO  com.alibaba.druid.pool.DruidDataSource Line:2075 - {dataSource-1} closed
===2019-12-23 17:26:04.570 INFO  MqttApplication Line:48  - Starting MqttApplication on bogon with PID 47430 (/Users/gpu/Documents/mqtt/mqtt/mqtt_java_server/target/classes started by gpu in /Users/gpu/Documents/mqtt/mqtt/mqtt_java_server)
===2019-12-23 17:26:04.576 INFO  MqttApplication Line:593 - No active profile set, falling back to default profiles: default
===2019-12-23 17:26:04.995 INFO  org.hibernate.validator.internal.util.Version Line:30  - HV000001: Hibernate Validator 5.3.6.Final
===2019-12-23 17:26:07.798 INFO  com.ulisesbocchio.jasyptspringboot.configuration.EnableEncryptablePropertiesBeanFactoryPostProcessor Line:64  - Post-processing PropertySource instances
===2019-12-23 17:26:07.835 INFO  com.ulisesbocchio.jasyptspringboot.configuration.EnableEncryptablePropertiesBeanFactoryPostProcessor Line:57  - Converting PropertySource servletConfigInitParams [org.springframework.core.env.PropertySource$StubPropertySource] to EncryptablePropertySourceWrapper
===2019-12-23 17:26:07.836 INFO  com.ulisesbocchio.jasyptspringboot.configuration.EnableEncryptablePropertiesBeanFactoryPostProcessor Line:57  - Converting PropertySource servletContextInitParams [org.springframework.core.env.PropertySource$StubPropertySource] to EncryptablePropertySourceWrapper
===2019-12-23 17:26:07.837 INFO  com.ulisesbocchio.jasyptspringboot.configuration.EnableEncryptablePropertiesBeanFactoryPostProcessor Line:57  - Converting PropertySource systemProperties [org.springframework.core.env.MapPropertySource] to EncryptableMapPropertySourceWrapper
===2019-12-23 17:26:07.837 INFO  com.ulisesbocchio.jasyptspringboot.configuration.EnableEncryptablePropertiesBeanFactoryPostProcessor Line:57  - Converting PropertySource systemEnvironment [org.springframework.core.env.SystemEnvironmentPropertySource] to EncryptableMapPropertySourceWrapper
===2019-12-23 17:26:07.838 INFO  com.ulisesbocchio.jasyptspringboot.configuration.EnableEncryptablePropertiesBeanFactoryPostProcessor Line:57  - Converting PropertySource random [org.springframework.boot.context.config.RandomValuePropertySource] to EncryptablePropertySourceWrapper
===2019-12-23 17:26:07.838 INFO  com.ulisesbocchio.jasyptspringboot.configuration.EnableEncryptablePropertiesBeanFactoryPostProcessor Line:57  - Converting PropertySource applicationConfig: [classpath:/application.yml] [org.springframework.core.env.MapPropertySource] to EncryptableMapPropertySourceWrapper
===2019-12-23 17:26:07.838 INFO  com.ulisesbocchio.jasyptspringboot.configuration.EnableEncryptablePropertiesBeanFactoryPostProcessor Line:57  - Converting PropertySource refresh [org.springframework.core.env.MapPropertySource] to EncryptableMapPropertySourceWrapper
===2019-12-23 17:26:09.116 INFO  com.ulisesbocchio.jasyptspringboot.configuration.EncryptablePropertyResolverConfiguration Line:47  - String Encryptor custom Bean not found with name 'jasyptStringEncryptor'. Initializing String Encryptor based on properties with name 'jasyptStringEncryptor'
===2019-12-23 17:26:09.815 INFO  org.apache.catalina.core.StandardService Line:180 - Starting service [Tomcat]
===2019-12-23 17:26:09.818 INFO  org.apache.catalina.core.StandardEngine Line:180 - Starting Servlet Engine: Apache Tomcat/8.5.27
===2019-12-23 17:26:09.952 INFO  org.apache.catalina.core.ContainerBase.[Tomcat].[localhost].[/] Line:180 - Initializing Spring embedded WebApplicationContext
===2019-12-23 17:26:11.186 INFO  com.alibaba.druid.spring.boot.autoconfigure.DruidDataSourceAutoConfigure Line:56  - Init DruidDataSource
===2019-12-23 17:26:12.680 INFO  com.alibaba.druid.pool.DruidDataSource Line:1010 - {dataSource-1} inited
===2019-12-23 17:26:45.250 INFO  springfox.documentation.spring.web.PropertySourcedRequestMappingHandlerMapping Line:69  - Mapped URL path [/v2/api-docs] onto method [public org.springframework.http.ResponseEntity<springfox.documentation.spring.web.json.Json> springfox.documentation.swagger2.web.Swagger2Controller.getDocumentation(java.lang.String,javax.servlet.http.HttpServletRequest)]
===2019-12-23 17:26:47.333 INFO  springfox.documentation.spring.web.plugins.DocumentationPluginsBootstrapper Line:147 - Context refreshed
===2019-12-23 17:26:47.376 INFO  springfox.documentation.spring.web.plugins.DocumentationPluginsBootstrapper Line:150 - Found 1 custom documentation plugin(s)
===2019-12-23 17:26:47.440 INFO  springfox.documentation.spring.web.scanners.ApiListingReferenceScanner Line:41  - Scanning for api listing references
===2019-12-23 17:26:47.783 INFO  springfox.documentation.spring.web.readers.operation.CachingOperationNameGenerator Line:40  - Generating unique operation named: updateUsingPOST_1
===2019-12-23 17:26:47.804 INFO  springfox.documentation.spring.web.readers.operation.CachingOperationNameGenerator Line:40  - Generating unique operation named: getAllUsingPOST_1
===2019-12-23 17:26:47.889 INFO  org.apache.coyote.http11.Http11NioProtocol Line:180 - Initializing ProtocolHandler ["http-nio-8080"]
===2019-12-23 17:26:47.899 INFO  org.apache.coyote.http11.Http11NioProtocol Line:180 - Starting ProtocolHandler ["http-nio-8080"]
===2019-12-23 17:26:47.927 INFO  org.apache.tomcat.util.net.NioSelectorPool Line:180 - Using a shared selector for servlet write/read
===2019-12-23 17:26:47.972 INFO  MqttApplication Line:57  - Started MqttApplication in 44.084 seconds (JVM running for 75.446)
===2019-12-23 17:28:45.665 INFO  org.apache.catalina.core.ContainerBase.[Tomcat].[localhost].[/] Line:180 - Initializing Spring FrameworkServlet 'dispatcherServlet'
===2019-12-23 17:29:17.911 INFO  com.alibaba.druid.pool.DruidDataSource Line:2003 - {dataSource-1} closing ...
===2019-12-23 17:29:17.928 INFO  com.alibaba.druid.pool.DruidDataSource Line:2075 - {dataSource-1} closed
===2019-12-23 17:30:53.975 INFO  MqttApplication Line:48  - Starting MqttApplication on bogon with PID 47855 (/Users/gpu/Documents/mqtt/mqtt/mqtt_java_server/target/classes started by gpu in /Users/gpu/Documents/mqtt/mqtt/mqtt_java_server)
===2019-12-23 17:30:53.977 INFO  MqttApplication Line:593 - No active profile set, falling back to default profiles: default
===2019-12-23 17:30:54.333 INFO  org.hibernate.validator.internal.util.Version Line:30  - HV000001: Hibernate Validator 5.3.6.Final
===2019-12-23 17:30:56.693 INFO  com.ulisesbocchio.jasyptspringboot.configuration.EnableEncryptablePropertiesBeanFactoryPostProcessor Line:64  - Post-processing PropertySource instances
===2019-12-23 17:30:56.724 INFO  com.ulisesbocchio.jasyptspringboot.configuration.EnableEncryptablePropertiesBeanFactoryPostProcessor Line:57  - Converting PropertySource servletConfigInitParams [org.springframework.core.env.PropertySource$StubPropertySource] to EncryptablePropertySourceWrapper
===2019-12-23 17:30:56.724 INFO  com.ulisesbocchio.jasyptspringboot.configuration.EnableEncryptablePropertiesBeanFactoryPostProcessor Line:57  - Converting PropertySource servletContextInitParams [org.springframework.core.env.PropertySource$StubPropertySource] to EncryptablePropertySourceWrapper
===2019-12-23 17:30:56.725 INFO  com.ulisesbocchio.jasyptspringboot.configuration.EnableEncryptablePropertiesBeanFactoryPostProcessor Line:57  - Converting PropertySource systemProperties [org.springframework.core.env.MapPropertySource] to EncryptableMapPropertySourceWrapper
===2019-12-23 17:30:56.725 INFO  com.ulisesbocchio.jasyptspringboot.configuration.EnableEncryptablePropertiesBeanFactoryPostProcessor Line:57  - Converting PropertySource systemEnvironment [org.springframework.core.env.SystemEnvironmentPropertySource] to EncryptableMapPropertySourceWrapper
===2019-12-23 17:30:56.726 INFO  com.ulisesbocchio.jasyptspringboot.configuration.EnableEncryptablePropertiesBeanFactoryPostProcessor Line:57  - Converting PropertySource random [org.springframework.boot.context.config.RandomValuePropertySource] to EncryptablePropertySourceWrapper
===2019-12-23 17:30:56.726 INFO  com.ulisesbocchio.jasyptspringboot.configuration.EnableEncryptablePropertiesBeanFactoryPostProcessor Line:57  - Converting PropertySource applicationConfig: [classpath:/application.yml] [org.springframework.core.env.MapPropertySource] to EncryptableMapPropertySourceWrapper
===2019-12-23 17:30:56.726 INFO  com.ulisesbocchio.jasyptspringboot.configuration.EnableEncryptablePropertiesBeanFactoryPostProcessor Line:57  - Converting PropertySource refresh [org.springframework.core.env.MapPropertySource] to EncryptableMapPropertySourceWrapper
===2019-12-23 17:30:57.403 INFO  com.ulisesbocchio.jasyptspringboot.configuration.EncryptablePropertyResolverConfiguration Line:47  - String Encryptor custom Bean not found with name 'jasyptStringEncryptor'. Initializing String Encryptor based on properties with name 'jasyptStringEncryptor'
===2019-12-23 17:30:57.863 INFO  org.apache.catalina.core.StandardService Line:180 - Starting service [Tomcat]
===2019-12-23 17:30:57.864 INFO  org.apache.catalina.core.StandardEngine Line:180 - Starting Servlet Engine: Apache Tomcat/8.5.27
===2019-12-23 17:30:57.975 INFO  org.apache.catalina.core.ContainerBase.[Tomcat].[localhost].[/] Line:180 - Initializing Spring embedded WebApplicationContext
===2019-12-23 17:30:59.436 INFO  com.alibaba.druid.spring.boot.autoconfigure.DruidDataSourceAutoConfigure Line:56  - Init DruidDataSource
===2019-12-23 17:31:01.693 INFO  com.alibaba.druid.pool.DruidDataSource Line:1010 - {dataSource-1} inited
===2019-12-23 17:31:04.512 INFO  springfox.documentation.spring.web.PropertySourcedRequestMappingHandlerMapping Line:69  - Mapped URL path [/v2/api-docs] onto method [public org.springframework.http.ResponseEntity<springfox.documentation.spring.web.json.Json> springfox.documentation.swagger2.web.Swagger2Controller.getDocumentation(java.lang.String,javax.servlet.http.HttpServletRequest)]
===2019-12-23 17:31:06.772 INFO  springfox.documentation.spring.web.plugins.DocumentationPluginsBootstrapper Line:147 - Context refreshed
===2019-12-23 17:31:06.794 INFO  springfox.documentation.spring.web.plugins.DocumentationPluginsBootstrapper Line:150 - Found 1 custom documentation plugin(s)
===2019-12-23 17:31:06.845 INFO  springfox.documentation.spring.web.scanners.ApiListingReferenceScanner Line:41  - Scanning for api listing references
===2019-12-23 17:31:07.190 INFO  springfox.documentation.spring.web.readers.operation.CachingOperationNameGenerator Line:40  - Generating unique operation named: updateUsingPOST_1
===2019-12-23 17:31:07.205 INFO  springfox.documentation.spring.web.readers.operation.CachingOperationNameGenerator Line:40  - Generating unique operation named: getAllUsingPOST_1
===2019-12-23 17:31:07.329 INFO  org.apache.coyote.http11.Http11NioProtocol Line:180 - Initializing ProtocolHandler ["http-nio-8080"]
===2019-12-23 17:31:07.339 INFO  org.apache.coyote.http11.Http11NioProtocol Line:180 - Starting ProtocolHandler ["http-nio-8080"]
===2019-12-23 17:31:07.368 INFO  org.apache.tomcat.util.net.NioSelectorPool Line:180 - Using a shared selector for servlet write/read
===2019-12-23 17:31:07.439 INFO  MqttApplication Line:57  - Started MqttApplication in 44.089 seconds (JVM running for 75.636)
===2019-12-23 17:32:04.380 INFO  org.apache.catalina.core.ContainerBase.[Tomcat].[localhost].[/] Line:180 - Initializing Spring FrameworkServlet 'dispatcherServlet'
===2019-12-23 22:53:39.648 INFO  com.alibaba.druid.pool.DruidDataSource Line:2003 - {dataSource-1} closing ...
===2019-12-23 22:53:39.688 INFO  com.alibaba.druid.pool.DruidDataSource Line:2075 - {dataSource-1} closed
