===2020-01-18 10:22:08.554 INFO  MqttApplication Line:48  - Starting MqttApplication on bogon with PID 72408 (/Users/gpu/Documents/mqtt/mqtt_java_server/target/classes started by gpu in /Users/gpu/Documents/mqtt/mqtt_java_server)
===2020-01-18 10:22:08.558 INFO  MqttApplication Line:593 - No active profile set, falling back to default profiles: default
===2020-01-18 10:22:09.174 INFO  org.hibernate.validator.internal.util.Version Line:30  - HV000001: Hibernate Validator 5.3.6.Final
===2020-01-18 10:22:12.201 INFO  com.ulisesbocchio.jasyptspringboot.configuration.EnableEncryptablePropertiesBeanFactoryPostProcessor Line:64  - Post-processing PropertySource instances
===2020-01-18 10:22:12.237 INFO  com.ulisesbocchio.jasyptspringboot.configuration.EnableEncryptablePropertiesBeanFactoryPostProcessor Line:57  - Converting PropertySource servletConfigInitParams [org.springframework.core.env.PropertySource$StubPropertySource] to EncryptablePropertySourceWrapper
===2020-01-18 10:22:12.237 INFO  com.ulisesbocchio.jasyptspringboot.configuration.EnableEncryptablePropertiesBeanFactoryPostProcessor Line:57  - Converting PropertySource servletContextInitParams [org.springframework.core.env.PropertySource$StubPropertySource] to EncryptablePropertySourceWrapper
===2020-01-18 10:22:12.238 INFO  com.ulisesbocchio.jasyptspringboot.configuration.EnableEncryptablePropertiesBeanFactoryPostProcessor Line:57  - Converting PropertySource systemProperties [org.springframework.core.env.MapPropertySource] to EncryptableMapPropertySourceWrapper
===2020-01-18 10:22:12.239 INFO  com.ulisesbocchio.jasyptspringboot.configuration.EnableEncryptablePropertiesBeanFactoryPostProcessor Line:57  - Converting PropertySource systemEnvironment [org.springframework.core.env.SystemEnvironmentPropertySource] to EncryptableMapPropertySourceWrapper
===2020-01-18 10:22:12.239 INFO  com.ulisesbocchio.jasyptspringboot.configuration.EnableEncryptablePropertiesBeanFactoryPostProcessor Line:57  - Converting PropertySource random [org.springframework.boot.context.config.RandomValuePropertySource] to EncryptablePropertySourceWrapper
===2020-01-18 10:22:12.240 INFO  com.ulisesbocchio.jasyptspringboot.configuration.EnableEncryptablePropertiesBeanFactoryPostProcessor Line:57  - Converting PropertySource applicationConfig: [classpath:/application.yml] [org.springframework.core.env.MapPropertySource] to EncryptableMapPropertySourceWrapper
===2020-01-18 10:22:12.240 INFO  com.ulisesbocchio.jasyptspringboot.configuration.EnableEncryptablePropertiesBeanFactoryPostProcessor Line:57  - Converting PropertySource refresh [org.springframework.core.env.MapPropertySource] to EncryptableMapPropertySourceWrapper
===2020-01-18 10:22:13.308 INFO  com.ulisesbocchio.jasyptspringboot.configuration.EncryptablePropertyResolverConfiguration Line:47  - String Encryptor custom Bean not found with name 'jasyptStringEncryptor'. Initializing String Encryptor based on properties with name 'jasyptStringEncryptor'
===2020-01-18 10:22:14.052 INFO  org.apache.catalina.core.StandardService Line:180 - Starting service [Tomcat]
===2020-01-18 10:22:14.055 INFO  org.apache.catalina.core.StandardEngine Line:180 - Starting Servlet Engine: Apache Tomcat/8.5.27
===2020-01-18 10:22:14.197 INFO  org.apache.catalina.core.ContainerBase.[Tomcat].[localhost].[/] Line:180 - Initializing Spring embedded WebApplicationContext
===2020-01-18 10:22:15.209 INFO  com.alibaba.druid.spring.boot.autoconfigure.DruidDataSourceAutoConfigure Line:56  - Init DruidDataSource
===2020-01-18 10:22:16.864 INFO  com.alibaba.druid.pool.DruidDataSource Line:1010 - {dataSource-1} inited
===2020-01-18 10:22:20.396 INFO  springfox.documentation.spring.web.PropertySourcedRequestMappingHandlerMapping Line:69  - Mapped URL path [/v2/api-docs] onto method [public org.springframework.http.ResponseEntity<springfox.documentation.spring.web.json.Json> springfox.documentation.swagger2.web.Swagger2Controller.getDocumentation(java.lang.String,javax.servlet.http.HttpServletRequest)]
===2020-01-18 10:22:23.179 INFO  springfox.documentation.spring.web.plugins.DocumentationPluginsBootstrapper Line:147 - Context refreshed
===2020-01-18 10:22:23.261 INFO  springfox.documentation.spring.web.plugins.DocumentationPluginsBootstrapper Line:150 - Found 1 custom documentation plugin(s)
===2020-01-18 10:22:23.339 INFO  springfox.documentation.spring.web.scanners.ApiListingReferenceScanner Line:41  - Scanning for api listing references
===2020-01-18 10:22:24.210 INFO  springfox.documentation.spring.web.readers.operation.CachingOperationNameGenerator Line:40  - Generating unique operation named: getAllPageUsingPOST_1
===2020-01-18 10:22:24.239 INFO  springfox.documentation.spring.web.readers.operation.CachingOperationNameGenerator Line:40  - Generating unique operation named: getAllUsingGET_1
===2020-01-18 10:22:24.295 INFO  springfox.documentation.spring.web.readers.operation.CachingOperationNameGenerator Line:40  - Generating unique operation named: updateUsingPOST_1
===2020-01-18 10:22:24.382 INFO  springfox.documentation.spring.web.readers.operation.CachingOperationNameGenerator Line:40  - Generating unique operation named: getAllUsingPOST_1
===2020-01-18 10:22:24.410 INFO  springfox.documentation.spring.web.readers.operation.CachingOperationNameGenerator Line:40  - Generating unique operation named: getAllPageUsingPOST_2
===2020-01-18 10:22:24.528 INFO  org.apache.coyote.http11.Http11NioProtocol Line:180 - Initializing ProtocolHandler ["http-nio-8080"]
===2020-01-18 10:22:24.549 INFO  org.apache.coyote.http11.Http11NioProtocol Line:180 - Starting ProtocolHandler ["http-nio-8080"]
===2020-01-18 10:22:24.606 INFO  org.apache.tomcat.util.net.NioSelectorPool Line:180 - Using a shared selector for servlet write/read
===2020-01-18 10:22:24.703 INFO  MqttApplication Line:57  - Started MqttApplication in 17.522 seconds (JVM running for 22.899)
===2020-01-18 10:22:28.618 INFO  org.apache.catalina.core.ContainerBase.[Tomcat].[localhost].[/] Line:180 - Initializing Spring FrameworkServlet 'dispatcherServlet'
