===2020-01-19 08:44:43.310 WARN  org.mybatis.spring.mapper.ClassPathMapperScanner Line:44  - Skipping MapperFactoryBean with name 'onlineRecordMapper' and 'com.czmz.mqtt.online.repository.OnlineRecordMapper' mapperInterface. Bean already defined with the same name!
===2020-01-19 08:44:43.311 WARN  org.mybatis.spring.mapper.ClassPathMapperScanner Line:44  - Skipping MapperFactoryBean with name 'publishedRecordMapper' and 'com.czmz.mqtt.published.repository.PublishedRecordMapper' mapperInterface. Bean already defined with the same name!
===2020-01-19 08:44:43.311 WARN  org.mybatis.spring.mapper.ClassPathMapperScanner Line:44  - Skipping MapperFactoryBean with name 'subscribesRecordMapper' and 'com.czmz.mqtt.subscribes.repository.SubscribesRecordMapper' mapperInterface. Bean already defined with the same name!
===2020-01-19 08:44:43.312 WARN  org.mybatis.spring.mapper.ClassPathMapperScanner Line:44  - Skipping MapperFactoryBean with name 'userRecordMapper' and 'com.czmz.mqtt.userRecord.repository.UserRecordMapper' mapperInterface. Bean already defined with the same name!
===2020-01-19 08:44:46.742 WARN  com.alibaba.druid.pool.DruidDataSource Line:1238 - removeAbandoned is true, not use in production.
===2020-01-19 08:51:14.140 WARN  org.mybatis.spring.mapper.ClassPathMapperScanner Line:44  - Skipping MapperFactoryBean with name 'onlineRecordMapper' and 'com.czmz.mqtt.online.repository.OnlineRecordMapper' mapperInterface. Bean already defined with the same name!
===2020-01-19 08:51:14.141 WARN  org.mybatis.spring.mapper.ClassPathMapperScanner Line:44  - Skipping MapperFactoryBean with name 'publishedRecordMapper' and 'com.czmz.mqtt.published.repository.PublishedRecordMapper' mapperInterface. Bean already defined with the same name!
===2020-01-19 08:51:14.141 WARN  org.mybatis.spring.mapper.ClassPathMapperScanner Line:44  - Skipping MapperFactoryBean with name 'subscribesRecordMapper' and 'com.czmz.mqtt.subscribes.repository.SubscribesRecordMapper' mapperInterface. Bean already defined with the same name!
===2020-01-19 08:51:14.141 WARN  org.mybatis.spring.mapper.ClassPathMapperScanner Line:44  - Skipping MapperFactoryBean with name 'userRecordMapper' and 'com.czmz.mqtt.userRecord.repository.UserRecordMapper' mapperInterface. Bean already defined with the same name!
===2020-01-19 08:51:16.870 WARN  com.alibaba.druid.pool.DruidDataSource Line:1238 - removeAbandoned is true, not use in production.
===2020-01-19 11:53:47.164 WARN  com.alibaba.druid.pool.DruidDataSource Line:1407 - get connection timeout retry : 1
===2020-01-19 11:53:47.422 WARN  com.alibaba.druid.pool.DruidDataSource Line:1407 - get connection timeout retry : 1
===2020-01-19 11:54:55.217 WARN  com.alibaba.druid.pool.DruidDataSource Line:1407 - get connection timeout retry : 1
===2020-01-19 11:58:09.461 WARN  com.alibaba.druid.pool.DruidDataSource Line:1407 - get connection timeout retry : 1
===2020-01-19 12:01:27.209 WARN  com.alibaba.druid.pool.DruidDataSource Line:1407 - get connection timeout retry : 1
===2020-01-19 12:03:07.574 WARN  com.alibaba.druid.pool.DruidDataSource Line:1407 - get connection timeout retry : 1
===2020-01-19 13:36:44.635 WARN  org.mybatis.spring.mapper.ClassPathMapperScanner Line:44  - Skipping MapperFactoryBean with name 'onlineRecordMapper' and 'com.czmz.mqtt.online.repository.OnlineRecordMapper' mapperInterface. Bean already defined with the same name!
===2020-01-19 13:36:44.636 WARN  org.mybatis.spring.mapper.ClassPathMapperScanner Line:44  - Skipping MapperFactoryBean with name 'publishedRecordMapper' and 'com.czmz.mqtt.published.repository.PublishedRecordMapper' mapperInterface. Bean already defined with the same name!
===2020-01-19 13:36:44.637 WARN  org.mybatis.spring.mapper.ClassPathMapperScanner Line:44  - Skipping MapperFactoryBean with name 'subscribesRecordMapper' and 'com.czmz.mqtt.subscribes.repository.SubscribesRecordMapper' mapperInterface. Bean already defined with the same name!
===2020-01-19 13:36:44.637 WARN  org.mybatis.spring.mapper.ClassPathMapperScanner Line:44  - Skipping MapperFactoryBean with name 'userRecordMapper' and 'com.czmz.mqtt.userRecord.repository.UserRecordMapper' mapperInterface. Bean already defined with the same name!
===2020-01-19 13:36:48.132 WARN  com.alibaba.druid.pool.DruidDataSource Line:1238 - removeAbandoned is true, not use in production.
===2020-01-19 13:36:54.389 WARN  org.springframework.boot.context.embedded.AnnotationConfigEmbeddedWebApplicationContext Line:551 - Exception encountered during context initialization - cancelling refresh attempt: org.springframework.beans.factory.UnsatisfiedDependencyException: Error creating bean with name 'appHandleController': Unsatisfied dependency expressed through field 'iPublishedRecordService'; nested exception is org.springframework.beans.factory.UnsatisfiedDependencyException: Error creating bean with name 'publishedRecordServiceImpl': Unsatisfied dependency expressed through field 'baseMapper'; nested exception is org.springframework.beans.factory.UnsatisfiedDependencyException: Error creating bean with name 'publishedRecordMapper' defined in file [/Users/gpu/Documents/mqtt/mqtt_java_server/target/classes/com/czmz/mqtt/published/repository/PublishedRecordMapper.class]: Unsatisfied dependency expressed through bean property 'sqlSessionFactory'; nested exception is org.springframework.beans.factory.UnsatisfiedDependencyException: Error creating bean with name 'sqlSessionFactory' defined in class path resource [com/baomidou/mybatisplus/autoconfigure/MybatisPlusAutoConfiguration.class]: Unsatisfied dependency expressed through method 'sqlSessionFactory' parameter 0; nested exception is org.springframework.beans.factory.BeanCreationException: Error creating bean with name 'dataSource' defined in class path resource [com/alibaba/druid/spring/boot/autoconfigure/DruidDataSourceAutoConfigure.class]: Invocation of init method failed; nested exception is com.mysql.jdbc.exceptions.jdbc4.CommunicationsException: Communications link failure

The last packet sent successfully to the server was 0 milliseconds ago. The driver has not received any packets from the server.
