===2019-12-30 08:19:13.359 WARN  org.mybatis.spring.mapper.ClassPathMapperScanner Line:44  - Skipping MapperFactoryBean with name 'onlineRecordMapper' and 'com.czmz.mqtt.online.repository.OnlineRecordMapper' mapperInterface. Bean already defined with the same name!
===2019-12-30 08:19:13.360 WARN  org.mybatis.spring.mapper.ClassPathMapperScanner Line:44  - Skipping MapperFactoryBean with name 'publishedRecordMapper' and 'com.czmz.mqtt.published.repository.PublishedRecordMapper' mapperInterface. Bean already defined with the same name!
===2019-12-30 08:19:13.360 WARN  org.mybatis.spring.mapper.ClassPathMapperScanner Line:44  - Skipping MapperFactoryBean with name 'subscribesRecordMapper' and 'com.czmz.mqtt.subscribes.repository.SubscribesRecordMapper' mapperInterface. Bean already defined with the same name!
===2019-12-30 08:19:13.360 WARN  org.mybatis.spring.mapper.ClassPathMapperScanner Line:44  - Skipping MapperFactoryBean with name 'userRecordMapper' and 'com.czmz.mqtt.userRecord.repository.UserRecordMapper' mapperInterface. Bean already defined with the same name!
===2019-12-30 08:19:17.063 WARN  com.alibaba.druid.pool.DruidDataSource Line:1238 - removeAbandoned is true, not use in production.
===2019-12-30 08:57:41.270 WARN  org.mybatis.spring.mapper.ClassPathMapperScanner Line:44  - Skipping MapperFactoryBean with name 'onlineRecordMapper' and 'com.czmz.mqtt.online.repository.OnlineRecordMapper' mapperInterface. Bean already defined with the same name!
===2019-12-30 08:57:41.271 WARN  org.mybatis.spring.mapper.ClassPathMapperScanner Line:44  - Skipping MapperFactoryBean with name 'publishedRecordMapper' and 'com.czmz.mqtt.published.repository.PublishedRecordMapper' mapperInterface. Bean already defined with the same name!
===2019-12-30 08:57:41.271 WARN  org.mybatis.spring.mapper.ClassPathMapperScanner Line:44  - Skipping MapperFactoryBean with name 'subscribesRecordMapper' and 'com.czmz.mqtt.subscribes.repository.SubscribesRecordMapper' mapperInterface. Bean already defined with the same name!
===2019-12-30 08:57:41.272 WARN  org.mybatis.spring.mapper.ClassPathMapperScanner Line:44  - Skipping MapperFactoryBean with name 'userRecordMapper' and 'com.czmz.mqtt.userRecord.repository.UserRecordMapper' mapperInterface. Bean already defined with the same name!
===2019-12-30 08:57:43.677 WARN  com.alibaba.druid.pool.DruidDataSource Line:1238 - removeAbandoned is true, not use in production.
===2019-12-30 09:00:37.886 WARN  org.mybatis.spring.mapper.ClassPathMapperScanner Line:44  - Skipping MapperFactoryBean with name 'onlineRecordMapper' and 'com.czmz.mqtt.online.repository.OnlineRecordMapper' mapperInterface. Bean already defined with the same name!
===2019-12-30 09:00:37.887 WARN  org.mybatis.spring.mapper.ClassPathMapperScanner Line:44  - Skipping MapperFactoryBean with name 'publishedRecordMapper' and 'com.czmz.mqtt.published.repository.PublishedRecordMapper' mapperInterface. Bean already defined with the same name!
===2019-12-30 09:00:37.887 WARN  org.mybatis.spring.mapper.ClassPathMapperScanner Line:44  - Skipping MapperFactoryBean with name 'subscribesRecordMapper' and 'com.czmz.mqtt.subscribes.repository.SubscribesRecordMapper' mapperInterface. Bean already defined with the same name!
===2019-12-30 09:00:37.887 WARN  org.mybatis.spring.mapper.ClassPathMapperScanner Line:44  - Skipping MapperFactoryBean with name 'userRecordMapper' and 'com.czmz.mqtt.userRecord.repository.UserRecordMapper' mapperInterface. Bean already defined with the same name!
===2019-12-30 09:00:40.250 WARN  com.alibaba.druid.pool.DruidDataSource Line:1238 - removeAbandoned is true, not use in production.
===2019-12-30 09:29:56.949 WARN  org.mybatis.spring.mapper.ClassPathMapperScanner Line:44  - Skipping MapperFactoryBean with name 'onlineRecordMapper' and 'com.czmz.mqtt.online.repository.OnlineRecordMapper' mapperInterface. Bean already defined with the same name!
===2019-12-30 09:29:56.951 WARN  org.mybatis.spring.mapper.ClassPathMapperScanner Line:44  - Skipping MapperFactoryBean with name 'publishedRecordMapper' and 'com.czmz.mqtt.published.repository.PublishedRecordMapper' mapperInterface. Bean already defined with the same name!
===2019-12-30 09:29:56.951 WARN  org.mybatis.spring.mapper.ClassPathMapperScanner Line:44  - Skipping MapperFactoryBean with name 'subscribesRecordMapper' and 'com.czmz.mqtt.subscribes.repository.SubscribesRecordMapper' mapperInterface. Bean already defined with the same name!
===2019-12-30 09:29:56.951 WARN  org.mybatis.spring.mapper.ClassPathMapperScanner Line:44  - Skipping MapperFactoryBean with name 'userRecordMapper' and 'com.czmz.mqtt.userRecord.repository.UserRecordMapper' mapperInterface. Bean already defined with the same name!
===2019-12-30 09:29:59.810 WARN  com.alibaba.druid.pool.DruidDataSource Line:1238 - removeAbandoned is true, not use in production.
===2019-12-30 09:33:23.300 WARN  org.mybatis.spring.mapper.ClassPathMapperScanner Line:44  - Skipping MapperFactoryBean with name 'onlineRecordMapper' and 'com.czmz.mqtt.online.repository.OnlineRecordMapper' mapperInterface. Bean already defined with the same name!
===2019-12-30 09:33:23.300 WARN  org.mybatis.spring.mapper.ClassPathMapperScanner Line:44  - Skipping MapperFactoryBean with name 'publishedRecordMapper' and 'com.czmz.mqtt.published.repository.PublishedRecordMapper' mapperInterface. Bean already defined with the same name!
===2019-12-30 09:33:23.301 WARN  org.mybatis.spring.mapper.ClassPathMapperScanner Line:44  - Skipping MapperFactoryBean with name 'subscribesRecordMapper' and 'com.czmz.mqtt.subscribes.repository.SubscribesRecordMapper' mapperInterface. Bean already defined with the same name!
===2019-12-30 09:33:23.301 WARN  org.mybatis.spring.mapper.ClassPathMapperScanner Line:44  - Skipping MapperFactoryBean with name 'userRecordMapper' and 'com.czmz.mqtt.userRecord.repository.UserRecordMapper' mapperInterface. Bean already defined with the same name!
===2019-12-30 09:33:25.461 WARN  com.alibaba.druid.pool.DruidDataSource Line:1238 - removeAbandoned is true, not use in production.
===2019-12-30 09:35:38.883 WARN  org.mybatis.spring.mapper.ClassPathMapperScanner Line:44  - Skipping MapperFactoryBean with name 'onlineRecordMapper' and 'com.czmz.mqtt.online.repository.OnlineRecordMapper' mapperInterface. Bean already defined with the same name!
===2019-12-30 09:35:38.887 WARN  org.mybatis.spring.mapper.ClassPathMapperScanner Line:44  - Skipping MapperFactoryBean with name 'publishedRecordMapper' and 'com.czmz.mqtt.published.repository.PublishedRecordMapper' mapperInterface. Bean already defined with the same name!
===2019-12-30 09:35:38.888 WARN  org.mybatis.spring.mapper.ClassPathMapperScanner Line:44  - Skipping MapperFactoryBean with name 'subscribesRecordMapper' and 'com.czmz.mqtt.subscribes.repository.SubscribesRecordMapper' mapperInterface. Bean already defined with the same name!
===2019-12-30 09:35:38.888 WARN  org.mybatis.spring.mapper.ClassPathMapperScanner Line:44  - Skipping MapperFactoryBean with name 'userRecordMapper' and 'com.czmz.mqtt.userRecord.repository.UserRecordMapper' mapperInterface. Bean already defined with the same name!
===2019-12-30 09:35:41.429 WARN  com.alibaba.druid.pool.DruidDataSource Line:1238 - removeAbandoned is true, not use in production.
===2019-12-30 09:51:08.773 WARN  org.mybatis.spring.mapper.ClassPathMapperScanner Line:44  - Skipping MapperFactoryBean with name 'onlineRecordMapper' and 'com.czmz.mqtt.online.repository.OnlineRecordMapper' mapperInterface. Bean already defined with the same name!
===2019-12-30 09:51:08.777 WARN  org.mybatis.spring.mapper.ClassPathMapperScanner Line:44  - Skipping MapperFactoryBean with name 'publishedRecordMapper' and 'com.czmz.mqtt.published.repository.PublishedRecordMapper' mapperInterface. Bean already defined with the same name!
===2019-12-30 09:51:08.780 WARN  org.mybatis.spring.mapper.ClassPathMapperScanner Line:44  - Skipping MapperFactoryBean with name 'subscribesRecordMapper' and 'com.czmz.mqtt.subscribes.repository.SubscribesRecordMapper' mapperInterface. Bean already defined with the same name!
===2019-12-30 09:51:08.785 WARN  org.mybatis.spring.mapper.ClassPathMapperScanner Line:44  - Skipping MapperFactoryBean with name 'userRecordMapper' and 'com.czmz.mqtt.userRecord.repository.UserRecordMapper' mapperInterface. Bean already defined with the same name!
===2019-12-30 09:51:13.029 WARN  com.alibaba.druid.pool.DruidDataSource Line:1238 - removeAbandoned is true, not use in production.
===2019-12-30 09:54:32.971 WARN  org.mybatis.spring.mapper.ClassPathMapperScanner Line:44  - Skipping MapperFactoryBean with name 'onlineRecordMapper' and 'com.czmz.mqtt.online.repository.OnlineRecordMapper' mapperInterface. Bean already defined with the same name!
===2019-12-30 09:54:32.972 WARN  org.mybatis.spring.mapper.ClassPathMapperScanner Line:44  - Skipping MapperFactoryBean with name 'publishedRecordMapper' and 'com.czmz.mqtt.published.repository.PublishedRecordMapper' mapperInterface. Bean already defined with the same name!
===2019-12-30 09:54:32.972 WARN  org.mybatis.spring.mapper.ClassPathMapperScanner Line:44  - Skipping MapperFactoryBean with name 'subscribesRecordMapper' and 'com.czmz.mqtt.subscribes.repository.SubscribesRecordMapper' mapperInterface. Bean already defined with the same name!
===2019-12-30 09:54:32.972 WARN  org.mybatis.spring.mapper.ClassPathMapperScanner Line:44  - Skipping MapperFactoryBean with name 'userRecordMapper' and 'com.czmz.mqtt.userRecord.repository.UserRecordMapper' mapperInterface. Bean already defined with the same name!
===2019-12-30 09:54:35.255 WARN  com.alibaba.druid.pool.DruidDataSource Line:1238 - removeAbandoned is true, not use in production.
===2019-12-30 10:51:58.682 WARN  org.mybatis.spring.mapper.ClassPathMapperScanner Line:44  - Skipping MapperFactoryBean with name 'onlineRecordMapper' and 'com.czmz.mqtt.online.repository.OnlineRecordMapper' mapperInterface. Bean already defined with the same name!
===2019-12-30 10:51:58.683 WARN  org.mybatis.spring.mapper.ClassPathMapperScanner Line:44  - Skipping MapperFactoryBean with name 'publishedRecordMapper' and 'com.czmz.mqtt.published.repository.PublishedRecordMapper' mapperInterface. Bean already defined with the same name!
===2019-12-30 10:51:58.683 WARN  org.mybatis.spring.mapper.ClassPathMapperScanner Line:44  - Skipping MapperFactoryBean with name 'subscribesRecordMapper' and 'com.czmz.mqtt.subscribes.repository.SubscribesRecordMapper' mapperInterface. Bean already defined with the same name!
===2019-12-30 10:51:58.683 WARN  org.mybatis.spring.mapper.ClassPathMapperScanner Line:44  - Skipping MapperFactoryBean with name 'userRecordMapper' and 'com.czmz.mqtt.userRecord.repository.UserRecordMapper' mapperInterface. Bean already defined with the same name!
===2019-12-30 10:52:01.299 WARN  com.alibaba.druid.pool.DruidDataSource Line:1238 - removeAbandoned is true, not use in production.
===2019-12-30 10:54:55.569 WARN  org.mybatis.spring.mapper.ClassPathMapperScanner Line:44  - Skipping MapperFactoryBean with name 'onlineRecordMapper' and 'com.czmz.mqtt.online.repository.OnlineRecordMapper' mapperInterface. Bean already defined with the same name!
===2019-12-30 10:54:55.571 WARN  org.mybatis.spring.mapper.ClassPathMapperScanner Line:44  - Skipping MapperFactoryBean with name 'publishedRecordMapper' and 'com.czmz.mqtt.published.repository.PublishedRecordMapper' mapperInterface. Bean already defined with the same name!
===2019-12-30 10:54:55.572 WARN  org.mybatis.spring.mapper.ClassPathMapperScanner Line:44  - Skipping MapperFactoryBean with name 'subscribesRecordMapper' and 'com.czmz.mqtt.subscribes.repository.SubscribesRecordMapper' mapperInterface. Bean already defined with the same name!
===2019-12-30 10:54:55.572 WARN  org.mybatis.spring.mapper.ClassPathMapperScanner Line:44  - Skipping MapperFactoryBean with name 'userRecordMapper' and 'com.czmz.mqtt.userRecord.repository.UserRecordMapper' mapperInterface. Bean already defined with the same name!
===2019-12-30 10:54:58.727 WARN  com.alibaba.druid.pool.DruidDataSource Line:1238 - removeAbandoned is true, not use in production.
===2019-12-30 13:33:09.521 WARN  org.mybatis.spring.mapper.ClassPathMapperScanner Line:44  - Skipping MapperFactoryBean with name 'onlineRecordMapper' and 'com.czmz.mqtt.online.repository.OnlineRecordMapper' mapperInterface. Bean already defined with the same name!
===2019-12-30 13:33:09.522 WARN  org.mybatis.spring.mapper.ClassPathMapperScanner Line:44  - Skipping MapperFactoryBean with name 'publishedRecordMapper' and 'com.czmz.mqtt.published.repository.PublishedRecordMapper' mapperInterface. Bean already defined with the same name!
===2019-12-30 13:33:09.523 WARN  org.mybatis.spring.mapper.ClassPathMapperScanner Line:44  - Skipping MapperFactoryBean with name 'subscribesRecordMapper' and 'com.czmz.mqtt.subscribes.repository.SubscribesRecordMapper' mapperInterface. Bean already defined with the same name!
===2019-12-30 13:33:09.523 WARN  org.mybatis.spring.mapper.ClassPathMapperScanner Line:44  - Skipping MapperFactoryBean with name 'userRecordMapper' and 'com.czmz.mqtt.userRecord.repository.UserRecordMapper' mapperInterface. Bean already defined with the same name!
===2019-12-30 13:33:12.815 WARN  com.alibaba.druid.pool.DruidDataSource Line:1238 - removeAbandoned is true, not use in production.
===2019-12-30 14:59:16.889 WARN  org.mybatis.spring.mapper.ClassPathMapperScanner Line:44  - Skipping MapperFactoryBean with name 'onlineRecordMapper' and 'com.czmz.mqtt.online.repository.OnlineRecordMapper' mapperInterface. Bean already defined with the same name!
===2019-12-30 14:59:16.889 WARN  org.mybatis.spring.mapper.ClassPathMapperScanner Line:44  - Skipping MapperFactoryBean with name 'publishedRecordMapper' and 'com.czmz.mqtt.published.repository.PublishedRecordMapper' mapperInterface. Bean already defined with the same name!
===2019-12-30 14:59:16.890 WARN  org.mybatis.spring.mapper.ClassPathMapperScanner Line:44  - Skipping MapperFactoryBean with name 'subscribesRecordMapper' and 'com.czmz.mqtt.subscribes.repository.SubscribesRecordMapper' mapperInterface. Bean already defined with the same name!
===2019-12-30 14:59:16.890 WARN  org.mybatis.spring.mapper.ClassPathMapperScanner Line:44  - Skipping MapperFactoryBean with name 'userRecordMapper' and 'com.czmz.mqtt.userRecord.repository.UserRecordMapper' mapperInterface. Bean already defined with the same name!
===2019-12-30 14:59:19.642 WARN  com.alibaba.druid.pool.DruidDataSource Line:1238 - removeAbandoned is true, not use in production.
===2019-12-30 15:08:05.480 WARN  org.mybatis.spring.mapper.ClassPathMapperScanner Line:44  - Skipping MapperFactoryBean with name 'onlineRecordMapper' and 'com.czmz.mqtt.online.repository.OnlineRecordMapper' mapperInterface. Bean already defined with the same name!
===2019-12-30 15:08:05.481 WARN  org.mybatis.spring.mapper.ClassPathMapperScanner Line:44  - Skipping MapperFactoryBean with name 'publishedRecordMapper' and 'com.czmz.mqtt.published.repository.PublishedRecordMapper' mapperInterface. Bean already defined with the same name!
===2019-12-30 15:08:05.482 WARN  org.mybatis.spring.mapper.ClassPathMapperScanner Line:44  - Skipping MapperFactoryBean with name 'subscribesRecordMapper' and 'com.czmz.mqtt.subscribes.repository.SubscribesRecordMapper' mapperInterface. Bean already defined with the same name!
===2019-12-30 15:08:05.482 WARN  org.mybatis.spring.mapper.ClassPathMapperScanner Line:44  - Skipping MapperFactoryBean with name 'userRecordMapper' and 'com.czmz.mqtt.userRecord.repository.UserRecordMapper' mapperInterface. Bean already defined with the same name!
===2019-12-30 15:08:07.872 WARN  com.alibaba.druid.pool.DruidDataSource Line:1238 - removeAbandoned is true, not use in production.
===2019-12-30 15:13:20.739 WARN  org.mybatis.spring.mapper.ClassPathMapperScanner Line:44  - Skipping MapperFactoryBean with name 'onlineRecordMapper' and 'com.czmz.mqtt.online.repository.OnlineRecordMapper' mapperInterface. Bean already defined with the same name!
===2019-12-30 15:13:20.740 WARN  org.mybatis.spring.mapper.ClassPathMapperScanner Line:44  - Skipping MapperFactoryBean with name 'publishedRecordMapper' and 'com.czmz.mqtt.published.repository.PublishedRecordMapper' mapperInterface. Bean already defined with the same name!
===2019-12-30 15:13:20.740 WARN  org.mybatis.spring.mapper.ClassPathMapperScanner Line:44  - Skipping MapperFactoryBean with name 'subscribesRecordMapper' and 'com.czmz.mqtt.subscribes.repository.SubscribesRecordMapper' mapperInterface. Bean already defined with the same name!
===2019-12-30 15:13:20.740 WARN  org.mybatis.spring.mapper.ClassPathMapperScanner Line:44  - Skipping MapperFactoryBean with name 'userRecordMapper' and 'com.czmz.mqtt.userRecord.repository.UserRecordMapper' mapperInterface. Bean already defined with the same name!
===2019-12-30 15:13:23.064 WARN  com.alibaba.druid.pool.DruidDataSource Line:1238 - removeAbandoned is true, not use in production.
===2019-12-30 15:25:14.158 WARN  org.mybatis.spring.mapper.ClassPathMapperScanner Line:44  - Skipping MapperFactoryBean with name 'onlineRecordMapper' and 'com.czmz.mqtt.online.repository.OnlineRecordMapper' mapperInterface. Bean already defined with the same name!
===2019-12-30 15:25:14.158 WARN  org.mybatis.spring.mapper.ClassPathMapperScanner Line:44  - Skipping MapperFactoryBean with name 'publishedRecordMapper' and 'com.czmz.mqtt.published.repository.PublishedRecordMapper' mapperInterface. Bean already defined with the same name!
===2019-12-30 15:25:14.158 WARN  org.mybatis.spring.mapper.ClassPathMapperScanner Line:44  - Skipping MapperFactoryBean with name 'subscribesRecordMapper' and 'com.czmz.mqtt.subscribes.repository.SubscribesRecordMapper' mapperInterface. Bean already defined with the same name!
===2019-12-30 15:25:14.159 WARN  org.mybatis.spring.mapper.ClassPathMapperScanner Line:44  - Skipping MapperFactoryBean with name 'userRecordMapper' and 'com.czmz.mqtt.userRecord.repository.UserRecordMapper' mapperInterface. Bean already defined with the same name!
===2019-12-30 15:25:16.433 WARN  com.alibaba.druid.pool.DruidDataSource Line:1238 - removeAbandoned is true, not use in production.
===2019-12-30 15:49:25.178 WARN  org.mybatis.spring.mapper.ClassPathMapperScanner Line:44  - Skipping MapperFactoryBean with name 'onlineRecordMapper' and 'com.czmz.mqtt.online.repository.OnlineRecordMapper' mapperInterface. Bean already defined with the same name!
===2019-12-30 15:49:25.179 WARN  org.mybatis.spring.mapper.ClassPathMapperScanner Line:44  - Skipping MapperFactoryBean with name 'publishedRecordMapper' and 'com.czmz.mqtt.published.repository.PublishedRecordMapper' mapperInterface. Bean already defined with the same name!
===2019-12-30 15:49:25.179 WARN  org.mybatis.spring.mapper.ClassPathMapperScanner Line:44  - Skipping MapperFactoryBean with name 'subscribesRecordMapper' and 'com.czmz.mqtt.subscribes.repository.SubscribesRecordMapper' mapperInterface. Bean already defined with the same name!
===2019-12-30 15:49:25.179 WARN  org.mybatis.spring.mapper.ClassPathMapperScanner Line:44  - Skipping MapperFactoryBean with name 'userRecordMapper' and 'com.czmz.mqtt.userRecord.repository.UserRecordMapper' mapperInterface. Bean already defined with the same name!
===2019-12-30 15:49:27.655 WARN  com.alibaba.druid.pool.DruidDataSource Line:1238 - removeAbandoned is true, not use in production.
===2019-12-30 15:51:49.900 WARN  org.mybatis.spring.mapper.ClassPathMapperScanner Line:44  - Skipping MapperFactoryBean with name 'onlineRecordMapper' and 'com.czmz.mqtt.online.repository.OnlineRecordMapper' mapperInterface. Bean already defined with the same name!
===2019-12-30 15:51:49.901 WARN  org.mybatis.spring.mapper.ClassPathMapperScanner Line:44  - Skipping MapperFactoryBean with name 'publishedRecordMapper' and 'com.czmz.mqtt.published.repository.PublishedRecordMapper' mapperInterface. Bean already defined with the same name!
===2019-12-30 15:51:49.901 WARN  org.mybatis.spring.mapper.ClassPathMapperScanner Line:44  - Skipping MapperFactoryBean with name 'subscribesRecordMapper' and 'com.czmz.mqtt.subscribes.repository.SubscribesRecordMapper' mapperInterface. Bean already defined with the same name!
===2019-12-30 15:51:49.901 WARN  org.mybatis.spring.mapper.ClassPathMapperScanner Line:44  - Skipping MapperFactoryBean with name 'userRecordMapper' and 'com.czmz.mqtt.userRecord.repository.UserRecordMapper' mapperInterface. Bean already defined with the same name!
===2019-12-30 15:51:52.200 WARN  com.alibaba.druid.pool.DruidDataSource Line:1238 - removeAbandoned is true, not use in production.
===2019-12-30 21:33:19.932 WARN  com.alibaba.druid.pool.DruidDataSource Line:1407 - get connection timeout retry : 1
