===2020-01-14 08:44:56.644 WARN  org.mybatis.spring.mapper.ClassPathMapperScanner Line:44  - Skipping MapperFactoryBean with name 'onlineRecordMapper' and 'com.czmz.mqtt.online.repository.OnlineRecordMapper' mapperInterface. Bean already defined with the same name!
===2020-01-14 08:44:56.647 WARN  org.mybatis.spring.mapper.ClassPathMapperScanner Line:44  - Skipping MapperFactoryBean with name 'publishedRecordMapper' and 'com.czmz.mqtt.published.repository.PublishedRecordMapper' mapperInterface. Bean already defined with the same name!
===2020-01-14 08:44:56.647 WARN  org.mybatis.spring.mapper.ClassPathMapperScanner Line:44  - Skipping MapperFactoryBean with name 'subscribesRecordMapper' and 'com.czmz.mqtt.subscribes.repository.SubscribesRecordMapper' mapperInterface. Bean already defined with the same name!
===2020-01-14 08:44:56.648 WARN  org.mybatis.spring.mapper.ClassPathMapperScanner Line:44  - Skipping MapperFactoryBean with name 'userRecordMapper' and 'com.czmz.mqtt.userRecord.repository.UserRecordMapper' mapperInterface. Bean already defined with the same name!
===2020-01-14 08:45:00.600 WARN  com.alibaba.druid.pool.DruidDataSource Line:1238 - removeAbandoned is true, not use in production.
===2020-01-14 08:53:04.035 WARN  org.mybatis.spring.mapper.ClassPathMapperScanner Line:44  - Skipping MapperFactoryBean with name 'onlineRecordMapper' and 'com.czmz.mqtt.online.repository.OnlineRecordMapper' mapperInterface. Bean already defined with the same name!
===2020-01-14 08:53:04.037 WARN  org.mybatis.spring.mapper.ClassPathMapperScanner Line:44  - Skipping MapperFactoryBean with name 'publishedRecordMapper' and 'com.czmz.mqtt.published.repository.PublishedRecordMapper' mapperInterface. Bean already defined with the same name!
===2020-01-14 08:53:04.037 WARN  org.mybatis.spring.mapper.ClassPathMapperScanner Line:44  - Skipping MapperFactoryBean with name 'subscribesRecordMapper' and 'com.czmz.mqtt.subscribes.repository.SubscribesRecordMapper' mapperInterface. Bean already defined with the same name!
===2020-01-14 08:53:04.038 WARN  org.mybatis.spring.mapper.ClassPathMapperScanner Line:44  - Skipping MapperFactoryBean with name 'userRecordMapper' and 'com.czmz.mqtt.userRecord.repository.UserRecordMapper' mapperInterface. Bean already defined with the same name!
===2020-01-14 08:53:06.377 WARN  com.alibaba.druid.pool.DruidDataSource Line:1238 - removeAbandoned is true, not use in production.
===2020-01-14 08:56:40.337 WARN  org.mybatis.spring.mapper.ClassPathMapperScanner Line:44  - Skipping MapperFactoryBean with name 'onlineRecordMapper' and 'com.czmz.mqtt.online.repository.OnlineRecordMapper' mapperInterface. Bean already defined with the same name!
===2020-01-14 08:56:40.338 WARN  org.mybatis.spring.mapper.ClassPathMapperScanner Line:44  - Skipping MapperFactoryBean with name 'publishedRecordMapper' and 'com.czmz.mqtt.published.repository.PublishedRecordMapper' mapperInterface. Bean already defined with the same name!
===2020-01-14 08:56:40.338 WARN  org.mybatis.spring.mapper.ClassPathMapperScanner Line:44  - Skipping MapperFactoryBean with name 'subscribesRecordMapper' and 'com.czmz.mqtt.subscribes.repository.SubscribesRecordMapper' mapperInterface. Bean already defined with the same name!
===2020-01-14 08:56:40.338 WARN  org.mybatis.spring.mapper.ClassPathMapperScanner Line:44  - Skipping MapperFactoryBean with name 'userRecordMapper' and 'com.czmz.mqtt.userRecord.repository.UserRecordMapper' mapperInterface. Bean already defined with the same name!
===2020-01-14 08:56:42.585 WARN  com.alibaba.druid.pool.DruidDataSource Line:1238 - removeAbandoned is true, not use in production.
===2020-01-14 09:06:13.527 WARN  org.mybatis.spring.mapper.ClassPathMapperScanner Line:44  - Skipping MapperFactoryBean with name 'onlineRecordMapper' and 'com.czmz.mqtt.online.repository.OnlineRecordMapper' mapperInterface. Bean already defined with the same name!
===2020-01-14 09:06:13.528 WARN  org.mybatis.spring.mapper.ClassPathMapperScanner Line:44  - Skipping MapperFactoryBean with name 'publishedRecordMapper' and 'com.czmz.mqtt.published.repository.PublishedRecordMapper' mapperInterface. Bean already defined with the same name!
===2020-01-14 09:06:13.528 WARN  org.mybatis.spring.mapper.ClassPathMapperScanner Line:44  - Skipping MapperFactoryBean with name 'subscribesRecordMapper' and 'com.czmz.mqtt.subscribes.repository.SubscribesRecordMapper' mapperInterface. Bean already defined with the same name!
===2020-01-14 09:06:13.528 WARN  org.mybatis.spring.mapper.ClassPathMapperScanner Line:44  - Skipping MapperFactoryBean with name 'userRecordMapper' and 'com.czmz.mqtt.userRecord.repository.UserRecordMapper' mapperInterface. Bean already defined with the same name!
===2020-01-14 09:06:17.337 WARN  com.alibaba.druid.pool.DruidDataSource Line:1238 - removeAbandoned is true, not use in production.
===2020-01-14 09:12:20.336 WARN  org.mybatis.spring.mapper.ClassPathMapperScanner Line:44  - Skipping MapperFactoryBean with name 'onlineRecordMapper' and 'com.czmz.mqtt.online.repository.OnlineRecordMapper' mapperInterface. Bean already defined with the same name!
===2020-01-14 09:12:20.337 WARN  org.mybatis.spring.mapper.ClassPathMapperScanner Line:44  - Skipping MapperFactoryBean with name 'publishedRecordMapper' and 'com.czmz.mqtt.published.repository.PublishedRecordMapper' mapperInterface. Bean already defined with the same name!
===2020-01-14 09:12:20.337 WARN  org.mybatis.spring.mapper.ClassPathMapperScanner Line:44  - Skipping MapperFactoryBean with name 'subscribesRecordMapper' and 'com.czmz.mqtt.subscribes.repository.SubscribesRecordMapper' mapperInterface. Bean already defined with the same name!
===2020-01-14 09:12:20.338 WARN  org.mybatis.spring.mapper.ClassPathMapperScanner Line:44  - Skipping MapperFactoryBean with name 'userRecordMapper' and 'com.czmz.mqtt.userRecord.repository.UserRecordMapper' mapperInterface. Bean already defined with the same name!
===2020-01-14 09:12:22.562 WARN  com.alibaba.druid.pool.DruidDataSource Line:1238 - removeAbandoned is true, not use in production.
===2020-01-14 09:28:14.270 WARN  org.mybatis.spring.mapper.ClassPathMapperScanner Line:44  - Skipping MapperFactoryBean with name 'onlineRecordMapper' and 'com.czmz.mqtt.online.repository.OnlineRecordMapper' mapperInterface. Bean already defined with the same name!
===2020-01-14 09:28:14.272 WARN  org.mybatis.spring.mapper.ClassPathMapperScanner Line:44  - Skipping MapperFactoryBean with name 'publishedRecordMapper' and 'com.czmz.mqtt.published.repository.PublishedRecordMapper' mapperInterface. Bean already defined with the same name!
===2020-01-14 09:28:14.272 WARN  org.mybatis.spring.mapper.ClassPathMapperScanner Line:44  - Skipping MapperFactoryBean with name 'subscribesRecordMapper' and 'com.czmz.mqtt.subscribes.repository.SubscribesRecordMapper' mapperInterface. Bean already defined with the same name!
===2020-01-14 09:28:14.272 WARN  org.mybatis.spring.mapper.ClassPathMapperScanner Line:44  - Skipping MapperFactoryBean with name 'userRecordMapper' and 'com.czmz.mqtt.userRecord.repository.UserRecordMapper' mapperInterface. Bean already defined with the same name!
===2020-01-14 09:28:17.474 WARN  com.alibaba.druid.pool.DruidDataSource Line:1238 - removeAbandoned is true, not use in production.
===2020-01-14 09:32:44.742 WARN  org.mybatis.spring.mapper.ClassPathMapperScanner Line:44  - Skipping MapperFactoryBean with name 'onlineRecordMapper' and 'com.czmz.mqtt.online.repository.OnlineRecordMapper' mapperInterface. Bean already defined with the same name!
===2020-01-14 09:32:44.743 WARN  org.mybatis.spring.mapper.ClassPathMapperScanner Line:44  - Skipping MapperFactoryBean with name 'publishedRecordMapper' and 'com.czmz.mqtt.published.repository.PublishedRecordMapper' mapperInterface. Bean already defined with the same name!
===2020-01-14 09:32:44.743 WARN  org.mybatis.spring.mapper.ClassPathMapperScanner Line:44  - Skipping MapperFactoryBean with name 'subscribesRecordMapper' and 'com.czmz.mqtt.subscribes.repository.SubscribesRecordMapper' mapperInterface. Bean already defined with the same name!
===2020-01-14 09:32:44.743 WARN  org.mybatis.spring.mapper.ClassPathMapperScanner Line:44  - Skipping MapperFactoryBean with name 'userRecordMapper' and 'com.czmz.mqtt.userRecord.repository.UserRecordMapper' mapperInterface. Bean already defined with the same name!
===2020-01-14 09:32:46.962 WARN  com.alibaba.druid.pool.DruidDataSource Line:1238 - removeAbandoned is true, not use in production.
