===2019-12-24 08:07:57.238 WARN  org.mybatis.spring.mapper.ClassPathMapperScanner Line:44  - Skipping MapperFactoryBean with name 'onlineRecordMapper' and 'com.czmz.mqtt.online.repository.OnlineRecordMapper' mapperInterface. Bean already defined with the same name!
===2019-12-24 08:07:57.239 WARN  org.mybatis.spring.mapper.ClassPathMapperScanner Line:44  - Skipping MapperFactoryBean with name 'publishedRecordMapper' and 'com.czmz.mqtt.published.repository.PublishedRecordMapper' mapperInterface. Bean already defined with the same name!
===2019-12-24 08:07:57.239 WARN  org.mybatis.spring.mapper.ClassPathMapperScanner Line:44  - Skipping MapperFactoryBean with name 'subscribesRecordMapper' and 'com.czmz.mqtt.subscribes.repository.SubscribesRecordMapper' mapperInterface. Bean already defined with the same name!
===2019-12-24 08:07:57.239 WARN  org.mybatis.spring.mapper.ClassPathMapperScanner Line:44  - Skipping MapperFactoryBean with name 'userRecordMapper' and 'com.czmz.mqtt.userRecord.repository.UserRecordMapper' mapperInterface. Bean already defined with the same name!
===2019-12-24 08:08:01.275 WARN  com.alibaba.druid.pool.DruidDataSource Line:1238 - removeAbandoned is true, not use in production.
===2019-12-24 08:09:02.186 WARN  org.mybatis.spring.mapper.ClassPathMapperScanner Line:44  - Skipping MapperFactoryBean with name 'onlineRecordMapper' and 'com.czmz.mqtt.online.repository.OnlineRecordMapper' mapperInterface. Bean already defined with the same name!
===2019-12-24 08:09:02.186 WARN  org.mybatis.spring.mapper.ClassPathMapperScanner Line:44  - Skipping MapperFactoryBean with name 'publishedRecordMapper' and 'com.czmz.mqtt.published.repository.PublishedRecordMapper' mapperInterface. Bean already defined with the same name!
===2019-12-24 08:09:02.187 WARN  org.mybatis.spring.mapper.ClassPathMapperScanner Line:44  - Skipping MapperFactoryBean with name 'subscribesRecordMapper' and 'com.czmz.mqtt.subscribes.repository.SubscribesRecordMapper' mapperInterface. Bean already defined with the same name!
===2019-12-24 08:09:02.187 WARN  org.mybatis.spring.mapper.ClassPathMapperScanner Line:44  - Skipping MapperFactoryBean with name 'userRecordMapper' and 'com.czmz.mqtt.userRecord.repository.UserRecordMapper' mapperInterface. Bean already defined with the same name!
===2019-12-24 08:09:04.583 WARN  com.alibaba.druid.pool.DruidDataSource Line:1238 - removeAbandoned is true, not use in production.
===2019-12-24 08:18:33.779 WARN  org.mybatis.spring.mapper.ClassPathMapperScanner Line:44  - Skipping MapperFactoryBean with name 'onlineRecordMapper' and 'com.czmz.mqtt.online.repository.OnlineRecordMapper' mapperInterface. Bean already defined with the same name!
===2019-12-24 08:18:33.780 WARN  org.mybatis.spring.mapper.ClassPathMapperScanner Line:44  - Skipping MapperFactoryBean with name 'publishedRecordMapper' and 'com.czmz.mqtt.published.repository.PublishedRecordMapper' mapperInterface. Bean already defined with the same name!
===2019-12-24 08:18:33.780 WARN  org.mybatis.spring.mapper.ClassPathMapperScanner Line:44  - Skipping MapperFactoryBean with name 'subscribesRecordMapper' and 'com.czmz.mqtt.subscribes.repository.SubscribesRecordMapper' mapperInterface. Bean already defined with the same name!
===2019-12-24 08:18:33.780 WARN  org.mybatis.spring.mapper.ClassPathMapperScanner Line:44  - Skipping MapperFactoryBean with name 'userRecordMapper' and 'com.czmz.mqtt.userRecord.repository.UserRecordMapper' mapperInterface. Bean already defined with the same name!
===2019-12-24 08:18:36.176 WARN  com.alibaba.druid.pool.DruidDataSource Line:1238 - removeAbandoned is true, not use in production.
===2019-12-24 08:23:33.856 WARN  org.mybatis.spring.mapper.ClassPathMapperScanner Line:44  - Skipping MapperFactoryBean with name 'onlineRecordMapper' and 'com.czmz.mqtt.online.repository.OnlineRecordMapper' mapperInterface. Bean already defined with the same name!
===2019-12-24 08:23:33.857 WARN  org.mybatis.spring.mapper.ClassPathMapperScanner Line:44  - Skipping MapperFactoryBean with name 'publishedRecordMapper' and 'com.czmz.mqtt.published.repository.PublishedRecordMapper' mapperInterface. Bean already defined with the same name!
===2019-12-24 08:23:33.858 WARN  org.mybatis.spring.mapper.ClassPathMapperScanner Line:44  - Skipping MapperFactoryBean with name 'subscribesRecordMapper' and 'com.czmz.mqtt.subscribes.repository.SubscribesRecordMapper' mapperInterface. Bean already defined with the same name!
===2019-12-24 08:23:33.858 WARN  org.mybatis.spring.mapper.ClassPathMapperScanner Line:44  - Skipping MapperFactoryBean with name 'userRecordMapper' and 'com.czmz.mqtt.userRecord.repository.UserRecordMapper' mapperInterface. Bean already defined with the same name!
===2019-12-24 08:23:36.078 WARN  com.alibaba.druid.pool.DruidDataSource Line:1238 - removeAbandoned is true, not use in production.
===2019-12-24 08:26:51.047 WARN  org.mybatis.spring.mapper.ClassPathMapperScanner Line:44  - Skipping MapperFactoryBean with name 'onlineRecordMapper' and 'com.czmz.mqtt.online.repository.OnlineRecordMapper' mapperInterface. Bean already defined with the same name!
===2019-12-24 08:26:51.048 WARN  org.mybatis.spring.mapper.ClassPathMapperScanner Line:44  - Skipping MapperFactoryBean with name 'publishedRecordMapper' and 'com.czmz.mqtt.published.repository.PublishedRecordMapper' mapperInterface. Bean already defined with the same name!
===2019-12-24 08:26:51.048 WARN  org.mybatis.spring.mapper.ClassPathMapperScanner Line:44  - Skipping MapperFactoryBean with name 'subscribesRecordMapper' and 'com.czmz.mqtt.subscribes.repository.SubscribesRecordMapper' mapperInterface. Bean already defined with the same name!
===2019-12-24 08:26:51.048 WARN  org.mybatis.spring.mapper.ClassPathMapperScanner Line:44  - Skipping MapperFactoryBean with name 'userRecordMapper' and 'com.czmz.mqtt.userRecord.repository.UserRecordMapper' mapperInterface. Bean already defined with the same name!
===2019-12-24 08:26:53.616 WARN  com.alibaba.druid.pool.DruidDataSource Line:1238 - removeAbandoned is true, not use in production.
===2019-12-24 08:28:02.407 WARN  org.mybatis.spring.mapper.ClassPathMapperScanner Line:44  - Skipping MapperFactoryBean with name 'onlineRecordMapper' and 'com.czmz.mqtt.online.repository.OnlineRecordMapper' mapperInterface. Bean already defined with the same name!
===2019-12-24 08:28:02.407 WARN  org.mybatis.spring.mapper.ClassPathMapperScanner Line:44  - Skipping MapperFactoryBean with name 'publishedRecordMapper' and 'com.czmz.mqtt.published.repository.PublishedRecordMapper' mapperInterface. Bean already defined with the same name!
===2019-12-24 08:28:02.407 WARN  org.mybatis.spring.mapper.ClassPathMapperScanner Line:44  - Skipping MapperFactoryBean with name 'subscribesRecordMapper' and 'com.czmz.mqtt.subscribes.repository.SubscribesRecordMapper' mapperInterface. Bean already defined with the same name!
===2019-12-24 08:28:02.408 WARN  org.mybatis.spring.mapper.ClassPathMapperScanner Line:44  - Skipping MapperFactoryBean with name 'userRecordMapper' and 'com.czmz.mqtt.userRecord.repository.UserRecordMapper' mapperInterface. Bean already defined with the same name!
===2019-12-24 08:28:04.577 WARN  com.alibaba.druid.pool.DruidDataSource Line:1238 - removeAbandoned is true, not use in production.
===2019-12-24 08:28:46.571 WARN  org.mybatis.spring.mapper.ClassPathMapperScanner Line:44  - Skipping MapperFactoryBean with name 'onlineRecordMapper' and 'com.czmz.mqtt.online.repository.OnlineRecordMapper' mapperInterface. Bean already defined with the same name!
===2019-12-24 08:28:46.572 WARN  org.mybatis.spring.mapper.ClassPathMapperScanner Line:44  - Skipping MapperFactoryBean with name 'publishedRecordMapper' and 'com.czmz.mqtt.published.repository.PublishedRecordMapper' mapperInterface. Bean already defined with the same name!
===2019-12-24 08:28:46.572 WARN  org.mybatis.spring.mapper.ClassPathMapperScanner Line:44  - Skipping MapperFactoryBean with name 'subscribesRecordMapper' and 'com.czmz.mqtt.subscribes.repository.SubscribesRecordMapper' mapperInterface. Bean already defined with the same name!
===2019-12-24 08:28:46.572 WARN  org.mybatis.spring.mapper.ClassPathMapperScanner Line:44  - Skipping MapperFactoryBean with name 'userRecordMapper' and 'com.czmz.mqtt.userRecord.repository.UserRecordMapper' mapperInterface. Bean already defined with the same name!
===2019-12-24 08:28:48.794 WARN  com.alibaba.druid.pool.DruidDataSource Line:1238 - removeAbandoned is true, not use in production.
===2019-12-24 08:31:39.265 WARN  org.mybatis.spring.mapper.ClassPathMapperScanner Line:44  - Skipping MapperFactoryBean with name 'onlineRecordMapper' and 'com.czmz.mqtt.online.repository.OnlineRecordMapper' mapperInterface. Bean already defined with the same name!
===2019-12-24 08:31:39.266 WARN  org.mybatis.spring.mapper.ClassPathMapperScanner Line:44  - Skipping MapperFactoryBean with name 'publishedRecordMapper' and 'com.czmz.mqtt.published.repository.PublishedRecordMapper' mapperInterface. Bean already defined with the same name!
===2019-12-24 08:31:39.267 WARN  org.mybatis.spring.mapper.ClassPathMapperScanner Line:44  - Skipping MapperFactoryBean with name 'subscribesRecordMapper' and 'com.czmz.mqtt.subscribes.repository.SubscribesRecordMapper' mapperInterface. Bean already defined with the same name!
===2019-12-24 08:31:39.267 WARN  org.mybatis.spring.mapper.ClassPathMapperScanner Line:44  - Skipping MapperFactoryBean with name 'userRecordMapper' and 'com.czmz.mqtt.userRecord.repository.UserRecordMapper' mapperInterface. Bean already defined with the same name!
===2019-12-24 08:31:42.102 WARN  com.alibaba.druid.pool.DruidDataSource Line:1238 - removeAbandoned is true, not use in production.
===2019-12-24 08:35:33.905 WARN  org.mybatis.spring.mapper.ClassPathMapperScanner Line:44  - Skipping MapperFactoryBean with name 'onlineRecordMapper' and 'com.czmz.mqtt.online.repository.OnlineRecordMapper' mapperInterface. Bean already defined with the same name!
===2019-12-24 08:35:33.905 WARN  org.mybatis.spring.mapper.ClassPathMapperScanner Line:44  - Skipping MapperFactoryBean with name 'publishedRecordMapper' and 'com.czmz.mqtt.published.repository.PublishedRecordMapper' mapperInterface. Bean already defined with the same name!
===2019-12-24 08:35:33.905 WARN  org.mybatis.spring.mapper.ClassPathMapperScanner Line:44  - Skipping MapperFactoryBean with name 'subscribesRecordMapper' and 'com.czmz.mqtt.subscribes.repository.SubscribesRecordMapper' mapperInterface. Bean already defined with the same name!
===2019-12-24 08:35:33.905 WARN  org.mybatis.spring.mapper.ClassPathMapperScanner Line:44  - Skipping MapperFactoryBean with name 'userRecordMapper' and 'com.czmz.mqtt.userRecord.repository.UserRecordMapper' mapperInterface. Bean already defined with the same name!
===2019-12-24 08:35:36.129 WARN  com.alibaba.druid.pool.DruidDataSource Line:1238 - removeAbandoned is true, not use in production.
===2019-12-24 08:39:47.138 WARN  org.mybatis.spring.mapper.ClassPathMapperScanner Line:44  - Skipping MapperFactoryBean with name 'onlineRecordMapper' and 'com.czmz.mqtt.online.repository.OnlineRecordMapper' mapperInterface. Bean already defined with the same name!
===2019-12-24 08:39:47.139 WARN  org.mybatis.spring.mapper.ClassPathMapperScanner Line:44  - Skipping MapperFactoryBean with name 'publishedRecordMapper' and 'com.czmz.mqtt.published.repository.PublishedRecordMapper' mapperInterface. Bean already defined with the same name!
===2019-12-24 08:39:47.139 WARN  org.mybatis.spring.mapper.ClassPathMapperScanner Line:44  - Skipping MapperFactoryBean with name 'subscribesRecordMapper' and 'com.czmz.mqtt.subscribes.repository.SubscribesRecordMapper' mapperInterface. Bean already defined with the same name!
===2019-12-24 08:39:47.139 WARN  org.mybatis.spring.mapper.ClassPathMapperScanner Line:44  - Skipping MapperFactoryBean with name 'userRecordMapper' and 'com.czmz.mqtt.userRecord.repository.UserRecordMapper' mapperInterface. Bean already defined with the same name!
===2019-12-24 08:39:49.908 WARN  com.alibaba.druid.pool.DruidDataSource Line:1238 - removeAbandoned is true, not use in production.
===2019-12-24 08:44:03.983 WARN  org.mybatis.spring.mapper.ClassPathMapperScanner Line:44  - Skipping MapperFactoryBean with name 'onlineRecordMapper' and 'com.czmz.mqtt.online.repository.OnlineRecordMapper' mapperInterface. Bean already defined with the same name!
===2019-12-24 08:44:03.984 WARN  org.mybatis.spring.mapper.ClassPathMapperScanner Line:44  - Skipping MapperFactoryBean with name 'publishedRecordMapper' and 'com.czmz.mqtt.published.repository.PublishedRecordMapper' mapperInterface. Bean already defined with the same name!
===2019-12-24 08:44:03.984 WARN  org.mybatis.spring.mapper.ClassPathMapperScanner Line:44  - Skipping MapperFactoryBean with name 'subscribesRecordMapper' and 'com.czmz.mqtt.subscribes.repository.SubscribesRecordMapper' mapperInterface. Bean already defined with the same name!
===2019-12-24 08:44:03.984 WARN  org.mybatis.spring.mapper.ClassPathMapperScanner Line:44  - Skipping MapperFactoryBean with name 'userRecordMapper' and 'com.czmz.mqtt.userRecord.repository.UserRecordMapper' mapperInterface. Bean already defined with the same name!
===2019-12-24 08:44:06.714 WARN  com.alibaba.druid.pool.DruidDataSource Line:1238 - removeAbandoned is true, not use in production.
===2019-12-24 09:21:50.953 WARN  org.mybatis.spring.mapper.ClassPathMapperScanner Line:44  - Skipping MapperFactoryBean with name 'onlineRecordMapper' and 'com.czmz.mqtt.online.repository.OnlineRecordMapper' mapperInterface. Bean already defined with the same name!
===2019-12-24 09:21:50.953 WARN  org.mybatis.spring.mapper.ClassPathMapperScanner Line:44  - Skipping MapperFactoryBean with name 'publishedRecordMapper' and 'com.czmz.mqtt.published.repository.PublishedRecordMapper' mapperInterface. Bean already defined with the same name!
===2019-12-24 09:21:50.954 WARN  org.mybatis.spring.mapper.ClassPathMapperScanner Line:44  - Skipping MapperFactoryBean with name 'subscribesRecordMapper' and 'com.czmz.mqtt.subscribes.repository.SubscribesRecordMapper' mapperInterface. Bean already defined with the same name!
===2019-12-24 09:21:50.954 WARN  org.mybatis.spring.mapper.ClassPathMapperScanner Line:44  - Skipping MapperFactoryBean with name 'userRecordMapper' and 'com.czmz.mqtt.userRecord.repository.UserRecordMapper' mapperInterface. Bean already defined with the same name!
===2019-12-24 09:21:53.179 WARN  com.alibaba.druid.pool.DruidDataSource Line:1238 - removeAbandoned is true, not use in production.
===2019-12-24 14:21:23.751 WARN  org.mybatis.spring.mapper.ClassPathMapperScanner Line:44  - Skipping MapperFactoryBean with name 'onlineRecordMapper' and 'com.czmz.mqtt.online.repository.OnlineRecordMapper' mapperInterface. Bean already defined with the same name!
===2019-12-24 14:21:23.752 WARN  org.mybatis.spring.mapper.ClassPathMapperScanner Line:44  - Skipping MapperFactoryBean with name 'publishedRecordMapper' and 'com.czmz.mqtt.published.repository.PublishedRecordMapper' mapperInterface. Bean already defined with the same name!
===2019-12-24 14:21:23.753 WARN  org.mybatis.spring.mapper.ClassPathMapperScanner Line:44  - Skipping MapperFactoryBean with name 'subscribesRecordMapper' and 'com.czmz.mqtt.subscribes.repository.SubscribesRecordMapper' mapperInterface. Bean already defined with the same name!
===2019-12-24 14:21:23.753 WARN  org.mybatis.spring.mapper.ClassPathMapperScanner Line:44  - Skipping MapperFactoryBean with name 'userRecordMapper' and 'com.czmz.mqtt.userRecord.repository.UserRecordMapper' mapperInterface. Bean already defined with the same name!
===2019-12-24 14:21:26.644 WARN  com.alibaba.druid.pool.DruidDataSource Line:1238 - removeAbandoned is true, not use in production.
