===2019-12-23 15:11:12.685 WARN  org.mybatis.spring.mapper.ClassPathMapperScanner Line:44  - Skipping MapperFactoryBean with name 'onlineRecordMapper' and 'com.czmz.mqtt.online.repository.OnlineRecordMapper' mapperInterface. Bean already defined with the same name!
===2019-12-23 15:11:12.686 WARN  org.mybatis.spring.mapper.ClassPathMapperScanner Line:44  - Skipping MapperFactoryBean with name 'publishedRecordMapper' and 'com.czmz.mqtt.published.repository.PublishedRecordMapper' mapperInterface. Bean already defined with the same name!
===2019-12-23 15:11:12.686 WARN  org.mybatis.spring.mapper.ClassPathMapperScanner Line:44  - Skipping MapperFactoryBean with name 'subscribesRecordMapper' and 'com.czmz.mqtt.subscribes.repository.SubscribesRecordMapper' mapperInterface. Bean already defined with the same name!
===2019-12-23 15:11:12.686 WARN  org.mybatis.spring.mapper.ClassPathMapperScanner Line:44  - Skipping MapperFactoryBean with name 'userRecordMapper' and 'com.czmz.mqtt.userRecord.repository.UserRecordMapper' mapperInterface. Bean already defined with the same name!
===2019-12-23 15:11:15.957 WARN  com.alibaba.druid.pool.DruidDataSource Line:1238 - removeAbandoned is true, not use in production.
===2019-12-23 15:50:03.302 WARN  org.mybatis.spring.mapper.ClassPathMapperScanner Line:44  - Skipping MapperFactoryBean with name 'onlineRecordMapper' and 'com.czmz.mqtt.online.repository.OnlineRecordMapper' mapperInterface. Bean already defined with the same name!
===2019-12-23 15:50:03.304 WARN  org.mybatis.spring.mapper.ClassPathMapperScanner Line:44  - Skipping MapperFactoryBean with name 'publishedRecordMapper' and 'com.czmz.mqtt.published.repository.PublishedRecordMapper' mapperInterface. Bean already defined with the same name!
===2019-12-23 15:50:03.304 WARN  org.mybatis.spring.mapper.ClassPathMapperScanner Line:44  - Skipping MapperFactoryBean with name 'subscribesRecordMapper' and 'com.czmz.mqtt.subscribes.repository.SubscribesRecordMapper' mapperInterface. Bean already defined with the same name!
===2019-12-23 15:50:03.304 WARN  org.mybatis.spring.mapper.ClassPathMapperScanner Line:44  - Skipping MapperFactoryBean with name 'userRecordMapper' and 'com.czmz.mqtt.userRecord.repository.UserRecordMapper' mapperInterface. Bean already defined with the same name!
===2019-12-23 15:50:06.336 WARN  com.alibaba.druid.pool.DruidDataSource Line:1238 - removeAbandoned is true, not use in production.
===2019-12-23 16:46:19.184 WARN  org.mybatis.spring.mapper.ClassPathMapperScanner Line:44  - Skipping MapperFactoryBean with name 'onlineRecordMapper' and 'com.czmz.mqtt.online.repository.OnlineRecordMapper' mapperInterface. Bean already defined with the same name!
===2019-12-23 16:46:19.184 WARN  org.mybatis.spring.mapper.ClassPathMapperScanner Line:44  - Skipping MapperFactoryBean with name 'publishedRecordMapper' and 'com.czmz.mqtt.published.repository.PublishedRecordMapper' mapperInterface. Bean already defined with the same name!
===2019-12-23 16:46:19.184 WARN  org.mybatis.spring.mapper.ClassPathMapperScanner Line:44  - Skipping MapperFactoryBean with name 'subscribesRecordMapper' and 'com.czmz.mqtt.subscribes.repository.SubscribesRecordMapper' mapperInterface. Bean already defined with the same name!
===2019-12-23 16:46:19.185 WARN  org.mybatis.spring.mapper.ClassPathMapperScanner Line:44  - Skipping MapperFactoryBean with name 'userRecordMapper' and 'com.czmz.mqtt.userRecord.repository.UserRecordMapper' mapperInterface. Bean already defined with the same name!
===2019-12-23 16:46:21.598 WARN  com.alibaba.druid.pool.DruidDataSource Line:1238 - removeAbandoned is true, not use in production.
===2019-12-23 16:46:24.031 WARN  org.springframework.boot.context.embedded.AnnotationConfigEmbeddedWebApplicationContext Line:551 - Exception encountered during context initialization - cancelling refresh attempt: org.springframework.beans.factory.UnsatisfiedDependencyException: Error creating bean with name 'documentationPluginsBootstrapper' defined in URL [jar:file:/Users/gpu/.m2/repository/io/springfox/springfox-spring-web/2.7.0/springfox-spring-web-2.7.0.jar!/springfox/documentation/spring/web/plugins/DocumentationPluginsBootstrapper.class]: Unsatisfied dependency expressed through constructor parameter 1; nested exception is org.springframework.beans.factory.UnsatisfiedDependencyException: Error creating bean with name 'webMvcRequestHandlerProvider' defined in URL [jar:file:/Users/gpu/.m2/repository/io/springfox/springfox-spring-web/2.7.0/springfox-spring-web-2.7.0.jar!/springfox/documentation/spring/web/plugins/WebMvcRequestHandlerProvider.class]: Unsatisfied dependency expressed through constructor parameter 0; nested exception is org.springframework.beans.factory.BeanCreationException: Error creating bean with name 'requestMappingHandlerMapping' defined in class path resource [com/czmz/mqtt/config/Swagger2Config.class]: Invocation of init method failed; nested exception is java.lang.IllegalStateException: Ambiguous mapping. Cannot map 'deviceTypeRecordController' method 
com.alibaba.fastjson.JSONObject com.czmz.mqtt.deviceType.controller.DeviceTypeRecordController.updateType(com.czmz.mqtt.deviceType.entity.DeviceTypeRecord)
to {[/device/updateType],methods=[POST]}: There is already 'deviceTypeRecordController' bean method
com.alibaba.fastjson.JSONObject com.czmz.mqtt.deviceType.controller.DeviceTypeRecordController.updateDevice(com.czmz.mqtt.deviceType.entity.DeviceTypeRecord) mapped.
===2019-12-23 16:47:43.278 WARN  org.mybatis.spring.mapper.ClassPathMapperScanner Line:44  - Skipping MapperFactoryBean with name 'onlineRecordMapper' and 'com.czmz.mqtt.online.repository.OnlineRecordMapper' mapperInterface. Bean already defined with the same name!
===2019-12-23 16:47:43.281 WARN  org.mybatis.spring.mapper.ClassPathMapperScanner Line:44  - Skipping MapperFactoryBean with name 'publishedRecordMapper' and 'com.czmz.mqtt.published.repository.PublishedRecordMapper' mapperInterface. Bean already defined with the same name!
===2019-12-23 16:47:43.283 WARN  org.mybatis.spring.mapper.ClassPathMapperScanner Line:44  - Skipping MapperFactoryBean with name 'subscribesRecordMapper' and 'com.czmz.mqtt.subscribes.repository.SubscribesRecordMapper' mapperInterface. Bean already defined with the same name!
===2019-12-23 16:47:43.285 WARN  org.mybatis.spring.mapper.ClassPathMapperScanner Line:44  - Skipping MapperFactoryBean with name 'userRecordMapper' and 'com.czmz.mqtt.userRecord.repository.UserRecordMapper' mapperInterface. Bean already defined with the same name!
===2019-12-23 16:47:47.365 WARN  com.alibaba.druid.pool.DruidDataSource Line:1238 - removeAbandoned is true, not use in production.
===2019-12-23 16:52:56.827 WARN  org.mybatis.spring.mapper.ClassPathMapperScanner Line:44  - Skipping MapperFactoryBean with name 'onlineRecordMapper' and 'com.czmz.mqtt.online.repository.OnlineRecordMapper' mapperInterface. Bean already defined with the same name!
===2019-12-23 16:52:56.828 WARN  org.mybatis.spring.mapper.ClassPathMapperScanner Line:44  - Skipping MapperFactoryBean with name 'publishedRecordMapper' and 'com.czmz.mqtt.published.repository.PublishedRecordMapper' mapperInterface. Bean already defined with the same name!
===2019-12-23 16:52:56.828 WARN  org.mybatis.spring.mapper.ClassPathMapperScanner Line:44  - Skipping MapperFactoryBean with name 'subscribesRecordMapper' and 'com.czmz.mqtt.subscribes.repository.SubscribesRecordMapper' mapperInterface. Bean already defined with the same name!
===2019-12-23 16:52:56.829 WARN  org.mybatis.spring.mapper.ClassPathMapperScanner Line:44  - Skipping MapperFactoryBean with name 'userRecordMapper' and 'com.czmz.mqtt.userRecord.repository.UserRecordMapper' mapperInterface. Bean already defined with the same name!
===2019-12-23 16:52:59.214 WARN  com.alibaba.druid.pool.DruidDataSource Line:1238 - removeAbandoned is true, not use in production.
===2019-12-23 17:20:05.133 WARN  org.mybatis.spring.mapper.ClassPathMapperScanner Line:44  - Skipping MapperFactoryBean with name 'onlineRecordMapper' and 'com.czmz.mqtt.online.repository.OnlineRecordMapper' mapperInterface. Bean already defined with the same name!
===2019-12-23 17:20:05.134 WARN  org.mybatis.spring.mapper.ClassPathMapperScanner Line:44  - Skipping MapperFactoryBean with name 'publishedRecordMapper' and 'com.czmz.mqtt.published.repository.PublishedRecordMapper' mapperInterface. Bean already defined with the same name!
===2019-12-23 17:20:05.134 WARN  org.mybatis.spring.mapper.ClassPathMapperScanner Line:44  - Skipping MapperFactoryBean with name 'subscribesRecordMapper' and 'com.czmz.mqtt.subscribes.repository.SubscribesRecordMapper' mapperInterface. Bean already defined with the same name!
===2019-12-23 17:20:05.135 WARN  org.mybatis.spring.mapper.ClassPathMapperScanner Line:44  - Skipping MapperFactoryBean with name 'userRecordMapper' and 'com.czmz.mqtt.userRecord.repository.UserRecordMapper' mapperInterface. Bean already defined with the same name!
===2019-12-23 17:20:07.444 WARN  com.alibaba.druid.pool.DruidDataSource Line:1238 - removeAbandoned is true, not use in production.
===2019-12-23 17:26:07.369 WARN  org.mybatis.spring.mapper.ClassPathMapperScanner Line:44  - Skipping MapperFactoryBean with name 'onlineRecordMapper' and 'com.czmz.mqtt.online.repository.OnlineRecordMapper' mapperInterface. Bean already defined with the same name!
===2019-12-23 17:26:07.370 WARN  org.mybatis.spring.mapper.ClassPathMapperScanner Line:44  - Skipping MapperFactoryBean with name 'publishedRecordMapper' and 'com.czmz.mqtt.published.repository.PublishedRecordMapper' mapperInterface. Bean already defined with the same name!
===2019-12-23 17:26:07.371 WARN  org.mybatis.spring.mapper.ClassPathMapperScanner Line:44  - Skipping MapperFactoryBean with name 'subscribesRecordMapper' and 'com.czmz.mqtt.subscribes.repository.SubscribesRecordMapper' mapperInterface. Bean already defined with the same name!
===2019-12-23 17:26:07.371 WARN  org.mybatis.spring.mapper.ClassPathMapperScanner Line:44  - Skipping MapperFactoryBean with name 'userRecordMapper' and 'com.czmz.mqtt.userRecord.repository.UserRecordMapper' mapperInterface. Bean already defined with the same name!
===2019-12-23 17:26:11.813 WARN  com.alibaba.druid.pool.DruidDataSource Line:1238 - removeAbandoned is true, not use in production.
===2019-12-23 17:30:56.375 WARN  org.mybatis.spring.mapper.ClassPathMapperScanner Line:44  - Skipping MapperFactoryBean with name 'onlineRecordMapper' and 'com.czmz.mqtt.online.repository.OnlineRecordMapper' mapperInterface. Bean already defined with the same name!
===2019-12-23 17:30:56.377 WARN  org.mybatis.spring.mapper.ClassPathMapperScanner Line:44  - Skipping MapperFactoryBean with name 'publishedRecordMapper' and 'com.czmz.mqtt.published.repository.PublishedRecordMapper' mapperInterface. Bean already defined with the same name!
===2019-12-23 17:30:56.377 WARN  org.mybatis.spring.mapper.ClassPathMapperScanner Line:44  - Skipping MapperFactoryBean with name 'subscribesRecordMapper' and 'com.czmz.mqtt.subscribes.repository.SubscribesRecordMapper' mapperInterface. Bean already defined with the same name!
===2019-12-23 17:30:56.377 WARN  org.mybatis.spring.mapper.ClassPathMapperScanner Line:44  - Skipping MapperFactoryBean with name 'userRecordMapper' and 'com.czmz.mqtt.userRecord.repository.UserRecordMapper' mapperInterface. Bean already defined with the same name!
===2019-12-23 17:31:00.452 WARN  com.alibaba.druid.pool.DruidDataSource Line:1238 - removeAbandoned is true, not use in production.
